<?xml version="1.0" encoding="UTF-8"?>
<testsuite xmlns:xsi="http://www.w3.org/2001/XMLSchema-instance" xsi:noNamespaceSchemaLocation="https://maven.apache.org/surefire/maven-surefire-plugin/xsd/surefire-test-report-3.0.xsd" version="3.0" name="TestSuite" time="58.7" tests="15" errors="0" skipped="0" failures="7">
  <properties>
[...]
</properties>
  <testcase name="verifyGetCurrentAirPollutionByLocationWashingtonDc" classname="com.solvd.carinatestautomation.api.CurrentAirPollutionTest" time="1.601">
    <failure message="list[0].components.no&#10;Value type &apos;Integer&apos; doesn&apos;t match to expected type &apos;Double&apos;&#10;" type="java.lang.AssertionError"><![CDATA[java.lang.AssertionError: 
list[0].components.no
Value type 'Integer' doesn't match to expected type 'Double'

	at org.skyscreamer.jsonassert.JSONAssert.assertEquals(JSONAssert.java:482)
	at org.skyscreamer.jsonassert.JSONAssert.assertEquals(JSONAssert.java:464)
	at com.zebrunner.carina.api.AbstractApiMethodV2.validateResponse(AbstractApiMethodV2.java:339)
	at com.zebrunner.carina.api.AbstractApiMethodV2.validateResponse(AbstractApiMethodV2.java:299)
	at com.zebrunner.carina.api.AbstractApiMethodV2.validateResponse(AbstractApiMethodV2.java:363)
	at com.solvd.carinatestautomation.api.CurrentAirPollutionTest.verifyGetCurrentAirPollutionByLocationWashingtonDc(CurrentAirPollutionTest.java:15)
	at java.base/jdk.internal.reflect.NativeMethodAccessorImpl.invoke0(Native Method)
	at java.base/jdk.internal.reflect.NativeMethodAccessorImpl.invoke(NativeMethodAccessorImpl.java:62)
	at java.base/jdk.internal.reflect.DelegatingMethodAccessorImpl.invoke(DelegatingMethodAccessorImpl.java:43)
	at java.base/java.lang.reflect.Method.invoke(Method.java:566)
	at org.testng.internal.invokers.MethodInvocationHelper.invokeMethod(MethodInvocationHelper.java:139)
	at org.testng.internal.invokers.TestInvoker.invokeMethod(TestInvoker.java:664)
	at org.testng.internal.invokers.TestInvoker.invokeTestMethod(TestInvoker.java:228)
	at org.testng.internal.invokers.MethodRunner.runInSequence(MethodRunner.java:63)
	at org.testng.internal.invokers.TestInvoker$MethodInvocationAgent.invoke(TestInvoker.java:961)
	at org.testng.internal.invokers.TestInvoker.invokeTestMethods(TestInvoker.java:201)
	at org.testng.internal.invokers.TestMethodWorker.invokeTestMethods(TestMethodWorker.java:148)
	at org.testng.internal.invokers.TestMethodWorker.run(TestMethodWorker.java:128)
	at java.base/java.util.ArrayList.forEach(ArrayList.java:1541)
	at org.testng.TestRunner.privateRun(TestRunner.java:819)
	at org.testng.TestRunner.run(TestRunner.java:619)
	at org.testng.SuiteRunner.runTest(SuiteRunner.java:443)
	at org.testng.SuiteRunner.runSequentially(SuiteRunner.java:437)
	at org.testng.SuiteRunner.privateRun(SuiteRunner.java:397)
	at org.testng.SuiteRunner.run(SuiteRunner.java:336)
	at org.testng.SuiteRunnerWorker.runSuite(SuiteRunnerWorker.java:52)
	at org.testng.SuiteRunnerWorker.run(SuiteRunnerWorker.java:95)
	at org.testng.TestNG.runSuitesSequentially(TestNG.java:1301)
	at org.testng.TestNG.runSuitesLocally(TestNG.java:1228)
	at org.testng.TestNG.runSuites(TestNG.java:1134)
	at org.testng.TestNG.run(TestNG.java:1101)
	at org.apache.maven.surefire.testng.TestNGExecutor.run(TestNGExecutor.java:155)
	at org.apache.maven.surefire.testng.TestNGDirectoryTestSuite.executeMulti(TestNGDirectoryTestSuite.java:169)
	at org.apache.maven.surefire.testng.TestNGDirectoryTestSuite.execute(TestNGDirectoryTestSuite.java:88)
	at org.apache.maven.surefire.testng.TestNGProvider.invoke(TestNGProvider.java:137)
	at org.apache.maven.surefire.booter.ForkedBooter.runSuitesInProcess(ForkedBooter.java:385)
	at org.apache.maven.surefire.booter.ForkedBooter.execute(ForkedBooter.java:162)
	at org.apache.maven.surefire.booter.ForkedBooter.run(ForkedBooter.java:507)
	at org.apache.maven.surefire.booter.ForkedBooter.main(ForkedBooter.java:495)
]]></failure>
    <system-out><![CDATA[2024-02-09 03:06:12 CarinaListener [main] [INFO] 
=========== WebDriver configuration ===========
browser=chrome
selenium_url=http://localhost:4444/wd/hub
-------------- Driver capabilities ------------
===============================================

2024-02-09 03:06:12 TestRunRegistrar [main-1] [WARN] Reporting disabled: using no op test run registrar
2024-02-09 03:06:13 CarinaListener [main-1] [INFO] Set thread-count=1
2024-02-09 03:06:13 CarinaListener [main-1] [INFO] Set data-provider-thread-count=1
2024-02-09 03:06:13 CarinaListener [main-1] [INFO] CARINA_CORE_VERSION: 1.2.6
2024-02-09 03:06:13 TestRunRegistrar [main-1] [WARN] Reporting disabled: using no op test run registrar
2024-02-09 03:06:13 Messager [main-1] [INFO] TEST [Surefire test - verifyGetCurrentAirPollutionByLocationWashingtonDc] STARTED at [03:06:13 2024-02-09]
2024-02-09 03:06:14 AbstractApiMethod [main-1] [INFO] Request method:	GET
Request URI:	https://api.openweathermap.org/data/2.5/air_pollution?lat=38.8951&lon=-77.0364&appid=0cd24b47cec1357b9a0cc9df9f565e02
Request params:	<none>
Query params:	<none>
Form params:	<none>
Path params:	<none>
Multiparts:		<none>
Cookies:		<none>
Headers:		Accept=*/*
				Content-Type=application/json; charset=UTF-8
Body:			<none>
HTTP/1.1 200 OK
Server: openresty
Date: Fri, 09 Feb 2024 08:06:14 GMT
Content-Type: application/json; charset=utf-8
Content-Length: 190
Connection: keep-alive
X-Cache-Key: /data/2.5/air_pollution?lat=38.9&lon=-77.04
Access-Control-Allow-Origin: *
Access-Control-Allow-Credentials: true
Access-Control-Allow-Methods: GET, POST

{
    "coord": {
        "lon": -77.0364,
        "lat": 38.8951
    },
    "list": [
        {
            "main": {
                "aqi": 2
            },
            "components": {
                "co": 340.46,
                "no": 0,
                "no2": 17.14,
                "o3": 56.51,
                "so2": 2.33,
                "pm2_5": 17.94,
                "pm10": 20.01,
                "nh3": 0.25
            },
            "dt": 1707465464
        }
    ]
}

2024-02-09 03:06:15 Messager [main-1] [ERROR] TEST [Surefire test - verifyGetCurrentAirPollutionByLocationWashingtonDc] FAILED at [03:06:15 2024-02-09] - list[0].components.no
Value type 'Integer' doesn't match to expected type 'Double'


org.skyscreamer.jsonassert.JSONAssert.assertEquals(JSONAssert.java:482)
org.skyscreamer.jsonassert.JSONAssert.assertEquals(JSONAssert.java:464)
com.zebrunner.carina.api.AbstractApiMethodV2.validateResponse(AbstractApiMethodV2.java:339)
com.zebrunner.carina.api.AbstractApiMethodV2.validateResponse(AbstractApiMethodV2.java:299)
com.zebrunner.carina.api.AbstractApiMethodV2.validateResponse(AbstractApiMethodV2.java:363)
com.solvd.carinatestautomation.api.CurrentAirPollutionTest.verifyGetCurrentAirPollutionByLocationWashingtonDc(CurrentAirPollutionTest.java:15)
java.base/jdk.internal.reflect.NativeMethodAccessorImpl.invoke0(Native Method)
java.base/jdk.internal.reflect.NativeMethodAccessorImpl.invoke(NativeMethodAccessorImpl.java:62)
java.base/jdk.internal.reflect.DelegatingMethodAccessorImpl.invoke(DelegatingMethodAccessorImpl.java:43)
java.base/java.lang.reflect.Method.invoke(Method.java:566)
org.testng.internal.invokers.MethodInvocationHelper.invokeMethod(MethodInvocationHelper.java:139)
org.testng.internal.invokers.TestInvoker.invokeMethod(TestInvoker.java:664)
org.testng.internal.invokers.TestInvoker.invokeTestMethod(TestInvoker.java:228)
org.testng.internal.invokers.MethodRunner.runInSequence(MethodRunner.java:63)
org.testng.internal.invokers.TestInvoker$MethodInvocationAgent.invoke(TestInvoker.java:961)
org.testng.internal.invokers.TestInvoker.invokeTestMethods(TestInvoker.java:201)
org.testng.internal.invokers.TestMethodWorker.invokeTestMethods(TestMethodWorker.java:148)
org.testng.internal.invokers.TestMethodWorker.run(TestMethodWorker.java:128)
java.base/java.util.ArrayList.forEach(ArrayList.java:1541)
org.testng.TestRunner.privateRun(TestRunner.java:819)
org.testng.TestRunner.run(TestRunner.java:619)
org.testng.SuiteRunner.runTest(SuiteRunner.java:443)
org.testng.SuiteRunner.runSequentially(SuiteRunner.java:437)
org.testng.SuiteRunner.privateRun(SuiteRunner.java:397)
org.testng.SuiteRunner.run(SuiteRunner.java:336)
org.testng.SuiteRunnerWorker.runSuite(SuiteRunnerWorker.java:52)
org.testng.SuiteRunnerWorker.run(SuiteRunnerWorker.java:95)
org.testng.TestNG.runSuitesSequentially(TestNG.java:1301)
org.testng.TestNG.runSuitesLocally(TestNG.java:1228)
org.testng.TestNG.runSuites(TestNG.java:1134)
org.testng.TestNG.run(TestNG.java:1101)
org.apache.maven.surefire.testng.TestNGExecutor.run(TestNGExecutor.java:155)
org.apache.maven.surefire.testng.TestNGDirectoryTestSuite.executeMulti(TestNGDirectoryTestSuite.java:169)
org.apache.maven.surefire.testng.TestNGDirectoryTestSuite.execute(TestNGDirectoryTestSuite.java:88)
org.apache.maven.surefire.testng.TestNGProvider.invoke(TestNGProvider.java:137)
org.apache.maven.surefire.booter.ForkedBooter.runSuitesInProcess(ForkedBooter.java:385)
org.apache.maven.surefire.booter.ForkedBooter.execute(ForkedBooter.java:162)
org.apache.maven.surefire.booter.ForkedBooter.run(ForkedBooter.java:507)
org.apache.maven.surefire.booter.ForkedBooter.main(ForkedBooter.java:495)
]]></system-out>
  </testcase>
  <testcase name="verifyGetCurrentWeatherByLocationAtlanta" classname="com.solvd.carinatestautomation.api.CurrentWeatherTest" time="0.344">
    <failure message="wind.speed&#10;Value type &apos;Integer&apos; doesn&apos;t match to expected type &apos;Double&apos;&#10;" type="java.lang.AssertionError"><![CDATA[java.lang.AssertionError: 
wind.speed
Value type 'Integer' doesn't match to expected type 'Double'

	at org.skyscreamer.jsonassert.JSONAssert.assertEquals(JSONAssert.java:482)
	at org.skyscreamer.jsonassert.JSONAssert.assertEquals(JSONAssert.java:464)
	at com.zebrunner.carina.api.AbstractApiMethodV2.validateResponse(AbstractApiMethodV2.java:339)
	at com.zebrunner.carina.api.AbstractApiMethodV2.validateResponse(AbstractApiMethodV2.java:299)
	at com.zebrunner.carina.api.AbstractApiMethodV2.validateResponse(AbstractApiMethodV2.java:363)
	at com.solvd.carinatestautomation.api.CurrentWeatherTest.verifyGetCurrentWeatherByLocationAtlanta(CurrentWeatherTest.java:58)
	at java.base/jdk.internal.reflect.NativeMethodAccessorImpl.invoke0(Native Method)
	at java.base/jdk.internal.reflect.NativeMethodAccessorImpl.invoke(NativeMethodAccessorImpl.java:62)
	at java.base/jdk.internal.reflect.DelegatingMethodAccessorImpl.invoke(DelegatingMethodAccessorImpl.java:43)
	at java.base/java.lang.reflect.Method.invoke(Method.java:566)
	at org.testng.internal.invokers.MethodInvocationHelper.invokeMethod(MethodInvocationHelper.java:139)
	at org.testng.internal.invokers.TestInvoker.invokeMethod(TestInvoker.java:664)
	at org.testng.internal.invokers.TestInvoker.invokeTestMethod(TestInvoker.java:228)
	at org.testng.internal.invokers.MethodRunner.runInSequence(MethodRunner.java:63)
	at org.testng.internal.invokers.TestInvoker$MethodInvocationAgent.invoke(TestInvoker.java:961)
	at org.testng.internal.invokers.TestInvoker.invokeTestMethods(TestInvoker.java:201)
	at org.testng.internal.invokers.TestMethodWorker.invokeTestMethods(TestMethodWorker.java:148)
	at org.testng.internal.invokers.TestMethodWorker.run(TestMethodWorker.java:128)
	at java.base/java.util.ArrayList.forEach(ArrayList.java:1541)
	at org.testng.TestRunner.privateRun(TestRunner.java:819)
	at org.testng.TestRunner.run(TestRunner.java:619)
	at org.testng.SuiteRunner.runTest(SuiteRunner.java:443)
	at org.testng.SuiteRunner.runSequentially(SuiteRunner.java:437)
	at org.testng.SuiteRunner.privateRun(SuiteRunner.java:397)
	at org.testng.SuiteRunner.run(SuiteRunner.java:336)
	at org.testng.SuiteRunnerWorker.runSuite(SuiteRunnerWorker.java:52)
	at org.testng.SuiteRunnerWorker.run(SuiteRunnerWorker.java:95)
	at org.testng.TestNG.runSuitesSequentially(TestNG.java:1301)
	at org.testng.TestNG.runSuitesLocally(TestNG.java:1228)
	at org.testng.TestNG.runSuites(TestNG.java:1134)
	at org.testng.TestNG.run(TestNG.java:1101)
	at org.apache.maven.surefire.testng.TestNGExecutor.run(TestNGExecutor.java:155)
	at org.apache.maven.surefire.testng.TestNGDirectoryTestSuite.executeMulti(TestNGDirectoryTestSuite.java:169)
	at org.apache.maven.surefire.testng.TestNGDirectoryTestSuite.execute(TestNGDirectoryTestSuite.java:88)
	at org.apache.maven.surefire.testng.TestNGProvider.invoke(TestNGProvider.java:137)
	at org.apache.maven.surefire.booter.ForkedBooter.runSuitesInProcess(ForkedBooter.java:385)
	at org.apache.maven.surefire.booter.ForkedBooter.execute(ForkedBooter.java:162)
	at org.apache.maven.surefire.booter.ForkedBooter.run(ForkedBooter.java:507)
	at org.apache.maven.surefire.booter.ForkedBooter.main(ForkedBooter.java:495)
]]></failure>
    <system-out><![CDATA[2024-02-09 03:06:15 TestRunRegistrar [main-1] [WARN] Reporting disabled: using no op test run registrar
2024-02-09 03:06:15 Messager [main-1] [INFO] TEST [Surefire test - verifyGetCurrentWeatherByLocationAtlanta] STARTED at [03:06:15 2024-02-09]
2024-02-09 03:06:15 AbstractApiMethod [main-1] [INFO] Request method:	GET
Request URI:	https://api.openweathermap.org/data/2.5/weather?lat=33.753746&lon=-84.38633&appid=0cd24b47cec1357b9a0cc9df9f565e02
Request params:	<none>
Query params:	<none>
Form params:	<none>
Path params:	<none>
Multiparts:		<none>
Cookies:		<none>
Headers:		Accept=*/*
				Content-Type=application/json; charset=UTF-8
Body:			<none>
HTTP/1.1 200 OK
Server: openresty
Date: Fri, 09 Feb 2024 08:06:14 GMT
Content-Type: application/json; charset=utf-8
Content-Length: 467
Connection: keep-alive
X-Cache-Key: /data/2.5/weather?lat=33.75&lon=-84.39
Access-Control-Allow-Origin: *
Access-Control-Allow-Credentials: true
Access-Control-Allow-Methods: GET, POST

{
    "coord": {
        "lon": -84.388,
        "lat": 33.749
    },
    "weather": [
        {
            "id": 800,
            "main": "Clear",
            "description": "clear sky",
            "icon": "01n"
        }
    ],
    "base": "stations",
    "main": {
        "temp": 280.52,
        "feels_like": 280.52,
        "temp_min": 278.75,
        "temp_max": 281.89,
        "pressure": 1023,
        "humidity": 66
    },
    "visibility": 10000,
    "wind": {
        "speed": 0,
        "deg": 0
    },
    "clouds": {
        "all": 0
    },
    "dt": 1707465828,
    "sys": {
        "type": 2,
        "id": 2006620,
        "country": "US",
        "sunrise": 1707481693,
        "sunset": 1707520523
    },
    "timezone": -18000,
    "id": 4180439,
    "name": "Atlanta",
    "cod": 200
}

2024-02-09 03:06:15 Messager [main-1] [ERROR] TEST [Surefire test - verifyGetCurrentWeatherByLocationAtlanta] FAILED at [03:06:15 2024-02-09] - wind.speed
Value type 'Integer' doesn't match to expected type 'Double'


org.skyscreamer.jsonassert.JSONAssert.assertEquals(JSONAssert.java:482)
org.skyscreamer.jsonassert.JSONAssert.assertEquals(JSONAssert.java:464)
com.zebrunner.carina.api.AbstractApiMethodV2.validateResponse(AbstractApiMethodV2.java:339)
com.zebrunner.carina.api.AbstractApiMethodV2.validateResponse(AbstractApiMethodV2.java:299)
com.zebrunner.carina.api.AbstractApiMethodV2.validateResponse(AbstractApiMethodV2.java:363)
com.solvd.carinatestautomation.api.CurrentWeatherTest.verifyGetCurrentWeatherByLocationAtlanta(CurrentWeatherTest.java:58)
java.base/jdk.internal.reflect.NativeMethodAccessorImpl.invoke0(Native Method)
java.base/jdk.internal.reflect.NativeMethodAccessorImpl.invoke(NativeMethodAccessorImpl.java:62)
java.base/jdk.internal.reflect.DelegatingMethodAccessorImpl.invoke(DelegatingMethodAccessorImpl.java:43)
java.base/java.lang.reflect.Method.invoke(Method.java:566)
org.testng.internal.invokers.MethodInvocationHelper.invokeMethod(MethodInvocationHelper.java:139)
org.testng.internal.invokers.TestInvoker.invokeMethod(TestInvoker.java:664)
org.testng.internal.invokers.TestInvoker.invokeTestMethod(TestInvoker.java:228)
org.testng.internal.invokers.MethodRunner.runInSequence(MethodRunner.java:63)
org.testng.internal.invokers.TestInvoker$MethodInvocationAgent.invoke(TestInvoker.java:961)
org.testng.internal.invokers.TestInvoker.invokeTestMethods(TestInvoker.java:201)
org.testng.internal.invokers.TestMethodWorker.invokeTestMethods(TestMethodWorker.java:148)
org.testng.internal.invokers.TestMethodWorker.run(TestMethodWorker.java:128)
java.base/java.util.ArrayList.forEach(ArrayList.java:1541)
org.testng.TestRunner.privateRun(TestRunner.java:819)
org.testng.TestRunner.run(TestRunner.java:619)
org.testng.SuiteRunner.runTest(SuiteRunner.java:443)
org.testng.SuiteRunner.runSequentially(SuiteRunner.java:437)
org.testng.SuiteRunner.privateRun(SuiteRunner.java:397)
org.testng.SuiteRunner.run(SuiteRunner.java:336)
org.testng.SuiteRunnerWorker.runSuite(SuiteRunnerWorker.java:52)
org.testng.SuiteRunnerWorker.run(SuiteRunnerWorker.java:95)
org.testng.TestNG.runSuitesSequentially(TestNG.java:1301)
org.testng.TestNG.runSuitesLocally(TestNG.java:1228)
org.testng.TestNG.runSuites(TestNG.java:1134)
org.testng.TestNG.run(TestNG.java:1101)
org.apache.maven.surefire.testng.TestNGExecutor.run(TestNGExecutor.java:155)
org.apache.maven.surefire.testng.TestNGDirectoryTestSuite.executeMulti(TestNGDirectoryTestSuite.java:169)
org.apache.maven.surefire.testng.TestNGDirectoryTestSuite.execute(TestNGDirectoryTestSuite.java:88)
org.apache.maven.surefire.testng.TestNGProvider.invoke(TestNGProvider.java:137)
org.apache.maven.surefire.booter.ForkedBooter.runSuitesInProcess(ForkedBooter.java:385)
org.apache.maven.surefire.booter.ForkedBooter.execute(ForkedBooter.java:162)
org.apache.maven.surefire.booter.ForkedBooter.run(ForkedBooter.java:507)
org.apache.maven.surefire.booter.ForkedBooter.main(ForkedBooter.java:495)
]]></system-out>
  </testcase>
  <testcase name="verifyGetCurrentWeatherByLocationNewYork" classname="com.solvd.carinatestautomation.api.CurrentWeatherTest" time="0.296">
    <system-out><![CDATA[2024-02-09 03:06:15 TestRunRegistrar [main-1] [WARN] Reporting disabled: using no op test run registrar
2024-02-09 03:06:15 Messager [main-1] [INFO] TEST [Surefire test - verifyGetCurrentWeatherByLocationNewYork] STARTED at [03:06:15 2024-02-09]
2024-02-09 03:06:15 AbstractApiMethod [main-1] [INFO] Request method:	GET
Request URI:	https://api.openweathermap.org/data/2.5/weather?lat=40.7128&lon=-74.006&appid=0cd24b47cec1357b9a0cc9df9f565e02
Request params:	<none>
Query params:	<none>
Form params:	<none>
Path params:	<none>
Multiparts:		<none>
Cookies:		<none>
Headers:		Accept=*/*
				Content-Type=application/json; charset=UTF-8
Body:			<none>
HTTP/1.1 200 OK
Server: openresty
Date: Fri, 09 Feb 2024 08:06:15 GMT
Content-Type: application/json; charset=utf-8
Content-Length: 472
Connection: keep-alive
X-Cache-Key: /data/2.5/weather?lat=40.71&lon=-74.01
Access-Control-Allow-Origin: *
Access-Control-Allow-Credentials: true
Access-Control-Allow-Methods: GET, POST

{
    "coord": {
        "lon": -74.0059,
        "lat": 40.7128
    },
    "weather": [
        {
            "id": 800,
            "main": "Clear",
            "description": "clear sky",
            "icon": "01n"
        }
    ],
    "base": "stations",
    "main": {
        "temp": 278.25,
        "feels_like": 276.11,
        "temp_min": 275.57,
        "temp_max": 279.38,
        "pressure": 1022,
        "humidity": 69
    },
    "visibility": 10000,
    "wind": {
        "speed": 2.57,
        "deg": 180
    },
    "clouds": {
        "all": 0
    },
    "dt": 1707465589,
    "sys": {
        "type": 1,
        "id": 4610,
        "country": "US",
        "sunrise": 1707479889,
        "sunset": 1707517344
    },
    "timezone": -18000,
    "id": 5128581,
    "name": "New York",
    "cod": 200
}

2024-02-09 03:06:15 Messager [main-1] [INFO] TEST [Surefire test - verifyGetCurrentWeatherByLocationNewYork] PASSED at [03:06:15 2024-02-09]
]]></system-out>
  </testcase>
  <testcase name="verifyGetCurrentWeatherByLocationSeoul" classname="com.solvd.carinatestautomation.api.CurrentWeatherTest" time="0.275">
    <system-out><![CDATA[2024-02-09 03:06:15 TestRunRegistrar [main-1] [WARN] Reporting disabled: using no op test run registrar
2024-02-09 03:06:15 Messager [main-1] [INFO] TEST [Surefire test - verifyGetCurrentWeatherByLocationSeoul] STARTED at [03:06:15 2024-02-09]
2024-02-09 03:06:16 AbstractApiMethod [main-1] [INFO] Request method:	GET
Request URI:	https://api.openweathermap.org/data/2.5/weather?lat=37.5326&lon=127.024612&appid=0cd24b47cec1357b9a0cc9df9f565e02
Request params:	<none>
Query params:	<none>
Form params:	<none>
Path params:	<none>
Multiparts:		<none>
Cookies:		<none>
Headers:		Accept=*/*
				Content-Type=application/json; charset=UTF-8
Body:			<none>
HTTP/1.1 200 OK
Server: openresty
Date: Fri, 09 Feb 2024 08:06:15 GMT
Content-Type: application/json; charset=utf-8
Content-Length: 526
Connection: keep-alive
X-Cache-Key: /data/2.5/weather?lat=37.53&lon=127.02
Access-Control-Allow-Origin: *
Access-Control-Allow-Credentials: true
Access-Control-Allow-Methods: GET, POST

{
    "coord": {
        "lon": 127.0246,
        "lat": 37.5326
    },
    "weather": [
        {
            "id": 800,
            "main": "Clear",
            "description": "clear sky",
            "icon": "01d"
        }
    ],
    "base": "stations",
    "main": {
        "temp": 278.54,
        "feels_like": 275.44,
        "temp_min": 277.82,
        "temp_max": 279.07,
        "pressure": 1022,
        "humidity": 47,
        "sea_level": 1022,
        "grnd_level": 1019
    },
    "visibility": 10000,
    "wind": {
        "speed": 4.09,
        "deg": 270,
        "gust": 5.13
    },
    "clouds": {
        "all": 6
    },
    "dt": 1707465466,
    "sys": {
        "type": 1,
        "id": 8105,
        "country": "KR",
        "sunrise": 1707431346,
        "sunset": 1707469389
    },
    "timezone": 32400,
    "id": 6800516,
    "name": "K?mhosamga-dong",
    "cod": 200
}

2024-02-09 03:06:16 Messager [main-1] [INFO] TEST [Surefire test - verifyGetCurrentWeatherByLocationSeoul] PASSED at [03:06:16 2024-02-09]
]]></system-out>
  </testcase>
  <testcase name="verifyGetCurrentWeatherByLocationTokyo" classname="com.solvd.carinatestautomation.api.CurrentWeatherTest" time="0.309">
    <system-out><![CDATA[2024-02-09 03:06:16 TestRunRegistrar [main-1] [WARN] Reporting disabled: using no op test run registrar
2024-02-09 03:06:16 Messager [main-1] [INFO] TEST [Surefire test - verifyGetCurrentWeatherByLocationTokyo] STARTED at [03:06:16 2024-02-09]
2024-02-09 03:06:16 AbstractApiMethod [main-1] [INFO] Request method:	GET
Request URI:	https://api.openweathermap.org/data/2.5/weather?lat=35.652832&lon=139.839478&appid=0cd24b47cec1357b9a0cc9df9f565e02
Request params:	<none>
Query params:	<none>
Form params:	<none>
Path params:	<none>
Multiparts:		<none>
Cookies:		<none>
Headers:		Accept=*/*
				Content-Type=application/json; charset=UTF-8
Body:			<none>
HTTP/1.1 200 OK
Server: openresty
Date: Fri, 09 Feb 2024 08:06:15 GMT
Content-Type: application/json; charset=utf-8
Content-Length: 479
Connection: keep-alive
X-Cache-Key: /data/2.5/weather?lat=35.65&lon=139.84
Access-Control-Allow-Origin: *
Access-Control-Allow-Credentials: true
Access-Control-Allow-Methods: GET, POST

{
    "coord": {
        "lon": 139.8395,
        "lat": 35.6528
    },
    "weather": [
        {
            "id": 803,
            "main": "Clouds",
            "description": "broken clouds",
            "icon": "04d"
        }
    ],
    "base": "stations",
    "main": {
        "temp": 282.77,
        "feels_like": 279.85,
        "temp_min": 282.11,
        "temp_max": 283.76,
        "pressure": 1015,
        "humidity": 53
    },
    "visibility": 10000,
    "wind": {
        "speed": 6.17,
        "deg": 120
    },
    "clouds": {
        "all": 75
    },
    "dt": 1707465466,
    "sys": {
        "type": 1,
        "id": 8077,
        "country": "JP",
        "sunrise": 1707428089,
        "sunset": 1707466495
    },
    "timezone": 32400,
    "id": 1865485,
    "name": "Akashich?",
    "cod": 200
}

2024-02-09 03:06:16 Messager [main-1] [INFO] TEST [Surefire test - verifyGetCurrentWeatherByLocationTokyo] PASSED at [03:06:16 2024-02-09]
]]></system-out>
  </testcase>
  <testcase name="verifyGetCurrentWeatherByLocationWashingtonDc" classname="com.solvd.carinatestautomation.api.CurrentWeatherTest" time="0.379">
    <system-out><![CDATA[2024-02-09 03:06:16 TestRunRegistrar [main-1] [WARN] Reporting disabled: using no op test run registrar
2024-02-09 03:06:16 Messager [main-1] [INFO] TEST [Surefire test - verifyGetCurrentWeatherByLocationWashingtonDc] STARTED at [03:06:16 2024-02-09]
2024-02-09 03:06:16 AbstractApiMethod [main-1] [INFO] Request method:	GET
Request URI:	https://api.openweathermap.org/data/2.5/weather?lat=38.8951&lon=-77.0364&appid=0cd24b47cec1357b9a0cc9df9f565e02
Request params:	<none>
Query params:	<none>
Form params:	<none>
Path params:	<none>
Multiparts:		<none>
Cookies:		<none>
Headers:		Accept=*/*
				Content-Type=application/json; charset=UTF-8
Body:			<none>
HTTP/1.1 200 OK
Server: openresty
Date: Fri, 09 Feb 2024 08:06:16 GMT
Content-Type: application/json; charset=utf-8
Content-Length: 490
Connection: keep-alive
X-Cache-Key: /data/2.5/weather?lat=38.9&lon=-77.04
Access-Control-Allow-Origin: *
Access-Control-Allow-Credentials: true
Access-Control-Allow-Methods: GET, POST

{
    "coord": {
        "lon": -77.0364,
        "lat": 38.8951
    },
    "weather": [
        {
            "id": 804,
            "main": "Clouds",
            "description": "overcast clouds",
            "icon": "04n"
        }
    ],
    "base": "stations",
    "main": {
        "temp": 279.27,
        "feels_like": 276.61,
        "temp_min": 277.12,
        "temp_max": 280.68,
        "pressure": 1019,
        "humidity": 71
    },
    "visibility": 10000,
    "wind": {
        "speed": 3.6,
        "deg": 150
    },
    "clouds": {
        "all": 100
    },
    "dt": 1707465466,
    "sys": {
        "type": 2,
        "id": 2002287,
        "country": "US",
        "sunrise": 1707480424,
        "sunset": 1707518264
    },
    "timezone": -18000,
    "id": 4140963,
    "name": "Washington D.C.",
    "cod": 200
}

2024-02-09 03:06:16 Messager [main-1] [INFO] TEST [Surefire test - verifyGetCurrentWeatherByLocationWashingtonDc] PASSED at [03:06:16 2024-02-09]
]]></system-out>
  </testcase>
  <testcase name="verifyGeocodeAtlanta" classname="com.solvd.carinatestautomation.api.GeocodeTest" time="0.346">
    <system-out><![CDATA[2024-02-09 03:06:16 TestRunRegistrar [main-1] [WARN] Reporting disabled: using no op test run registrar
2024-02-09 03:06:16 Messager [main-1] [INFO] TEST [Surefire test - verifyGeocodeAtlanta] STARTED at [03:06:16 2024-02-09]
2024-02-09 03:06:17 AbstractApiMethod [main-1] [INFO] Request method:	GET
Request URI:	https://api.openweathermap.org/geo/1.0/zip?zip=30309%2CUS&appid=0cd24b47cec1357b9a0cc9df9f565e02
Request params:	<none>
Query params:	<none>
Form params:	<none>
Path params:	<none>
Multiparts:		<none>
Cookies:		<none>
Headers:		Accept=*/*
				Content-Type=application/json; charset=UTF-8
Body:			<none>
HTTP/1.1 200 OK
Server: openresty
Date: Fri, 09 Feb 2024 08:06:16 GMT
Content-Type: application/json; charset=utf-8
Content-Length: 76
Connection: keep-alive
X-Cache-Key: /geo/1.0/zip?zip=30309%2cus
Access-Control-Allow-Origin: *
Access-Control-Allow-Credentials: true
Access-Control-Allow-Methods: GET, POST

{
    "zip": "30309",
    "name": "Atlanta",
    "lat": 33.7984,
    "lon": -84.3883,
    "country": "US"
}

2024-02-09 03:06:17 Messager [main-1] [INFO] TEST [Surefire test - verifyGeocodeAtlanta] PASSED at [03:06:17 2024-02-09]
]]></system-out>
  </testcase>
  <testcase name="verifyEulaButtonTest" classname="com.solvd.carinatestautomation.web.HomePageTest" time="7.877">
    <failure message="element click intercepted: Element &lt;a class=&quot;FooterNavigationLink&quot; id=&quot;lnkFooter...&quot; href=&quot;https://www.warframe.com/eula&quot;&gt;EULA&lt;/a&gt; is not clickable at point (1462, 907). Other element would receive the click: &lt;a class=&quot;HomeNewsTile&quot; href=&quot;https://www.warframe.com/news/devstream-176-overview&quot; style=&quot;background-image: url(https://www-static.warframe.com/uploads/thumbnails/77c79f9a620e4478a5c056dcc46f902_1280x720.png);&quot;&gt;...&lt;/a&gt;&#10;  (Session info: chrome=121.0.6167.141)&#10;Build info: version: &apos;4.13.0&apos;, revision: &apos;ba948ece5b*&apos;&#10;System info: os.name: &apos;Windows 10&apos;, os.arch: &apos;amd64&apos;, os.version: &apos;10.0&apos;, java.version: &apos;11.0.19&apos;&#10;Driver info: org.openqa.selenium.remote.RemoteWebDriver&#10;Command: [6b30d1ae4d40cdd958a9a284c8f0ad25, clickElement {id=B55CEBF65830F04A54FDED6208494599_element_120}]&#10;Capabilities {acceptInsecureCerts: true, browserName: chrome, browserVersion: 121.0.6167.141, chrome: {chromedriverVersion: 121.0.6167.85 (3f98d690ad7e..., userDataDir: C:\Users\lawte\AppData\Loca...}, fedcm:accounts: true, goog:chromeOptions: {debuggerAddress: localhost:57545}, networkConnectionEnabled: false, pageLoadStrategy: normal, platformName: Windows 10, proxy: Proxy(), se:bidiEnabled: false, se:cdp: ws://192.168.56.1:4444/sess..., se:cdpVersion: 121.0.6167.141, setWindowRect: true, strictFileInteractability: false, timeouts: {implicit: 0, pageLoad: 300000, script: 30000}, unhandledPromptBehavior: dismiss and notify, webauthn:extension:credBlob: true, webauthn:extension:largeBlob: true, webauthn:extension:minPinLength: true, webauthn:extension:prf: true, webauthn:virtualAuthenticators: true}&#10;Element: [[[[RemoteWebDriver: chrome on Windows 10 (6b30d1ae4d40cdd958a9a284c8f0ad25)] -&gt; id: footer]] -&gt; xpath: /html/body/div[2]/div[1]/div/div[2]/div/a[5]]&#10;Session ID: 6b30d1ae4d40cdd958a9a284c8f0ad25" type="org.openqa.selenium.ElementClickInterceptedException"><![CDATA[org.openqa.selenium.ElementClickInterceptedException: 
element click intercepted: Element <a class="FooterNavigationLink" id="lnkFooter..." href="https://www.warframe.com/eula">EULA</a> is not clickable at point (1462, 907). Other element would receive the click: <a class="HomeNewsTile" href="https://www.warframe.com/news/devstream-176-overview" style="background-image: url(https://www-static.warframe.com/uploads/thumbnails/77c79f9a620e4478a5c056dcc46f902_1280x720.png);">...</a>
  (Session info: chrome=121.0.6167.141)
Build info: version: '4.13.0', revision: 'ba948ece5b*'
System info: os.name: 'Windows 10', os.arch: 'amd64', os.version: '10.0', java.version: '11.0.19'
Driver info: org.openqa.selenium.remote.RemoteWebDriver
Command: [6b30d1ae4d40cdd958a9a284c8f0ad25, clickElement {id=B55CEBF65830F04A54FDED6208494599_element_120}]
Capabilities {acceptInsecureCerts: true, browserName: chrome, browserVersion: 121.0.6167.141, chrome: {chromedriverVersion: 121.0.6167.85 (3f98d690ad7e..., userDataDir: C:\Users\lawte\AppData\Loca...}, fedcm:accounts: true, goog:chromeOptions: {debuggerAddress: localhost:57545}, networkConnectionEnabled: false, pageLoadStrategy: normal, platformName: Windows 10, proxy: Proxy(), se:bidiEnabled: false, se:cdp: ws://192.168.56.1:4444/sess..., se:cdpVersion: 121.0.6167.141, setWindowRect: true, strictFileInteractability: false, timeouts: {implicit: 0, pageLoad: 300000, script: 30000}, unhandledPromptBehavior: dismiss and notify, webauthn:extension:credBlob: true, webauthn:extension:largeBlob: true, webauthn:extension:minPinLength: true, webauthn:extension:prf: true, webauthn:virtualAuthenticators: true}
Element: [[[[RemoteWebDriver: chrome on Windows 10 (6b30d1ae4d40cdd958a9a284c8f0ad25)] -> id: footer]] -> xpath: /html/body/div[2]/div[1]/div/div[2]/div/a[5]]
Session ID: 6b30d1ae4d40cdd958a9a284c8f0ad25
	at java.base/jdk.internal.reflect.NativeConstructorAccessorImpl.newInstance0(Native Method)
	at java.base/jdk.internal.reflect.NativeConstructorAccessorImpl.newInstance(NativeConstructorAccessorImpl.java:62)
	at java.base/jdk.internal.reflect.DelegatingConstructorAccessorImpl.newInstance(DelegatingConstructorAccessorImpl.java:45)
	at java.base/java.lang.reflect.Constructor.newInstance(Constructor.java:490)
	at org.openqa.selenium.remote.codec.w3c.W3CHttpResponseCodec.createException(W3CHttpResponseCodec.java:200)
	at org.openqa.selenium.remote.codec.w3c.W3CHttpResponseCodec.decode(W3CHttpResponseCodec.java:133)
	at org.openqa.selenium.remote.codec.w3c.W3CHttpResponseCodec.decode(W3CHttpResponseCodec.java:52)
	at org.openqa.selenium.remote.HttpCommandExecutor.execute(HttpCommandExecutor.java:191)
	at com.zebrunner.carina.webdriver.listener.EventFiringSeleniumCommandExecutor.execute(EventFiringSeleniumCommandExecutor.java:52)
	at org.openqa.selenium.remote.RemoteWebDriver.execute(RemoteWebDriver.java:602)
	at org.openqa.selenium.remote.RemoteWebElement.execute(RemoteWebElement.java:224)
	at org.openqa.selenium.remote.RemoteWebElement.click(RemoteWebElement.java:77)
	at java.base/jdk.internal.reflect.NativeMethodAccessorImpl.invoke0(Native Method)
	at java.base/jdk.internal.reflect.NativeMethodAccessorImpl.invoke(NativeMethodAccessorImpl.java:62)
	at java.base/jdk.internal.reflect.DelegatingMethodAccessorImpl.invoke(DelegatingMethodAccessorImpl.java:43)
	at java.base/java.lang.reflect.Method.invoke(Method.java:566)
	at org.openqa.selenium.support.decorators.WebDriverDecorator.call(WebDriverDecorator.java:249)
	at org.openqa.selenium.support.decorators.DefaultDecorated.call(DefaultDecorated.java:48)
	at org.openqa.selenium.support.decorators.WebDriverDecorator.lambda$createProxy$2(WebDriverDecorator.java:321)
	at net.bytebuddy.renamed.java.lang.Object$ByteBuddy$NcFxizhG.click(Unknown Source)
	at com.zebrunner.carina.webdriver.decorator.ExtendedWebElement$3.doClick(ExtendedWebElement.java:1491)
	at com.zebrunner.carina.webdriver.decorator.ExtendedWebElement.executeAction(ExtendedWebElement.java:1351)
	at com.zebrunner.carina.webdriver.decorator.ExtendedWebElement.overrideAction(ExtendedWebElement.java:1485)
	at com.zebrunner.carina.webdriver.decorator.ExtendedWebElement.doAction(ExtendedWebElement.java:1464)
	at com.zebrunner.carina.webdriver.decorator.ExtendedWebElement.doAction(ExtendedWebElement.java:1441)
	at com.zebrunner.carina.webdriver.decorator.ExtendedWebElement.click(ExtendedWebElement.java:743)
	at com.zebrunner.carina.webdriver.decorator.ExtendedWebElement.click(ExtendedWebElement.java:723)
	at com.zebrunner.carina.webdriver.decorator.ExtendedWebElement.click(ExtendedWebElement.java:705)
	at com.solvd.carinatestautomation.web.components.Footer.pressEulaButton(Footer.java:47)
	at com.solvd.carinatestautomation.web.HomePageTest.openAndVerifyEulaPage(HomePageTest.java:125)
	at com.solvd.carinatestautomation.web.HomePageTest.verifyEulaButtonTest(HomePageTest.java:68)
	at java.base/jdk.internal.reflect.NativeMethodAccessorImpl.invoke0(Native Method)
	at java.base/jdk.internal.reflect.NativeMethodAccessorImpl.invoke(NativeMethodAccessorImpl.java:62)
	at java.base/jdk.internal.reflect.DelegatingMethodAccessorImpl.invoke(DelegatingMethodAccessorImpl.java:43)
	at java.base/java.lang.reflect.Method.invoke(Method.java:566)
	at org.testng.internal.invokers.MethodInvocationHelper.invokeMethod(MethodInvocationHelper.java:139)
	at org.testng.internal.invokers.TestInvoker.invokeMethod(TestInvoker.java:664)
	at org.testng.internal.invokers.TestInvoker.invokeTestMethod(TestInvoker.java:228)
	at org.testng.internal.invokers.MethodRunner.runInSequence(MethodRunner.java:63)
	at org.testng.internal.invokers.TestInvoker$MethodInvocationAgent.invoke(TestInvoker.java:961)
	at org.testng.internal.invokers.TestInvoker.invokeTestMethods(TestInvoker.java:201)
	at org.testng.internal.invokers.TestMethodWorker.invokeTestMethods(TestMethodWorker.java:148)
	at org.testng.internal.invokers.TestMethodWorker.run(TestMethodWorker.java:128)
	at java.base/java.util.ArrayList.forEach(ArrayList.java:1541)
	at org.testng.TestRunner.privateRun(TestRunner.java:819)
	at org.testng.TestRunner.run(TestRunner.java:619)
	at org.testng.SuiteRunner.runTest(SuiteRunner.java:443)
	at org.testng.SuiteRunner.runSequentially(SuiteRunner.java:437)
	at org.testng.SuiteRunner.privateRun(SuiteRunner.java:397)
	at org.testng.SuiteRunner.run(SuiteRunner.java:336)
	at org.testng.SuiteRunnerWorker.runSuite(SuiteRunnerWorker.java:52)
	at org.testng.SuiteRunnerWorker.run(SuiteRunnerWorker.java:95)
	at org.testng.TestNG.runSuitesSequentially(TestNG.java:1301)
	at org.testng.TestNG.runSuitesLocally(TestNG.java:1228)
	at org.testng.TestNG.runSuites(TestNG.java:1134)
	at org.testng.TestNG.run(TestNG.java:1101)
	at org.apache.maven.surefire.testng.TestNGExecutor.run(TestNGExecutor.java:155)
	at org.apache.maven.surefire.testng.TestNGDirectoryTestSuite.executeMulti(TestNGDirectoryTestSuite.java:169)
	at org.apache.maven.surefire.testng.TestNGDirectoryTestSuite.execute(TestNGDirectoryTestSuite.java:88)
	at org.apache.maven.surefire.testng.TestNGProvider.invoke(TestNGProvider.java:137)
	at org.apache.maven.surefire.booter.ForkedBooter.runSuitesInProcess(ForkedBooter.java:385)
	at org.apache.maven.surefire.booter.ForkedBooter.execute(ForkedBooter.java:162)
	at org.apache.maven.surefire.booter.ForkedBooter.run(ForkedBooter.java:507)
	at org.apache.maven.surefire.booter.ForkedBooter.main(ForkedBooter.java:495)
]]></failure>
    <system-out><![CDATA[2024-02-09 03:06:17 TestRunRegistrar [main-1] [WARN] Reporting disabled: using no op test run registrar
2024-02-09 03:06:17 Messager [main-1] [INFO] TEST [Surefire test - verifyEulaButtonTest] STARTED at [03:06:17 2024-02-09]
2024-02-09 03:06:17 DriverFactory [main-1] [INFO] Starting driver session...
2024-02-09 03:06:18 DriverFactory [main-1] [INFO] Driver session started.
2024-02-09 03:06:18 Messager [main-1] [INFO] INFO: opening url 'https://www.warframe.com/landing'
2024-02-09 03:06:20 DriverListener [main-1] [INFO] Element 'continueToHomeButton' is clicked.
2024-02-09 03:06:21 Messager [main-1] [INFO] INFO: opening url 'https://www.warframe.com'
2024-02-09 03:06:24 Messager [main-1] [ERROR] TEST [Surefire test - verifyEulaButtonTest] FAILED at [03:06:24 2024-02-09] - element click intercepted: Element <a class="FooterNavigationLink" id="lnkFooter..." href="https://www.warframe.com/eula">EULA</a> is not clickable at point (1462, 907). Other element would receive the click: <a class="HomeNewsTile" href="https://www.warframe.com/news/devstream-176-overview" style="background-image: url(https://www-static.warframe.com/uploads/thumbnails/77c79f9a620e4478a5c056dcc46f902_1280x720.png);">...</a>
  (Session info: chrome=121.0.6167.141)
Build info: version: '4.13.0', revision: 'ba948ece5b*'
System info: os.name: 'Windows 10', os.arch: 'amd64', os.version: '10.0', java.version: '11.0.19'
Driver info: org.openqa.selenium.remote.RemoteWebDriver
Command: [6b30d1ae4d40cdd958a9a284c8f0ad25, clickElement {id=B55CEBF65830F04A54FDED6208494599_element_120}]
Capabilities {acceptInsecureCerts: true, browserName: chrome, browserVersion: 121.0.6167.141, chrome: {chromedriverVersion: 121.0.6167.85 (3f98d690ad7e..., userDataDir: C:\Users\lawte\AppData\Loca...}, fedcm:accounts: true, goog:chromeOptions: {debuggerAddress: localhost:57545}, networkConnectionEnabled: false, pageLoadStrategy: normal, platformName: Windows 10, proxy: Proxy(), se:bidiEnabled: false, se:cdp: ws://192.168.56.1:4444/sess..., se:cdpVersion: 121.0.6167.141, setWindowRect: true, strictFileInteractability: false, timeouts: {implicit: 0, pageLoad: 300000, script: 30000}, unhandledPromptBehavior: dismiss and notify, webauthn:extension:credBlob: true, webauthn:extension:largeBlob: true, webauthn:extension:minPinLength: true, webauthn:extension:prf: true, webauthn:virtualAuthenticators: true}
Element: [[[[RemoteWebDriver: chrome on Windows 10 (6b30d1ae4d40cdd958a9a284c8f0ad25)] -> id: footer]] -> xpath: /html/body/div[2]/div[1]/div/div[2]/div/a[5]]
Session ID: 6b30d1ae4d40cdd958a9a284c8f0ad25

java.base/jdk.internal.reflect.NativeConstructorAccessorImpl.newInstance0(Native Method)
java.base/jdk.internal.reflect.NativeConstructorAccessorImpl.newInstance(NativeConstructorAccessorImpl.java:62)
java.base/jdk.internal.reflect.DelegatingConstructorAccessorImpl.newInstance(DelegatingConstructorAccessorImpl.java:45)
java.base/java.lang.reflect.Constructor.newInstance(Constructor.java:490)
org.openqa.selenium.remote.codec.w3c.W3CHttpResponseCodec.createException(W3CHttpResponseCodec.java:200)
org.openqa.selenium.remote.codec.w3c.W3CHttpResponseCodec.decode(W3CHttpResponseCodec.java:133)
org.openqa.selenium.remote.codec.w3c.W3CHttpResponseCodec.decode(W3CHttpResponseCodec.java:52)
org.openqa.selenium.remote.HttpCommandExecutor.execute(HttpCommandExecutor.java:191)
com.zebrunner.carina.webdriver.listener.EventFiringSeleniumCommandExecutor.execute(EventFiringSeleniumCommandExecutor.java:52)
org.openqa.selenium.remote.RemoteWebDriver.execute(RemoteWebDriver.java:602)
org.openqa.selenium.remote.RemoteWebElement.execute(RemoteWebElement.java:224)
org.openqa.selenium.remote.RemoteWebElement.click(RemoteWebElement.java:77)
java.base/jdk.internal.reflect.NativeMethodAccessorImpl.invoke0(Native Method)
java.base/jdk.internal.reflect.NativeMethodAccessorImpl.invoke(NativeMethodAccessorImpl.java:62)
java.base/jdk.internal.reflect.DelegatingMethodAccessorImpl.invoke(DelegatingMethodAccessorImpl.java:43)
java.base/java.lang.reflect.Method.invoke(Method.java:566)
org.openqa.selenium.support.decorators.WebDriverDecorator.call(WebDriverDecorator.java:249)
org.openqa.selenium.support.decorators.DefaultDecorated.call(DefaultDecorated.java:48)
org.openqa.selenium.support.decorators.WebDriverDecorator.lambda$createProxy$2(WebDriverDecorator.java:321)
net.bytebuddy.renamed.java.lang.Object$ByteBuddy$NcFxizhG.click(Unknown Source)
com.zebrunner.carina.webdriver.decorator.ExtendedWebElement$3.doClick(ExtendedWebElement.java:1491)
com.zebrunner.carina.webdriver.decorator.ExtendedWebElement.executeAction(ExtendedWebElement.java:1351)
com.zebrunner.carina.webdriver.decorator.ExtendedWebElement.overrideAction(ExtendedWebElement.java:1485)
com.zebrunner.carina.webdriver.decorator.ExtendedWebElement.doAction(ExtendedWebElement.java:1464)
com.zebrunner.carina.webdriver.decorator.ExtendedWebElement.doAction(ExtendedWebElement.java:1441)
com.zebrunner.carina.webdriver.decorator.ExtendedWebElement.click(ExtendedWebElement.java:743)
com.zebrunner.carina.webdriver.decorator.ExtendedWebElement.click(ExtendedWebElement.java:723)
com.zebrunner.carina.webdriver.decorator.ExtendedWebElement.click(ExtendedWebElement.java:705)
com.solvd.carinatestautomation.web.components.Footer.pressEulaButton(Footer.java:47)
com.solvd.carinatestautomation.web.HomePageTest.openAndVerifyEulaPage(HomePageTest.java:125)
com.solvd.carinatestautomation.web.HomePageTest.verifyEulaButtonTest(HomePageTest.java:68)
java.base/jdk.internal.reflect.NativeMethodAccessorImpl.invoke0(Native Method)
java.base/jdk.internal.reflect.NativeMethodAccessorImpl.invoke(NativeMethodAccessorImpl.java:62)
java.base/jdk.internal.reflect.DelegatingMethodAccessorImpl.invoke(DelegatingMethodAccessorImpl.java:43)
java.base/java.lang.reflect.Method.invoke(Method.java:566)
org.testng.internal.invokers.MethodInvocationHelper.invokeMethod(MethodInvocationHelper.java:139)
org.testng.internal.invokers.TestInvoker.invokeMethod(TestInvoker.java:664)
org.testng.internal.invokers.TestInvoker.invokeTestMethod(TestInvoker.java:228)
org.testng.internal.invokers.MethodRunner.runInSequence(MethodRunner.java:63)
org.testng.internal.invokers.TestInvoker$MethodInvocationAgent.invoke(TestInvoker.java:961)
org.testng.internal.invokers.TestInvoker.invokeTestMethods(TestInvoker.java:201)
org.testng.internal.invokers.TestMethodWorker.invokeTestMethods(TestMethodWorker.java:148)
org.testng.internal.invokers.TestMethodWorker.run(TestMethodWorker.java:128)
java.base/java.util.ArrayList.forEach(ArrayList.java:1541)
org.testng.TestRunner.privateRun(TestRunner.java:819)
org.testng.TestRunner.run(TestRunner.java:619)
org.testng.SuiteRunner.runTest(SuiteRunner.java:443)
org.testng.SuiteRunner.runSequentially(SuiteRunner.java:437)
org.testng.SuiteRunner.privateRun(SuiteRunner.java:397)
org.testng.SuiteRunner.run(SuiteRunner.java:336)
org.testng.SuiteRunnerWorker.runSuite(SuiteRunnerWorker.java:52)
org.testng.SuiteRunnerWorker.run(SuiteRunnerWorker.java:95)
org.testng.TestNG.runSuitesSequentially(TestNG.java:1301)
org.testng.TestNG.runSuitesLocally(TestNG.java:1228)
org.testng.TestNG.runSuites(TestNG.java:1134)
org.testng.TestNG.run(TestNG.java:1101)
org.apache.maven.surefire.testng.TestNGExecutor.run(TestNGExecutor.java:155)
org.apache.maven.surefire.testng.TestNGDirectoryTestSuite.executeMulti(TestNGDirectoryTestSuite.java:169)
org.apache.maven.surefire.testng.TestNGDirectoryTestSuite.execute(TestNGDirectoryTestSuite.java:88)
org.apache.maven.surefire.testng.TestNGProvider.invoke(TestNGProvider.java:137)
org.apache.maven.surefire.booter.ForkedBooter.runSuitesInProcess(ForkedBooter.java:385)
org.apache.maven.surefire.booter.ForkedBooter.execute(ForkedBooter.java:162)
org.apache.maven.surefire.booter.ForkedBooter.run(ForkedBooter.java:507)
org.apache.maven.surefire.booter.ForkedBooter.main(ForkedBooter.java:495)
]]></system-out>
  </testcase>
  <testcase name="verifyLandingPageOpenTest" classname="com.solvd.carinatestautomation.web.HomePageTest" time="2.752">
    <system-out><![CDATA[2024-02-09 03:06:25 TestRunRegistrar [main-1] [WARN] Reporting disabled: using no op test run registrar
2024-02-09 03:06:25 Messager [main-1] [INFO] TEST [Surefire test - verifyLandingPageOpenTest] STARTED at [03:06:25 2024-02-09]
2024-02-09 03:06:25 DriverFactory [main-1] [INFO] Starting driver session...
2024-02-09 03:06:25 DriverFactory [main-1] [INFO] Driver session started.
2024-02-09 03:06:25 Messager [main-1] [INFO] INFO: opening url 'https://www.warframe.com/landing'
2024-02-09 03:06:27 Messager [main-1] [INFO] TEST [Surefire test - verifyLandingPageOpenTest] PASSED at [03:06:27 2024-02-09]
]]></system-out>
  </testcase>
  <testcase name="verifyLandingToHomeButtonTest" classname="com.solvd.carinatestautomation.web.HomePageTest" time="4.254">
    <system-out><![CDATA[2024-02-09 03:06:28 TestRunRegistrar [main-1] [WARN] Reporting disabled: using no op test run registrar
2024-02-09 03:06:28 Messager [main-1] [INFO] TEST [Surefire test - verifyLandingToHomeButtonTest] STARTED at [03:06:28 2024-02-09]
2024-02-09 03:06:28 DriverFactory [main-1] [INFO] Starting driver session...
2024-02-09 03:06:28 DriverFactory [main-1] [INFO] Driver session started.
2024-02-09 03:06:28 Messager [main-1] [INFO] INFO: opening url 'https://www.warframe.com/landing'
2024-02-09 03:06:30 DriverListener [main-1] [INFO] Element 'continueToHomeButton' is clicked.
2024-02-09 03:06:30 Messager [main-1] [INFO] INFO: opening url 'https://www.warframe.com'
2024-02-09 03:06:32 Messager [main-1] [INFO] TEST [Surefire test - verifyLandingToHomeButtonTest] PASSED at [03:06:32 2024-02-09]
]]></system-out>
  </testcase>
  <testcase name="verifyNewsButtonTest" classname="com.solvd.carinatestautomation.web.HomePageTest" time="6.991">
    <failure message="element click intercepted: Element &lt;a class=&quot;FooterNavigationLink&quot; id=&quot;lnkFooter...&quot; href=&quot;https://www.digitalextremes.com&quot;&gt;Press&lt;/a&gt; is not clickable at point (1013, 907). Other element would receive the click: &lt;a class=&quot;HomeNewsTile&quot; href=&quot;https://www.warframe.com/news/devstream-176-overview&quot; style=&quot;background-image: url(https://www-static.warframe.com/uploads/thumbnails/77c79f9a620e4478a5c056dcc46f902_1280x720.png);&quot;&gt;...&lt;/a&gt;&#10;  (Session info: chrome=121.0.6167.141)&#10;Build info: version: &apos;4.13.0&apos;, revision: &apos;ba948ece5b*&apos;&#10;System info: os.name: &apos;Windows 10&apos;, os.arch: &apos;amd64&apos;, os.version: &apos;10.0&apos;, java.version: &apos;11.0.19&apos;&#10;Driver info: org.openqa.selenium.remote.RemoteWebDriver&#10;Command: [7b9a641ac7e7346d96ca7b9089f1923c, clickElement {id=E9A18227DD56A7E834A3CF775929009C_element_121}]&#10;Capabilities {acceptInsecureCerts: true, browserName: chrome, browserVersion: 121.0.6167.141, chrome: {chromedriverVersion: 121.0.6167.85 (3f98d690ad7e..., userDataDir: C:\Users\lawte\AppData\Loca...}, fedcm:accounts: true, goog:chromeOptions: {debuggerAddress: localhost:57768}, networkConnectionEnabled: false, pageLoadStrategy: normal, platformName: Windows 10, proxy: Proxy(), se:bidiEnabled: false, se:cdp: ws://192.168.56.1:4444/sess..., se:cdpVersion: 121.0.6167.141, setWindowRect: true, strictFileInteractability: false, timeouts: {implicit: 0, pageLoad: 300000, script: 30000}, unhandledPromptBehavior: dismiss and notify, webauthn:extension:credBlob: true, webauthn:extension:largeBlob: true, webauthn:extension:minPinLength: true, webauthn:extension:prf: true, webauthn:virtualAuthenticators: true}&#10;Element: [[[[RemoteWebDriver: chrome on Windows 10 (7b9a641ac7e7346d96ca7b9089f1923c)] -&gt; id: footer]] -&gt; xpath: /html/body/div[2]/div[1]/div/div[2]/div/a[2]]&#10;Session ID: 7b9a641ac7e7346d96ca7b9089f1923c" type="org.openqa.selenium.ElementClickInterceptedException"><![CDATA[org.openqa.selenium.ElementClickInterceptedException: 
element click intercepted: Element <a class="FooterNavigationLink" id="lnkFooter..." href="https://www.digitalextremes.com">Press</a> is not clickable at point (1013, 907). Other element would receive the click: <a class="HomeNewsTile" href="https://www.warframe.com/news/devstream-176-overview" style="background-image: url(https://www-static.warframe.com/uploads/thumbnails/77c79f9a620e4478a5c056dcc46f902_1280x720.png);">...</a>
  (Session info: chrome=121.0.6167.141)
Build info: version: '4.13.0', revision: 'ba948ece5b*'
System info: os.name: 'Windows 10', os.arch: 'amd64', os.version: '10.0', java.version: '11.0.19'
Driver info: org.openqa.selenium.remote.RemoteWebDriver
Command: [7b9a641ac7e7346d96ca7b9089f1923c, clickElement {id=E9A18227DD56A7E834A3CF775929009C_element_121}]
Capabilities {acceptInsecureCerts: true, browserName: chrome, browserVersion: 121.0.6167.141, chrome: {chromedriverVersion: 121.0.6167.85 (3f98d690ad7e..., userDataDir: C:\Users\lawte\AppData\Loca...}, fedcm:accounts: true, goog:chromeOptions: {debuggerAddress: localhost:57768}, networkConnectionEnabled: false, pageLoadStrategy: normal, platformName: Windows 10, proxy: Proxy(), se:bidiEnabled: false, se:cdp: ws://192.168.56.1:4444/sess..., se:cdpVersion: 121.0.6167.141, setWindowRect: true, strictFileInteractability: false, timeouts: {implicit: 0, pageLoad: 300000, script: 30000}, unhandledPromptBehavior: dismiss and notify, webauthn:extension:credBlob: true, webauthn:extension:largeBlob: true, webauthn:extension:minPinLength: true, webauthn:extension:prf: true, webauthn:virtualAuthenticators: true}
Element: [[[[RemoteWebDriver: chrome on Windows 10 (7b9a641ac7e7346d96ca7b9089f1923c)] -> id: footer]] -> xpath: /html/body/div[2]/div[1]/div/div[2]/div/a[2]]
Session ID: 7b9a641ac7e7346d96ca7b9089f1923c
	at java.base/jdk.internal.reflect.NativeConstructorAccessorImpl.newInstance0(Native Method)
	at java.base/jdk.internal.reflect.NativeConstructorAccessorImpl.newInstance(NativeConstructorAccessorImpl.java:62)
	at java.base/jdk.internal.reflect.DelegatingConstructorAccessorImpl.newInstance(DelegatingConstructorAccessorImpl.java:45)
	at java.base/java.lang.reflect.Constructor.newInstance(Constructor.java:490)
	at org.openqa.selenium.remote.codec.w3c.W3CHttpResponseCodec.createException(W3CHttpResponseCodec.java:200)
	at org.openqa.selenium.remote.codec.w3c.W3CHttpResponseCodec.decode(W3CHttpResponseCodec.java:133)
	at org.openqa.selenium.remote.codec.w3c.W3CHttpResponseCodec.decode(W3CHttpResponseCodec.java:52)
	at org.openqa.selenium.remote.HttpCommandExecutor.execute(HttpCommandExecutor.java:191)
	at com.zebrunner.carina.webdriver.listener.EventFiringSeleniumCommandExecutor.execute(EventFiringSeleniumCommandExecutor.java:52)
	at org.openqa.selenium.remote.RemoteWebDriver.execute(RemoteWebDriver.java:602)
	at org.openqa.selenium.remote.RemoteWebElement.execute(RemoteWebElement.java:224)
	at org.openqa.selenium.remote.RemoteWebElement.click(RemoteWebElement.java:77)
	at java.base/jdk.internal.reflect.NativeMethodAccessorImpl.invoke0(Native Method)
	at java.base/jdk.internal.reflect.NativeMethodAccessorImpl.invoke(NativeMethodAccessorImpl.java:62)
	at java.base/jdk.internal.reflect.DelegatingMethodAccessorImpl.invoke(DelegatingMethodAccessorImpl.java:43)
	at java.base/java.lang.reflect.Method.invoke(Method.java:566)
	at org.openqa.selenium.support.decorators.WebDriverDecorator.call(WebDriverDecorator.java:249)
	at org.openqa.selenium.support.decorators.DefaultDecorated.call(DefaultDecorated.java:48)
	at org.openqa.selenium.support.decorators.WebDriverDecorator.lambda$createProxy$2(WebDriverDecorator.java:321)
	at net.bytebuddy.renamed.java.lang.Object$ByteBuddy$mq6FKAKf.click(Unknown Source)
	at com.zebrunner.carina.webdriver.decorator.ExtendedWebElement$3.doClick(ExtendedWebElement.java:1491)
	at com.zebrunner.carina.webdriver.decorator.ExtendedWebElement.executeAction(ExtendedWebElement.java:1351)
	at com.zebrunner.carina.webdriver.decorator.ExtendedWebElement.overrideAction(ExtendedWebElement.java:1485)
	at com.zebrunner.carina.webdriver.decorator.ExtendedWebElement.doAction(ExtendedWebElement.java:1464)
	at com.zebrunner.carina.webdriver.decorator.ExtendedWebElement.doAction(ExtendedWebElement.java:1441)
	at com.zebrunner.carina.webdriver.decorator.ExtendedWebElement.click(ExtendedWebElement.java:743)
	at com.zebrunner.carina.webdriver.decorator.ExtendedWebElement.click(ExtendedWebElement.java:723)
	at com.zebrunner.carina.webdriver.decorator.ExtendedWebElement.click(ExtendedWebElement.java:705)
	at com.solvd.carinatestautomation.web.components.Footer.pressNewsButton(Footer.java:32)
	at com.solvd.carinatestautomation.web.HomePageTest.openAndVerifyDigitalExtremesPage(HomePageTest.java:104)
	at com.solvd.carinatestautomation.web.HomePageTest.verifyNewsButtonTest(HomePageTest.java:47)
	at java.base/jdk.internal.reflect.NativeMethodAccessorImpl.invoke0(Native Method)
	at java.base/jdk.internal.reflect.NativeMethodAccessorImpl.invoke(NativeMethodAccessorImpl.java:62)
	at java.base/jdk.internal.reflect.DelegatingMethodAccessorImpl.invoke(DelegatingMethodAccessorImpl.java:43)
	at java.base/java.lang.reflect.Method.invoke(Method.java:566)
	at org.testng.internal.invokers.MethodInvocationHelper.invokeMethod(MethodInvocationHelper.java:139)
	at org.testng.internal.invokers.TestInvoker.invokeMethod(TestInvoker.java:664)
	at org.testng.internal.invokers.TestInvoker.invokeTestMethod(TestInvoker.java:228)
	at org.testng.internal.invokers.MethodRunner.runInSequence(MethodRunner.java:63)
	at org.testng.internal.invokers.TestInvoker$MethodInvocationAgent.invoke(TestInvoker.java:961)
	at org.testng.internal.invokers.TestInvoker.invokeTestMethods(TestInvoker.java:201)
	at org.testng.internal.invokers.TestMethodWorker.invokeTestMethods(TestMethodWorker.java:148)
	at org.testng.internal.invokers.TestMethodWorker.run(TestMethodWorker.java:128)
	at java.base/java.util.ArrayList.forEach(ArrayList.java:1541)
	at org.testng.TestRunner.privateRun(TestRunner.java:819)
	at org.testng.TestRunner.run(TestRunner.java:619)
	at org.testng.SuiteRunner.runTest(SuiteRunner.java:443)
	at org.testng.SuiteRunner.runSequentially(SuiteRunner.java:437)
	at org.testng.SuiteRunner.privateRun(SuiteRunner.java:397)
	at org.testng.SuiteRunner.run(SuiteRunner.java:336)
	at org.testng.SuiteRunnerWorker.runSuite(SuiteRunnerWorker.java:52)
	at org.testng.SuiteRunnerWorker.run(SuiteRunnerWorker.java:95)
	at org.testng.TestNG.runSuitesSequentially(TestNG.java:1301)
	at org.testng.TestNG.runSuitesLocally(TestNG.java:1228)
	at org.testng.TestNG.runSuites(TestNG.java:1134)
	at org.testng.TestNG.run(TestNG.java:1101)
	at org.apache.maven.surefire.testng.TestNGExecutor.run(TestNGExecutor.java:155)
	at org.apache.maven.surefire.testng.TestNGDirectoryTestSuite.executeMulti(TestNGDirectoryTestSuite.java:169)
	at org.apache.maven.surefire.testng.TestNGDirectoryTestSuite.execute(TestNGDirectoryTestSuite.java:88)
	at org.apache.maven.surefire.testng.TestNGProvider.invoke(TestNGProvider.java:137)
	at org.apache.maven.surefire.booter.ForkedBooter.runSuitesInProcess(ForkedBooter.java:385)
	at org.apache.maven.surefire.booter.ForkedBooter.execute(ForkedBooter.java:162)
	at org.apache.maven.surefire.booter.ForkedBooter.run(ForkedBooter.java:507)
	at org.apache.maven.surefire.booter.ForkedBooter.main(ForkedBooter.java:495)
]]></failure>
    <system-out><![CDATA[2024-02-09 03:06:32 TestRunRegistrar [main-1] [WARN] Reporting disabled: using no op test run registrar
2024-02-09 03:06:32 Messager [main-1] [INFO] TEST [Surefire test - verifyNewsButtonTest] STARTED at [03:06:32 2024-02-09]
2024-02-09 03:06:32 DriverFactory [main-1] [INFO] Starting driver session...
2024-02-09 03:06:33 DriverFactory [main-1] [INFO] Driver session started.
2024-02-09 03:06:33 Messager [main-1] [INFO] INFO: opening url 'https://www.warframe.com/landing'
2024-02-09 03:06:35 DriverListener [main-1] [INFO] Element 'continueToHomeButton' is clicked.
2024-02-09 03:06:35 Messager [main-1] [INFO] INFO: opening url 'https://www.warframe.com'
2024-02-09 03:06:39 Messager [main-1] [ERROR] TEST [Surefire test - verifyNewsButtonTest] FAILED at [03:06:39 2024-02-09] - element click intercepted: Element <a class="FooterNavigationLink" id="lnkFooter..." href="https://www.digitalextremes.com">Press</a> is not clickable at point (1013, 907). Other element would receive the click: <a class="HomeNewsTile" href="https://www.warframe.com/news/devstream-176-overview" style="background-image: url(https://www-static.warframe.com/uploads/thumbnails/77c79f9a620e4478a5c056dcc46f902_1280x720.png);">...</a>
  (Session info: chrome=121.0.6167.141)
Build info: version: '4.13.0', revision: 'ba948ece5b*'
System info: os.name: 'Windows 10', os.arch: 'amd64', os.version: '10.0', java.version: '11.0.19'
Driver info: org.openqa.selenium.remote.RemoteWebDriver
Command: [7b9a641ac7e7346d96ca7b9089f1923c, clickElement {id=E9A18227DD56A7E834A3CF775929009C_element_121}]
Capabilities {acceptInsecureCerts: true, browserName: chrome, browserVersion: 121.0.6167.141, chrome: {chromedriverVersion: 121.0.6167.85 (3f98d690ad7e..., userDataDir: C:\Users\lawte\AppData\Loca...}, fedcm:accounts: true, goog:chromeOptions: {debuggerAddress: localhost:57768}, networkConnectionEnabled: false, pageLoadStrategy: normal, platformName: Windows 10, proxy: Proxy(), se:bidiEnabled: false, se:cdp: ws://192.168.56.1:4444/sess..., se:cdpVersion: 121.0.6167.141, setWindowRect: true, strictFileInteractability: false, timeouts: {implicit: 0, pageLoad: 300000, script: 30000}, unhandledPromptBehavior: dismiss and notify, webauthn:extension:credBlob: true, webauthn:extension:largeBlob: true, webauthn:extension:minPinLength: true, webauthn:extension:prf: true, webauthn:virtualAuthenticators: true}
Element: [[[[RemoteWebDriver: chrome on Windows 10 (7b9a641ac7e7346d96ca7b9089f1923c)] -> id: footer]] -> xpath: /html/body/div[2]/div[1]/div/div[2]/div/a[2]]
Session ID: 7b9a641ac7e7346d96ca7b9089f1923c

java.base/jdk.internal.reflect.NativeConstructorAccessorImpl.newInstance0(Native Method)
java.base/jdk.internal.reflect.NativeConstructorAccessorImpl.newInstance(NativeConstructorAccessorImpl.java:62)
java.base/jdk.internal.reflect.DelegatingConstructorAccessorImpl.newInstance(DelegatingConstructorAccessorImpl.java:45)
java.base/java.lang.reflect.Constructor.newInstance(Constructor.java:490)
org.openqa.selenium.remote.codec.w3c.W3CHttpResponseCodec.createException(W3CHttpResponseCodec.java:200)
org.openqa.selenium.remote.codec.w3c.W3CHttpResponseCodec.decode(W3CHttpResponseCodec.java:133)
org.openqa.selenium.remote.codec.w3c.W3CHttpResponseCodec.decode(W3CHttpResponseCodec.java:52)
org.openqa.selenium.remote.HttpCommandExecutor.execute(HttpCommandExecutor.java:191)
com.zebrunner.carina.webdriver.listener.EventFiringSeleniumCommandExecutor.execute(EventFiringSeleniumCommandExecutor.java:52)
org.openqa.selenium.remote.RemoteWebDriver.execute(RemoteWebDriver.java:602)
org.openqa.selenium.remote.RemoteWebElement.execute(RemoteWebElement.java:224)
org.openqa.selenium.remote.RemoteWebElement.click(RemoteWebElement.java:77)
java.base/jdk.internal.reflect.NativeMethodAccessorImpl.invoke0(Native Method)
java.base/jdk.internal.reflect.NativeMethodAccessorImpl.invoke(NativeMethodAccessorImpl.java:62)
java.base/jdk.internal.reflect.DelegatingMethodAccessorImpl.invoke(DelegatingMethodAccessorImpl.java:43)
java.base/java.lang.reflect.Method.invoke(Method.java:566)
org.openqa.selenium.support.decorators.WebDriverDecorator.call(WebDriverDecorator.java:249)
org.openqa.selenium.support.decorators.DefaultDecorated.call(DefaultDecorated.java:48)
org.openqa.selenium.support.decorators.WebDriverDecorator.lambda$createProxy$2(WebDriverDecorator.java:321)
net.bytebuddy.renamed.java.lang.Object$ByteBuddy$mq6FKAKf.click(Unknown Source)
com.zebrunner.carina.webdriver.decorator.ExtendedWebElement$3.doClick(ExtendedWebElement.java:1491)
com.zebrunner.carina.webdriver.decorator.ExtendedWebElement.executeAction(ExtendedWebElement.java:1351)
com.zebrunner.carina.webdriver.decorator.ExtendedWebElement.overrideAction(ExtendedWebElement.java:1485)
com.zebrunner.carina.webdriver.decorator.ExtendedWebElement.doAction(ExtendedWebElement.java:1464)
com.zebrunner.carina.webdriver.decorator.ExtendedWebElement.doAction(ExtendedWebElement.java:1441)
com.zebrunner.carina.webdriver.decorator.ExtendedWebElement.click(ExtendedWebElement.java:743)
com.zebrunner.carina.webdriver.decorator.ExtendedWebElement.click(ExtendedWebElement.java:723)
com.zebrunner.carina.webdriver.decorator.ExtendedWebElement.click(ExtendedWebElement.java:705)
com.solvd.carinatestautomation.web.components.Footer.pressNewsButton(Footer.java:32)
com.solvd.carinatestautomation.web.HomePageTest.openAndVerifyDigitalExtremesPage(HomePageTest.java:104)
com.solvd.carinatestautomation.web.HomePageTest.verifyNewsButtonTest(HomePageTest.java:47)
java.base/jdk.internal.reflect.NativeMethodAccessorImpl.invoke0(Native Method)
java.base/jdk.internal.reflect.NativeMethodAccessorImpl.invoke(NativeMethodAccessorImpl.java:62)
java.base/jdk.internal.reflect.DelegatingMethodAccessorImpl.invoke(DelegatingMethodAccessorImpl.java:43)
java.base/java.lang.reflect.Method.invoke(Method.java:566)
org.testng.internal.invokers.MethodInvocationHelper.invokeMethod(MethodInvocationHelper.java:139)
org.testng.internal.invokers.TestInvoker.invokeMethod(TestInvoker.java:664)
org.testng.internal.invokers.TestInvoker.invokeTestMethod(TestInvoker.java:228)
org.testng.internal.invokers.MethodRunner.runInSequence(MethodRunner.java:63)
org.testng.internal.invokers.TestInvoker$MethodInvocationAgent.invoke(TestInvoker.java:961)
org.testng.internal.invokers.TestInvoker.invokeTestMethods(TestInvoker.java:201)
org.testng.internal.invokers.TestMethodWorker.invokeTestMethods(TestMethodWorker.java:148)
org.testng.internal.invokers.TestMethodWorker.run(TestMethodWorker.java:128)
java.base/java.util.ArrayList.forEach(ArrayList.java:1541)
org.testng.TestRunner.privateRun(TestRunner.java:819)
org.testng.TestRunner.run(TestRunner.java:619)
org.testng.SuiteRunner.runTest(SuiteRunner.java:443)
org.testng.SuiteRunner.runSequentially(SuiteRunner.java:437)
org.testng.SuiteRunner.privateRun(SuiteRunner.java:397)
org.testng.SuiteRunner.run(SuiteRunner.java:336)
org.testng.SuiteRunnerWorker.runSuite(SuiteRunnerWorker.java:52)
org.testng.SuiteRunnerWorker.run(SuiteRunnerWorker.java:95)
org.testng.TestNG.runSuitesSequentially(TestNG.java:1301)
org.testng.TestNG.runSuitesLocally(TestNG.java:1228)
org.testng.TestNG.runSuites(TestNG.java:1134)
org.testng.TestNG.run(TestNG.java:1101)
org.apache.maven.surefire.testng.TestNGExecutor.run(TestNGExecutor.java:155)
org.apache.maven.surefire.testng.TestNGDirectoryTestSuite.executeMulti(TestNGDirectoryTestSuite.java:169)
org.apache.maven.surefire.testng.TestNGDirectoryTestSuite.execute(TestNGDirectoryTestSuite.java:88)
org.apache.maven.surefire.testng.TestNGProvider.invoke(TestNGProvider.java:137)
org.apache.maven.surefire.booter.ForkedBooter.runSuitesInProcess(ForkedBooter.java:385)
org.apache.maven.surefire.booter.ForkedBooter.execute(ForkedBooter.java:162)
org.apache.maven.surefire.booter.ForkedBooter.run(ForkedBooter.java:507)
org.apache.maven.surefire.booter.ForkedBooter.main(ForkedBooter.java:495)
]]></system-out>
  </testcase>
  <testcase name="verifyPrivacyPolicyButtonTest" classname="com.solvd.carinatestautomation.web.HomePageTest" time="8.895">
    <failure message="element click intercepted: Element &lt;a class=&quot;FooterNavigationLink&quot; id=&quot;lnkFooterPrivPolicy&quot; href=&quot;https://www.warframe.com/privacy&quot;&gt;...&lt;/a&gt; is not clickable at point (1321, 907). Other element would receive the click: &lt;a class=&quot;HomeNewsTile&quot; href=&quot;https://www.warframe.com/news/devstream-176-overview&quot; style=&quot;background-image: url(https://www-static.warframe.com/uploads/thumbnails/77c79f9a620e4478a5c056dcc46f902_1280x720.png);&quot;&gt;...&lt;/a&gt;&#10;  (Session info: chrome=121.0.6167.141)&#10;Build info: version: &apos;4.13.0&apos;, revision: &apos;ba948ece5b*&apos;&#10;System info: os.name: &apos;Windows 10&apos;, os.arch: &apos;amd64&apos;, os.version: &apos;10.0&apos;, java.version: &apos;11.0.19&apos;&#10;Driver info: org.openqa.selenium.remote.RemoteWebDriver&#10;Command: [77b37ecb49de4077e5b79c39dc30f782, clickElement {id=5406F424C9B7B9DBCE5DF9D955B157FA_element_120}]&#10;Capabilities {acceptInsecureCerts: true, browserName: chrome, browserVersion: 121.0.6167.141, chrome: {chromedriverVersion: 121.0.6167.85 (3f98d690ad7e..., userDataDir: C:\Users\lawte\AppData\Loca...}, fedcm:accounts: true, goog:chromeOptions: {debuggerAddress: localhost:57896}, networkConnectionEnabled: false, pageLoadStrategy: normal, platformName: Windows 10, proxy: Proxy(), se:bidiEnabled: false, se:cdp: ws://192.168.56.1:4444/sess..., se:cdpVersion: 121.0.6167.141, setWindowRect: true, strictFileInteractability: false, timeouts: {implicit: 0, pageLoad: 300000, script: 30000}, unhandledPromptBehavior: dismiss and notify, webauthn:extension:credBlob: true, webauthn:extension:largeBlob: true, webauthn:extension:minPinLength: true, webauthn:extension:prf: true, webauthn:virtualAuthenticators: true}&#10;Element: [[[[RemoteWebDriver: chrome on Windows 10 (77b37ecb49de4077e5b79c39dc30f782)] -&gt; id: footer]] -&gt; xpath: /html/body/div[2]/div[1]/div/div[2]/div/a[4]]&#10;Session ID: 77b37ecb49de4077e5b79c39dc30f782" type="org.openqa.selenium.ElementClickInterceptedException"><![CDATA[org.openqa.selenium.ElementClickInterceptedException: 
element click intercepted: Element <a class="FooterNavigationLink" id="lnkFooterPrivPolicy" href="https://www.warframe.com/privacy">...</a> is not clickable at point (1321, 907). Other element would receive the click: <a class="HomeNewsTile" href="https://www.warframe.com/news/devstream-176-overview" style="background-image: url(https://www-static.warframe.com/uploads/thumbnails/77c79f9a620e4478a5c056dcc46f902_1280x720.png);">...</a>
  (Session info: chrome=121.0.6167.141)
Build info: version: '4.13.0', revision: 'ba948ece5b*'
System info: os.name: 'Windows 10', os.arch: 'amd64', os.version: '10.0', java.version: '11.0.19'
Driver info: org.openqa.selenium.remote.RemoteWebDriver
Command: [77b37ecb49de4077e5b79c39dc30f782, clickElement {id=5406F424C9B7B9DBCE5DF9D955B157FA_element_120}]
Capabilities {acceptInsecureCerts: true, browserName: chrome, browserVersion: 121.0.6167.141, chrome: {chromedriverVersion: 121.0.6167.85 (3f98d690ad7e..., userDataDir: C:\Users\lawte\AppData\Loca...}, fedcm:accounts: true, goog:chromeOptions: {debuggerAddress: localhost:57896}, networkConnectionEnabled: false, pageLoadStrategy: normal, platformName: Windows 10, proxy: Proxy(), se:bidiEnabled: false, se:cdp: ws://192.168.56.1:4444/sess..., se:cdpVersion: 121.0.6167.141, setWindowRect: true, strictFileInteractability: false, timeouts: {implicit: 0, pageLoad: 300000, script: 30000}, unhandledPromptBehavior: dismiss and notify, webauthn:extension:credBlob: true, webauthn:extension:largeBlob: true, webauthn:extension:minPinLength: true, webauthn:extension:prf: true, webauthn:virtualAuthenticators: true}
Element: [[[[RemoteWebDriver: chrome on Windows 10 (77b37ecb49de4077e5b79c39dc30f782)] -> id: footer]] -> xpath: /html/body/div[2]/div[1]/div/div[2]/div/a[4]]
Session ID: 77b37ecb49de4077e5b79c39dc30f782
	at java.base/jdk.internal.reflect.NativeConstructorAccessorImpl.newInstance0(Native Method)
	at java.base/jdk.internal.reflect.NativeConstructorAccessorImpl.newInstance(NativeConstructorAccessorImpl.java:62)
	at java.base/jdk.internal.reflect.DelegatingConstructorAccessorImpl.newInstance(DelegatingConstructorAccessorImpl.java:45)
	at java.base/java.lang.reflect.Constructor.newInstance(Constructor.java:490)
	at org.openqa.selenium.remote.codec.w3c.W3CHttpResponseCodec.createException(W3CHttpResponseCodec.java:200)
	at org.openqa.selenium.remote.codec.w3c.W3CHttpResponseCodec.decode(W3CHttpResponseCodec.java:133)
	at org.openqa.selenium.remote.codec.w3c.W3CHttpResponseCodec.decode(W3CHttpResponseCodec.java:52)
	at org.openqa.selenium.remote.HttpCommandExecutor.execute(HttpCommandExecutor.java:191)
	at com.zebrunner.carina.webdriver.listener.EventFiringSeleniumCommandExecutor.execute(EventFiringSeleniumCommandExecutor.java:52)
	at org.openqa.selenium.remote.RemoteWebDriver.execute(RemoteWebDriver.java:602)
	at org.openqa.selenium.remote.RemoteWebElement.execute(RemoteWebElement.java:224)
	at org.openqa.selenium.remote.RemoteWebElement.click(RemoteWebElement.java:77)
	at java.base/jdk.internal.reflect.NativeMethodAccessorImpl.invoke0(Native Method)
	at java.base/jdk.internal.reflect.NativeMethodAccessorImpl.invoke(NativeMethodAccessorImpl.java:62)
	at java.base/jdk.internal.reflect.DelegatingMethodAccessorImpl.invoke(DelegatingMethodAccessorImpl.java:43)
	at java.base/java.lang.reflect.Method.invoke(Method.java:566)
	at org.openqa.selenium.support.decorators.WebDriverDecorator.call(WebDriverDecorator.java:249)
	at org.openqa.selenium.support.decorators.DefaultDecorated.call(DefaultDecorated.java:48)
	at org.openqa.selenium.support.decorators.WebDriverDecorator.lambda$createProxy$2(WebDriverDecorator.java:321)
	at net.bytebuddy.renamed.java.lang.Object$ByteBuddy$UcklsSFM.click(Unknown Source)
	at com.zebrunner.carina.webdriver.decorator.ExtendedWebElement$3.doClick(ExtendedWebElement.java:1491)
	at com.zebrunner.carina.webdriver.decorator.ExtendedWebElement.executeAction(ExtendedWebElement.java:1351)
	at com.zebrunner.carina.webdriver.decorator.ExtendedWebElement.overrideAction(ExtendedWebElement.java:1485)
	at com.zebrunner.carina.webdriver.decorator.ExtendedWebElement.doAction(ExtendedWebElement.java:1464)
	at com.zebrunner.carina.webdriver.decorator.ExtendedWebElement.doAction(ExtendedWebElement.java:1441)
	at com.zebrunner.carina.webdriver.decorator.ExtendedWebElement.click(ExtendedWebElement.java:743)
	at com.zebrunner.carina.webdriver.decorator.ExtendedWebElement.click(ExtendedWebElement.java:723)
	at com.zebrunner.carina.webdriver.decorator.ExtendedWebElement.click(ExtendedWebElement.java:705)
	at com.solvd.carinatestautomation.web.components.Footer.pressPrivacyPolicyButton(Footer.java:42)
	at com.solvd.carinatestautomation.web.HomePageTest.openAndVerifyPrivacyPolicyPage(HomePageTest.java:118)
	at com.solvd.carinatestautomation.web.HomePageTest.verifyPrivacyPolicyButtonTest(HomePageTest.java:61)
	at java.base/jdk.internal.reflect.NativeMethodAccessorImpl.invoke0(Native Method)
	at java.base/jdk.internal.reflect.NativeMethodAccessorImpl.invoke(NativeMethodAccessorImpl.java:62)
	at java.base/jdk.internal.reflect.DelegatingMethodAccessorImpl.invoke(DelegatingMethodAccessorImpl.java:43)
	at java.base/java.lang.reflect.Method.invoke(Method.java:566)
	at org.testng.internal.invokers.MethodInvocationHelper.invokeMethod(MethodInvocationHelper.java:139)
	at org.testng.internal.invokers.TestInvoker.invokeMethod(TestInvoker.java:664)
	at org.testng.internal.invokers.TestInvoker.invokeTestMethod(TestInvoker.java:228)
	at org.testng.internal.invokers.MethodRunner.runInSequence(MethodRunner.java:63)
	at org.testng.internal.invokers.TestInvoker$MethodInvocationAgent.invoke(TestInvoker.java:961)
	at org.testng.internal.invokers.TestInvoker.invokeTestMethods(TestInvoker.java:201)
	at org.testng.internal.invokers.TestMethodWorker.invokeTestMethods(TestMethodWorker.java:148)
	at org.testng.internal.invokers.TestMethodWorker.run(TestMethodWorker.java:128)
	at java.base/java.util.ArrayList.forEach(ArrayList.java:1541)
	at org.testng.TestRunner.privateRun(TestRunner.java:819)
	at org.testng.TestRunner.run(TestRunner.java:619)
	at org.testng.SuiteRunner.runTest(SuiteRunner.java:443)
	at org.testng.SuiteRunner.runSequentially(SuiteRunner.java:437)
	at org.testng.SuiteRunner.privateRun(SuiteRunner.java:397)
	at org.testng.SuiteRunner.run(SuiteRunner.java:336)
	at org.testng.SuiteRunnerWorker.runSuite(SuiteRunnerWorker.java:52)
	at org.testng.SuiteRunnerWorker.run(SuiteRunnerWorker.java:95)
	at org.testng.TestNG.runSuitesSequentially(TestNG.java:1301)
	at org.testng.TestNG.runSuitesLocally(TestNG.java:1228)
	at org.testng.TestNG.runSuites(TestNG.java:1134)
	at org.testng.TestNG.run(TestNG.java:1101)
	at org.apache.maven.surefire.testng.TestNGExecutor.run(TestNGExecutor.java:155)
	at org.apache.maven.surefire.testng.TestNGDirectoryTestSuite.executeMulti(TestNGDirectoryTestSuite.java:169)
	at org.apache.maven.surefire.testng.TestNGDirectoryTestSuite.execute(TestNGDirectoryTestSuite.java:88)
	at org.apache.maven.surefire.testng.TestNGProvider.invoke(TestNGProvider.java:137)
	at org.apache.maven.surefire.booter.ForkedBooter.runSuitesInProcess(ForkedBooter.java:385)
	at org.apache.maven.surefire.booter.ForkedBooter.execute(ForkedBooter.java:162)
	at org.apache.maven.surefire.booter.ForkedBooter.run(ForkedBooter.java:507)
	at org.apache.maven.surefire.booter.ForkedBooter.main(ForkedBooter.java:495)
]]></failure>
    <system-out><![CDATA[2024-02-09 03:06:39 TestRunRegistrar [main-1] [WARN] Reporting disabled: using no op test run registrar
2024-02-09 03:06:39 Messager [main-1] [INFO] TEST [Surefire test - verifyPrivacyPolicyButtonTest] STARTED at [03:06:39 2024-02-09]
2024-02-09 03:06:39 DriverFactory [main-1] [INFO] Starting driver session...
2024-02-09 03:06:40 DriverFactory [main-1] [INFO] Driver session started.
2024-02-09 03:06:40 Messager [main-1] [INFO] INFO: opening url 'https://www.warframe.com/landing'
2024-02-09 03:06:43 DriverListener [main-1] [INFO] Element 'continueToHomeButton' is clicked.
2024-02-09 03:06:43 Messager [main-1] [INFO] INFO: opening url 'https://www.warframe.com'
2024-02-09 03:06:48 Messager [main-1] [ERROR] TEST [Surefire test - verifyPrivacyPolicyButtonTest] FAILED at [03:06:48 2024-02-09] - element click intercepted: Element <a class="FooterNavigationLink" id="lnkFooterPrivPolicy" href="https://www.warframe.com/privacy">...</a> is not clickable at point (1321, 907). Other element would receive the click: <a class="HomeNewsTile" href="https://www.warframe.com/news/devstream-176-overview" style="background-image: url(https://www-static.warframe.com/uploads/thumbnails/77c79f9a620e4478a5c056dcc46f902_1280x720.png);">...</a>
  (Session info: chrome=121.0.6167.141)
Build info: version: '4.13.0', revision: 'ba948ece5b*'
System info: os.name: 'Windows 10', os.arch: 'amd64', os.version: '10.0', java.version: '11.0.19'
Driver info: org.openqa.selenium.remote.RemoteWebDriver
Command: [77b37ecb49de4077e5b79c39dc30f782, clickElement {id=5406F424C9B7B9DBCE5DF9D955B157FA_element_120}]
Capabilities {acceptInsecureCerts: true, browserName: chrome, browserVersion: 121.0.6167.141, chrome: {chromedriverVersion: 121.0.6167.85 (3f98d690ad7e..., userDataDir: C:\Users\lawte\AppData\Loca...}, fedcm:accounts: true, goog:chromeOptions: {debuggerAddress: localhost:57896}, networkConnectionEnabled: false, pageLoadStrategy: normal, platformName: Windows 10, proxy: Proxy(), se:bidiEnabled: false, se:cdp: ws://192.168.56.1:4444/sess..., se:cdpVersion: 121.0.6167.141, setWindowRect: true, strictFileInteractability: false, timeouts: {implicit: 0, pageLoad: 300000, script: 30000}, unhandledPromptBehavior: dismiss and notify, webauthn:extension:credBlob: true, webauthn:extension:largeBlob: true, webauthn:extension:minPinLength: true, webauthn:extension:prf: true, webauthn:virtualAuthenticators: true}
Element: [[[[RemoteWebDriver: chrome on Windows 10 (77b37ecb49de4077e5b79c39dc30f782)] -> id: footer]] -> xpath: /html/body/div[2]/div[1]/div/div[2]/div/a[4]]
Session ID: 77b37ecb49de4077e5b79c39dc30f782

java.base/jdk.internal.reflect.NativeConstructorAccessorImpl.newInstance0(Native Method)
java.base/jdk.internal.reflect.NativeConstructorAccessorImpl.newInstance(NativeConstructorAccessorImpl.java:62)
java.base/jdk.internal.reflect.DelegatingConstructorAccessorImpl.newInstance(DelegatingConstructorAccessorImpl.java:45)
java.base/java.lang.reflect.Constructor.newInstance(Constructor.java:490)
org.openqa.selenium.remote.codec.w3c.W3CHttpResponseCodec.createException(W3CHttpResponseCodec.java:200)
org.openqa.selenium.remote.codec.w3c.W3CHttpResponseCodec.decode(W3CHttpResponseCodec.java:133)
org.openqa.selenium.remote.codec.w3c.W3CHttpResponseCodec.decode(W3CHttpResponseCodec.java:52)
org.openqa.selenium.remote.HttpCommandExecutor.execute(HttpCommandExecutor.java:191)
com.zebrunner.carina.webdriver.listener.EventFiringSeleniumCommandExecutor.execute(EventFiringSeleniumCommandExecutor.java:52)
org.openqa.selenium.remote.RemoteWebDriver.execute(RemoteWebDriver.java:602)
org.openqa.selenium.remote.RemoteWebElement.execute(RemoteWebElement.java:224)
org.openqa.selenium.remote.RemoteWebElement.click(RemoteWebElement.java:77)
java.base/jdk.internal.reflect.NativeMethodAccessorImpl.invoke0(Native Method)
java.base/jdk.internal.reflect.NativeMethodAccessorImpl.invoke(NativeMethodAccessorImpl.java:62)
java.base/jdk.internal.reflect.DelegatingMethodAccessorImpl.invoke(DelegatingMethodAccessorImpl.java:43)
java.base/java.lang.reflect.Method.invoke(Method.java:566)
org.openqa.selenium.support.decorators.WebDriverDecorator.call(WebDriverDecorator.java:249)
org.openqa.selenium.support.decorators.DefaultDecorated.call(DefaultDecorated.java:48)
org.openqa.selenium.support.decorators.WebDriverDecorator.lambda$createProxy$2(WebDriverDecorator.java:321)
net.bytebuddy.renamed.java.lang.Object$ByteBuddy$UcklsSFM.click(Unknown Source)
com.zebrunner.carina.webdriver.decorator.ExtendedWebElement$3.doClick(ExtendedWebElement.java:1491)
com.zebrunner.carina.webdriver.decorator.ExtendedWebElement.executeAction(ExtendedWebElement.java:1351)
com.zebrunner.carina.webdriver.decorator.ExtendedWebElement.overrideAction(ExtendedWebElement.java:1485)
com.zebrunner.carina.webdriver.decorator.ExtendedWebElement.doAction(ExtendedWebElement.java:1464)
com.zebrunner.carina.webdriver.decorator.ExtendedWebElement.doAction(ExtendedWebElement.java:1441)
com.zebrunner.carina.webdriver.decorator.ExtendedWebElement.click(ExtendedWebElement.java:743)
com.zebrunner.carina.webdriver.decorator.ExtendedWebElement.click(ExtendedWebElement.java:723)
com.zebrunner.carina.webdriver.decorator.ExtendedWebElement.click(ExtendedWebElement.java:705)
com.solvd.carinatestautomation.web.components.Footer.pressPrivacyPolicyButton(Footer.java:42)
com.solvd.carinatestautomation.web.HomePageTest.openAndVerifyPrivacyPolicyPage(HomePageTest.java:118)
com.solvd.carinatestautomation.web.HomePageTest.verifyPrivacyPolicyButtonTest(HomePageTest.java:61)
java.base/jdk.internal.reflect.NativeMethodAccessorImpl.invoke0(Native Method)
java.base/jdk.internal.reflect.NativeMethodAccessorImpl.invoke(NativeMethodAccessorImpl.java:62)
[...]
	at org.openqa.selenium.support.decorators.DefaultDecorated.call(DefaultDecorated.java:48)
	at org.openqa.selenium.support.decorators.WebDriverDecorator.lambda$createProxy$2(WebDriverDecorator.java:321)
	at net.bytebuddy.renamed.java.lang.Object$ByteBuddy$QMvEglhk.click(Unknown Source)
	at com.zebrunner.carina.webdriver.decorator.ExtendedWebElement$3.doClick(ExtendedWebElement.java:1491)
	at com.zebrunner.carina.webdriver.decorator.ExtendedWebElement.executeAction(ExtendedWebElement.java:1351)
	at com.zebrunner.carina.webdriver.decorator.ExtendedWebElement.overrideAction(ExtendedWebElement.java:1485)
	at com.zebrunner.carina.webdriver.decorator.ExtendedWebElement.doAction(ExtendedWebElement.java:1464)
	at com.zebrunner.carina.webdriver.decorator.ExtendedWebElement.doAction(ExtendedWebElement.java:1441)
	at com.zebrunner.carina.webdriver.decorator.ExtendedWebElement.click(ExtendedWebElement.java:743)
	at com.zebrunner.carina.webdriver.decorator.ExtendedWebElement.click(ExtendedWebElement.java:723)
	at com.zebrunner.carina.webdriver.decorator.ExtendedWebElement.click(ExtendedWebElement.java:705)
	at com.solvd.carinatestautomation.web.components.Footer.pressTermsOfUseButton(Footer.java:37)
	at com.solvd.carinatestautomation.web.HomePageTest.openAndVerifyTermsOfUsePage(HomePageTest.java:111)
	at com.solvd.carinatestautomation.web.HomePageTest.verifyTermsOfUseButtonTest(HomePageTest.java:54)
	at java.base/jdk.internal.reflect.NativeMethodAccessorImpl.invoke0(Native Method)
	at java.base/jdk.internal.reflect.NativeMethodAccessorImpl.invoke(NativeMethodAccessorImpl.java:62)
	at java.base/jdk.internal.reflect.DelegatingMethodAccessorImpl.invoke(DelegatingMethodAccessorImpl.java:43)
	at java.base/java.lang.reflect.Method.invoke(Method.java:566)
	at org.testng.internal.invokers.MethodInvocationHelper.invokeMethod(MethodInvocationHelper.java:139)
	at org.testng.internal.invokers.TestInvoker.invokeMethod(TestInvoker.java:664)
	at org.testng.internal.invokers.TestInvoker.invokeTestMethod(TestInvoker.java:228)
	at org.testng.internal.invokers.MethodRunner.runInSequence(MethodRunner.java:63)
	at org.testng.internal.invokers.TestInvoker$MethodInvocationAgent.invoke(TestInvoker.java:961)
	at org.testng.internal.invokers.TestInvoker.invokeTestMethods(TestInvoker.java:201)
	at org.testng.internal.invokers.TestMethodWorker.invokeTestMethods(TestMethodWorker.java:148)
	at org.testng.internal.invokers.TestMethodWorker.run(TestMethodWorker.java:128)
	at java.base/java.util.ArrayList.forEach(ArrayList.java:1541)
	at org.testng.TestRunner.privateRun(TestRunner.java:819)
	at org.testng.TestRunner.run(TestRunner.java:619)
	at org.testng.SuiteRunner.runTest(SuiteRunner.java:443)
	at org.testng.SuiteRunner.runSequentially(SuiteRunner.java:437)
	at org.testng.SuiteRunner.privateRun(SuiteRunner.java:397)
	at org.testng.SuiteRunner.run(SuiteRunner.java:336)
	at org.testng.SuiteRunnerWorker.runSuite(SuiteRunnerWorker.java:52)
	at org.testng.SuiteRunnerWorker.run(SuiteRunnerWorker.java:95)
	at org.testng.TestNG.runSuitesSequentially(TestNG.java:1301)
	at org.testng.TestNG.runSuitesLocally(TestNG.java:1228)
	at org.testng.TestNG.runSuites(TestNG.java:1134)
	at org.testng.TestNG.run(TestNG.java:1101)
	at org.apache.maven.surefire.testng.TestNGExecutor.run(TestNGExecutor.java:155)
	at org.apache.maven.surefire.testng.TestNGDirectoryTestSuite.executeMulti(TestNGDirectoryTestSuite.java:169)
	at org.apache.maven.surefire.testng.TestNGDirectoryTestSuite.execute(TestNGDirectoryTestSuite.java:88)
	at org.apache.maven.surefire.testng.TestNGProvider.invoke(TestNGProvider.java:137)
	at org.apache.maven.surefire.booter.ForkedBooter.runSuitesInProcess(ForkedBooter.java:385)
	at org.apache.maven.surefire.booter.ForkedBooter.execute(ForkedBooter.java:162)
	at org.apache.maven.surefire.booter.ForkedBooter.run(ForkedBooter.java:507)
	at org.apache.maven.surefire.booter.ForkedBooter.main(ForkedBooter.java:495)
]]></failure>
    <system-out><![CDATA[2024-02-09 03:06:56 TestRunRegistrar [main-1] [WARN] Reporting disabled: using no op test run registrar
2024-02-09 03:06:56 Messager [main-1] [INFO] TEST [Surefire test - verifyTermsOfUseButtonTest] STARTED at [03:06:56 2024-02-09]
2024-02-09 03:06:56 DriverFactory [main-1] [INFO] Starting driver session...
2024-02-09 03:06:57 DriverFactory [main-1] [INFO] Driver session started.
2024-02-09 03:06:57 Messager [main-1] [INFO] INFO: opening url 'https://www.warframe.com/landing'
2024-02-09 03:06:59 DriverListener [main-1] [INFO] Element 'continueToHomeButton' is clicked.
2024-02-09 03:06:59 Messager [main-1] [INFO] INFO: opening url 'https://www.warframe.com'
2024-02-09 03:07:03 Messager [main-1] [ERROR] TEST [Surefire test - verifyTermsOfUseButtonTest] FAILED at [03:07:03 2024-02-09] - element click intercepted: Element <a class="FooterNavigationLink" id="lnkFooterTOU" href="https://www.warframe.com/terms">...</a> is not clickable at point (1150, 907). Other element would receive the click: <a class="HomeNewsTile" href="https://www.warframe.com/news/devstream-176-overview" style="background-image: url(https://www-static.warframe.com/uploads/thumbnails/77c79f9a620e4478a5c056dcc46f902_1280x720.png);">...</a>
  (Session info: chrome=121.0.6167.141)
Build info: version: '4.13.0', revision: 'ba948ece5b*'
System info: os.name: 'Windows 10', os.arch: 'amd64', os.version: '10.0', java.version: '11.0.19'
Driver info: org.openqa.selenium.remote.RemoteWebDriver
Command: [a82be4d881581dffc5889bfe889e2bee, clickElement {id=74D09D96E84F706451C83F7A497A0A64_element_121}]
Capabilities {acceptInsecureCerts: true, browserName: chrome, browserVersion: 121.0.6167.141, chrome: {chromedriverVersion: 121.0.6167.85 (3f98d690ad7e..., userDataDir: C:\Users\lawte\AppData\Loca...}, fedcm:accounts: true, goog:chromeOptions: {debuggerAddress: localhost:58114}, networkConnectionEnabled: false, pageLoadStrategy: normal, platformName: Windows 10, proxy: Proxy(), se:bidiEnabled: false, se:cdp: ws://192.168.56.1:4444/sess..., se:cdpVersion: 121.0.6167.141, setWindowRect: true, strictFileInteractability: false, timeouts: {implicit: 0, pageLoad: 300000, script: 30000}, unhandledPromptBehavior: dismiss and notify, webauthn:extension:credBlob: true, webauthn:extension:largeBlob: true, webauthn:extension:minPinLength: true, webauthn:extension:prf: true, webauthn:virtualAuthenticators: true}
Element: [[[[RemoteWebDriver: chrome on Windows 10 (a82be4d881581dffc5889bfe889e2bee)] -> id: footer]] -> xpath: /html/body/div[2]/div[1]/div/div[2]/div/a[3]]
Session ID: a82be4d881581dffc5889bfe889e2bee

java.base/jdk.internal.reflect.NativeConstructorAccessorImpl.newInstance0(Native Method)
java.base/jdk.internal.reflect.NativeConstructorAccessorImpl.newInstance(NativeConstructorAccessorImpl.java:62)
java.base/jdk.internal.reflect.DelegatingConstructorAccessorImpl.newInstance(DelegatingConstructorAccessorImpl.java:45)
java.base/java.lang.reflect.Constructor.newInstance(Constructor.java:490)
org.openqa.selenium.remote.codec.w3c.W3CHttpResponseCodec.createException(W3CHttpResponseCodec.java:200)
org.openqa.selenium.remote.codec.w3c.W3CHttpResponseCodec.decode(W3CHttpResponseCodec.java:133)
org.openqa.selenium.remote.codec.w3c.W3CHttpResponseCodec.decode(W3CHttpResponseCodec.java:52)
org.openqa.selenium.remote.HttpCommandExecutor.execute(HttpCommandExecutor.java:191)
com.zebrunner.carina.webdriver.listener.EventFiringSeleniumCommandExecutor.execute(EventFiringSeleniumCommandExecutor.java:52)
org.openqa.selenium.remote.RemoteWebDriver.execute(RemoteWebDriver.java:602)
org.openqa.selenium.remote.RemoteWebElement.execute(RemoteWebElement.java:224)
org.openqa.selenium.remote.RemoteWebElement.click(RemoteWebElement.java:77)
java.base/jdk.internal.reflect.NativeMethodAccessorImpl.invoke0(Native Method)
java.base/jdk.internal.reflect.NativeMethodAccessorImpl.invoke(NativeMethodAccessorImpl.java:62)
java.base/jdk.internal.reflect.DelegatingMethodAccessorImpl.invoke(DelegatingMethodAccessorImpl.java:43)
java.base/java.lang.reflect.Method.invoke(Method.java:566)
org.openqa.selenium.support.decorators.WebDriverDecorator.call(WebDriverDecorator.java:249)
org.openqa.selenium.support.decorators.DefaultDecorated.call(DefaultDecorated.java:48)
org.openqa.selenium.support.decorators.WebDriverDecorator.lambda$createProxy$2(WebDriverDecorator.java:321)
net.bytebuddy.renamed.java.lang.Object$ByteBuddy$QMvEglhk.click(Unknown Source)
com.zebrunner.carina.webdriver.decorator.ExtendedWebElement$3.doClick(ExtendedWebElement.java:1491)
com.zebrunner.carina.webdriver.decorator.ExtendedWebElement.executeAction(ExtendedWebElement.java:1351)
com.zebrunner.carina.webdriver.decorator.ExtendedWebElement.overrideAction(ExtendedWebElement.java:1485)
com.zebrunner.carina.webdriver.decorator.ExtendedWebElement.doAction(ExtendedWebElement.java:1464)
com.zebrunner.carina.webdriver.decorator.ExtendedWebElement.doAction(ExtendedWebElement.java:1441)
com.zebrunner.carina.webdriver.decorator.ExtendedWebElement.click(ExtendedWebElement.java:743)
com.zebrunner.carina.webdriver.decorator.ExtendedWebElement.click(ExtendedWebElement.java:723)
com.zebrunner.carina.webdriver.decorator.ExtendedWebElement.click(ExtendedWebElement.java:705)
com.solvd.carinatestautomation.web.components.Footer.pressTermsOfUseButton(Footer.java:37)
com.solvd.carinatestautomation.web.HomePageTest.openAndVerifyTermsOfUsePage(HomePageTest.java:111)
com.solvd.carinatestautomation.web.HomePageTest.verifyTermsOfUseButtonTest(HomePageTest.java:54)
java.base/jdk.internal.reflect.NativeMethodAccessorImpl.invoke0(Native Method)
java.base/jdk.internal.reflect.NativeMethodAccessorImpl.invoke(NativeMethodAccessorImpl.java:62)
java.base/jdk.internal.reflect.DelegatingMethodAccessorImpl.invoke(DelegatingMethodAccessorImpl.java:43)
java.base/java.lang.reflect.Method.invoke(Method.java:566)
org.testng.internal.invokers.MethodInvocationHelper.invokeMethod(MethodInvocationHelper.java:139)
org.testng.internal.invokers.TestInvoker.invokeMethod(TestInvoker.java:664)
org.testng.internal.invokers.TestInvoker.invokeTestMethod(TestInvoker.java:228)
org.testng.internal.invokers.MethodRunner.runInSequence(MethodRunner.java:63)
org.testng.internal.invokers.TestInvoker$MethodInvocationAgent.invoke(TestInvoker.java:961)
org.testng.internal.invokers.TestInvoker.invokeTestMethods(TestInvoker.java:201)
org.testng.internal.invokers.TestMethodWorker.invokeTestMethods(TestMethodWorker.java:148)
org.testng.internal.invokers.TestMethodWorker.run(TestMethodWorker.java:128)
java.base/java.util.ArrayList.forEach(ArrayList.java:1541)
org.testng.TestRunner.privateRun(TestRunner.java:819)
org.testng.TestRunner.run(TestRunner.java:619)
org.testng.SuiteRunner.runTest(SuiteRunner.java:443)
org.testng.SuiteRunner.runSequentially(SuiteRunner.java:437)
org.testng.SuiteRunner.privateRun(SuiteRunner.java:397)
org.testng.SuiteRunner.run(SuiteRunner.java:336)
org.testng.SuiteRunnerWorker.runSuite(SuiteRunnerWorker.java:52)
org.testng.SuiteRunnerWorker.run(SuiteRunnerWorker.java:95)
org.testng.TestNG.runSuitesSequentially(TestNG.java:1301)
org.testng.TestNG.runSuitesLocally(TestNG.java:1228)
org.testng.TestNG.runSuites(TestNG.java:1134)
org.testng.TestNG.run(TestNG.java:1101)
org.apache.maven.surefire.testng.TestNGExecutor.run(TestNGExecutor.java:155)
org.apache.maven.surefire.testng.TestNGDirectoryTestSuite.executeMulti(TestNGDirectoryTestSuite.java:169)
org.apache.maven.surefire.testng.TestNGDirectoryTestSuite.execute(TestNGDirectoryTestSuite.java:88)
org.apache.maven.surefire.testng.TestNGProvider.invoke(TestNGProvider.java:137)
org.apache.maven.surefire.booter.ForkedBooter.runSuitesInProcess(ForkedBooter.java:385)
org.apache.maven.surefire.booter.ForkedBooter.execute(ForkedBooter.java:162)
org.apache.maven.surefire.booter.ForkedBooter.run(ForkedBooter.java:507)
org.apache.maven.surefire.booter.ForkedBooter.main(ForkedBooter.java:495)
]]></system-out>
  </testcase>
  <testcase name="verifyVideosButtonTest" classname="com.solvd.carinatestautomation.web.HomePageTest" time="5.897">
    <failure message="Getting the value of parameter &apos;url&apos; as required failed: the value is missing." type="com.zebrunner.carina.utils.exception.InvalidConfigurationException"><![CDATA[com.zebrunner.carina.utils.exception.InvalidConfigurationException: Getting the value of parameter 'url' as required failed: the value is missing.
	at com.zebrunner.carina.utils.config.Configuration.lambda$getRequired$0(Configuration.java:163)
	at java.base/java.util.Optional.orElseThrow(Optional.java:408)
	at com.zebrunner.carina.utils.config.Configuration.getRequired(Configuration.java:162)
	at com.zebrunner.carina.utils.config.Configuration.getRequired(Configuration.java:157)
	at com.zebrunner.carina.webdriver.DriverHelper.getEnvArgURL(DriverHelper.java:385)
	at com.zebrunner.carina.webdriver.DriverHelper.openURL(DriverHelper.java:119)
	at com.zebrunner.carina.webdriver.DriverHelper.openURL(DriverHelper.java:109)
	at com.zebrunner.carina.webdriver.DriverHelper.open(DriverHelper.java:100)
	at com.solvd.carinatestautomation.web.HomePageTest.openAndVerifyPlayWarframeYouTubePage(HomePageTest.java:98)
	at com.solvd.carinatestautomation.web.HomePageTest.verifyVideosButtonTest(HomePageTest.java:40)
	at java.base/jdk.internal.reflect.NativeMethodAccessorImpl.invoke0(Native Method)
	at java.base/jdk.internal.reflect.NativeMethodAccessorImpl.invoke(NativeMethodAccessorImpl.java:62)
	at java.base/jdk.internal.reflect.DelegatingMethodAccessorImpl.invoke(DelegatingMethodAccessorImpl.java:43)
	at java.base/java.lang.reflect.Method.invoke(Method.java:566)
	at org.testng.internal.invokers.MethodInvocationHelper.invokeMethod(MethodInvocationHelper.java:139)
	at org.testng.internal.invokers.TestInvoker.invokeMethod(TestInvoker.java:664)
	at org.testng.internal.invokers.TestInvoker.invokeTestMethod(TestInvoker.java:228)
	at org.testng.internal.invokers.MethodRunner.runInSequence(MethodRunner.java:63)
	at org.testng.internal.invokers.TestInvoker$MethodInvocationAgent.invoke(TestInvoker.java:961)
	at org.testng.internal.invokers.TestInvoker.invokeTestMethods(TestInvoker.java:201)
	at org.testng.internal.invokers.TestMethodWorker.invokeTestMethods(TestMethodWorker.java:148)
	at org.testng.internal.invokers.TestMethodWorker.run(TestMethodWorker.java:128)
	at java.base/java.util.ArrayList.forEach(ArrayList.java:1541)
	at org.testng.TestRunner.privateRun(TestRunner.java:819)
	at org.testng.TestRunner.run(TestRunner.java:619)
	at org.testng.SuiteRunner.runTest(SuiteRunner.java:443)
	at org.testng.SuiteRunner.runSequentially(SuiteRunner.java:437)
	at org.testng.SuiteRunner.privateRun(SuiteRunner.java:397)
	at org.testng.SuiteRunner.run(SuiteRunner.java:336)
	at org.testng.SuiteRunnerWorker.runSuite(SuiteRunnerWorker.java:52)
	at org.testng.SuiteRunnerWorker.run(SuiteRunnerWorker.java:95)
	at org.testng.TestNG.runSuitesSequentially(TestNG.java:1301)
	at org.testng.TestNG.runSuitesLocally(TestNG.java:1228)
	at org.testng.TestNG.runSuites(TestNG.java:1134)
	at org.testng.TestNG.run(TestNG.java:1101)
	at org.apache.maven.surefire.testng.TestNGExecutor.run(TestNGExecutor.java:155)
	at org.apache.maven.surefire.testng.TestNGDirectoryTestSuite.executeMulti(TestNGDirectoryTestSuite.java:169)
	at org.apache.maven.surefire.testng.TestNGDirectoryTestSuite.execute(TestNGDirectoryTestSuite.java:88)
	at org.apache.maven.surefire.testng.TestNGProvider.invoke(TestNGProvider.java:137)
	at org.apache.maven.surefire.booter.ForkedBooter.runSuitesInProcess(ForkedBooter.java:385)
	at org.apache.maven.surefire.booter.ForkedBooter.execute(ForkedBooter.java:162)
	at org.apache.maven.surefire.booter.ForkedBooter.run(ForkedBooter.java:507)
	at org.apache.maven.surefire.booter.ForkedBooter.main(ForkedBooter.java:495)
]]></failure>
    <system-out><![CDATA[2024-02-09 03:07:03 TestRunRegistrar [main-1] [WARN] Reporting disabled: using no op test run registrar
2024-02-09 03:07:03 Messager [main-1] [INFO] TEST [Surefire test - verifyVideosButtonTest] STARTED at [03:07:03 2024-02-09]
2024-02-09 03:07:03 DriverFactory [main-1] [INFO] Starting driver session...
2024-02-09 03:07:04 DriverFactory [main-1] [INFO] Driver session started.
2024-02-09 03:07:04 Messager [main-1] [INFO] INFO: opening url 'https://www.warframe.com/landing'
2024-02-09 03:07:06 DriverListener [main-1] [INFO] Element 'continueToHomeButton' is clicked.
2024-02-09 03:07:06 Messager [main-1] [INFO] INFO: opening url 'https://www.warframe.com'
2024-02-09 03:07:07 DriverListener [main-1] [INFO] Element 'videosButton' is clicked.
2024-02-09 03:07:09 Messager [main-1] [ERROR] TEST [Surefire test - verifyVideosButtonTest] FAILED at [03:07:09 2024-02-09] - Getting the value of parameter 'url' as required failed: the value is missing.

com.zebrunner.carina.utils.config.Configuration.lambda$getRequired$0(Configuration.java:163)
java.base/java.util.Optional.orElseThrow(Optional.java:408)
com.zebrunner.carina.utils.config.Configuration.getRequired(Configuration.java:162)
com.zebrunner.carina.utils.config.Configuration.getRequired(Configuration.java:157)
com.zebrunner.carina.webdriver.DriverHelper.getEnvArgURL(DriverHelper.java:385)
com.zebrunner.carina.webdriver.DriverHelper.openURL(DriverHelper.java:119)
com.zebrunner.carina.webdriver.DriverHelper.openURL(DriverHelper.java:109)
com.zebrunner.carina.webdriver.DriverHelper.open(DriverHelper.java:100)
com.solvd.carinatestautomation.web.HomePageTest.openAndVerifyPlayWarframeYouTubePage(HomePageTest.java:98)
com.solvd.carinatestautomation.web.HomePageTest.verifyVideosButtonTest(HomePageTest.java:40)
java.base/jdk.internal.reflect.NativeMethodAccessorImpl.invoke0(Native Method)
java.base/jdk.internal.reflect.NativeMethodAccessorImpl.invoke(NativeMethodAccessorImpl.java:62)
java.base/jdk.internal.reflect.DelegatingMethodAccessorImpl.invoke(DelegatingMethodAccessorImpl.java:43)
java.base/java.lang.reflect.Method.invoke(Method.java:566)
org.testng.internal.invokers.MethodInvocationHelper.invokeMethod(MethodInvocationHelper.java:139)
org.testng.internal.invokers.TestInvoker.invokeMethod(TestInvoker.java:664)
org.testng.internal.invokers.TestInvoker.invokeTestMethod(TestInvoker.java:228)
org.testng.internal.invokers.MethodRunner.runInSequence(MethodRunner.java:63)
org.testng.internal.invokers.TestInvoker$MethodInvocationAgent.invoke(TestInvoker.java:961)
org.testng.internal.invokers.TestInvoker.invokeTestMethods(TestInvoker.java:201)
org.testng.internal.invokers.TestMethodWorker.invokeTestMethods(TestMethodWorker.java:148)
org.testng.internal.invokers.TestMethodWorker.run(TestMethodWorker.java:128)
java.base/java.util.ArrayList.forEach(ArrayList.java:1541)
org.testng.TestRunner.privateRun(TestRunner.java:819)
org.testng.TestRunner.run(TestRunner.java:619)
org.testng.SuiteRunner.runTest(SuiteRunner.java:443)
org.testng.SuiteRunner.runSequentially(SuiteRunner.java:437)
org.testng.SuiteRunner.privateRun(SuiteRunner.java:397)
org.testng.SuiteRunner.run(SuiteRunner.java:336)
org.testng.SuiteRunnerWorker.runSuite(SuiteRunnerWorker.java:52)
org.testng.SuiteRunnerWorker.run(SuiteRunnerWorker.java:95)
org.testng.TestNG.runSuitesSequentially(TestNG.java:1301)
org.testng.TestNG.runSuitesLocally(TestNG.java:1228)
org.testng.TestNG.runSuites(TestNG.java:1134)
org.testng.TestNG.run(TestNG.java:1101)
org.apache.maven.surefire.testng.TestNGExecutor.run(TestNGExecutor.java:155)
org.apache.maven.surefire.testng.TestNGDirectoryTestSuite.executeMulti(TestNGDirectoryTestSuite.java:169)
org.apache.maven.surefire.testng.TestNGDirectoryTestSuite.execute(TestNGDirectoryTestSuite.java:88)
org.apache.maven.surefire.testng.TestNGProvider.invoke(TestNGProvider.java:137)
org.apache.maven.surefire.booter.ForkedBooter.runSuitesInProcess(ForkedBooter.java:385)
org.apache.maven.surefire.booter.ForkedBooter.execute(ForkedBooter.java:162)
org.apache.maven.surefire.booter.ForkedBooter.run(ForkedBooter.java:507)
org.apache.maven.surefire.booter.ForkedBooter.main(ForkedBooter.java:495)
]]></system-out>
  </testcase>
</testsuite>