<?xml version="1.0" encoding="UTF-8"?>
<testsuite xmlns:xsi="http://www.w3.org/2001/XMLSchema-instance" xsi:noNamespaceSchemaLocation="https://maven.apache.org/surefire/maven-surefire-plugin/xsd/surefire-test-report-3.0.xsd" version="3.0" name="com.solvd.carinatestautomation.web.HomePageTest" time="52.664" tests="8" errors="0" skipped="0" failures="5">
  <properties>
[...]
</properties>
  <testcase name="verifyEulaButtonTest" classname="com.solvd.carinatestautomation.web.HomePageTest" time="7.796">
    <failure message="element click intercepted: Element &lt;a class=&quot;FooterNavigationLink&quot; id=&quot;lnkFooter...&quot; href=&quot;https://www.warframe.com/eula&quot;&gt;EULA&lt;/a&gt; is not clickable at point (1462, 907). Other element would receive the click: &lt;a class=&quot;HomeNewsTile&quot; href=&quot;https://www.warframe.com/news/devstream-176-overview&quot; style=&quot;background-image: url(https://www-static.warframe.com/uploads/thumbnails/77c79f9a620e4478a5c056dcc46f902_1280x720.png);&quot;&gt;...&lt;/a&gt;&#10;  (Session info: chrome=121.0.6167.141)&#10;Build info: version: &apos;4.13.0&apos;, revision: &apos;ba948ece5b*&apos;&#10;System info: os.name: &apos;Windows 10&apos;, os.arch: &apos;amd64&apos;, os.version: &apos;10.0&apos;, java.version: &apos;11.0.19&apos;&#10;Driver info: org.openqa.selenium.remote.RemoteWebDriver&#10;Command: [1a4d35e10e5e1c3da3eee7dfd9c5a5d8, clickElement {id=B70F0616476BFE0FA2AE018642940042_element_121}]&#10;Capabilities {acceptInsecureCerts: true, browserName: chrome, browserVersion: 121.0.6167.141, chrome: {chromedriverVersion: 121.0.6167.85 (3f98d690ad7e..., userDataDir: C:\Users\lawte\AppData\Loca...}, fedcm:accounts: true, goog:chromeOptions: {debuggerAddress: localhost:59757}, networkConnectionEnabled: false, pageLoadStrategy: normal, platformName: Windows 10, proxy: Proxy(), se:bidiEnabled: false, se:cdp: ws://192.168.56.1:4444/sess..., se:cdpVersion: 121.0.6167.141, setWindowRect: true, strictFileInteractability: false, timeouts: {implicit: 0, pageLoad: 300000, script: 30000}, unhandledPromptBehavior: dismiss and notify, webauthn:extension:credBlob: true, webauthn:extension:largeBlob: true, webauthn:extension:minPinLength: true, webauthn:extension:prf: true, webauthn:virtualAuthenticators: true}&#10;Element: [[[[RemoteWebDriver: chrome on Windows 10 (1a4d35e10e5e1c3da3eee7dfd9c5a5d8)] -&gt; id: footer]] -&gt; xpath: /html/body/div[2]/div[1]/div/div[2]/div/a[5]]&#10;Session ID: 1a4d35e10e5e1c3da3eee7dfd9c5a5d8" type="org.openqa.selenium.ElementClickInterceptedException"><![CDATA[org.openqa.selenium.ElementClickInterceptedException: 
element click intercepted: Element <a class="FooterNavigationLink" id="lnkFooter..." href="https://www.warframe.com/eula">EULA</a> is not clickable at point (1462, 907). Other element would receive the click: <a class="HomeNewsTile" href="https://www.warframe.com/news/devstream-176-overview" style="background-image: url(https://www-static.warframe.com/uploads/thumbnails/77c79f9a620e4478a5c056dcc46f902_1280x720.png);">...</a>
  (Session info: chrome=121.0.6167.141)
Build info: version: '4.13.0', revision: 'ba948ece5b*'
System info: os.name: 'Windows 10', os.arch: 'amd64', os.version: '10.0', java.version: '11.0.19'
Driver info: org.openqa.selenium.remote.RemoteWebDriver
Command: [1a4d35e10e5e1c3da3eee7dfd9c5a5d8, clickElement {id=B70F0616476BFE0FA2AE018642940042_element_121}]
Capabilities {acceptInsecureCerts: true, browserName: chrome, browserVersion: 121.0.6167.141, chrome: {chromedriverVersion: 121.0.6167.85 (3f98d690ad7e..., userDataDir: C:\Users\lawte\AppData\Loca...}, fedcm:accounts: true, goog:chromeOptions: {debuggerAddress: localhost:59757}, networkConnectionEnabled: false, pageLoadStrategy: normal, platformName: Windows 10, proxy: Proxy(), se:bidiEnabled: false, se:cdp: ws://192.168.56.1:4444/sess..., se:cdpVersion: 121.0.6167.141, setWindowRect: true, strictFileInteractability: false, timeouts: {implicit: 0, pageLoad: 300000, script: 30000}, unhandledPromptBehavior: dismiss and notify, webauthn:extension:credBlob: true, webauthn:extension:largeBlob: true, webauthn:extension:minPinLength: true, webauthn:extension:prf: true, webauthn:virtualAuthenticators: true}
Element: [[[[RemoteWebDriver: chrome on Windows 10 (1a4d35e10e5e1c3da3eee7dfd9c5a5d8)] -> id: footer]] -> xpath: /html/body/div[2]/div[1]/div/div[2]/div/a[5]]
Session ID: 1a4d35e10e5e1c3da3eee7dfd9c5a5d8
	at java.base/jdk.internal.reflect.NativeConstructorAccessorImpl.newInstance0(Native Method)
	at java.base/jdk.internal.reflect.NativeConstructorAccessorImpl.newInstance(NativeConstructorAccessorImpl.java:62)
	at java.base/jdk.internal.reflect.DelegatingConstructorAccessorImpl.newInstance(DelegatingConstructorAccessorImpl.java:45)
	at java.base/java.lang.reflect.Constructor.newInstance(Constructor.java:490)
	at org.openqa.selenium.remote.codec.w3c.W3CHttpResponseCodec.createException(W3CHttpResponseCodec.java:200)
	at org.openqa.selenium.remote.codec.w3c.W3CHttpResponseCodec.decode(W3CHttpResponseCodec.java:133)
	at org.openqa.selenium.remote.codec.w3c.W3CHttpResponseCodec.decode(W3CHttpResponseCodec.java:52)
	at org.openqa.selenium.remote.HttpCommandExecutor.execute(HttpCommandExecutor.java:191)
	at com.zebrunner.carina.webdriver.listener.EventFiringSeleniumCommandExecutor.execute(EventFiringSeleniumCommandExecutor.java:52)
	at org.openqa.selenium.remote.RemoteWebDriver.execute(RemoteWebDriver.java:602)
	at org.openqa.selenium.remote.RemoteWebElement.execute(RemoteWebElement.java:224)
	at org.openqa.selenium.remote.RemoteWebElement.click(RemoteWebElement.java:77)
	at java.base/jdk.internal.reflect.NativeMethodAccessorImpl.invoke0(Native Method)
	at java.base/jdk.internal.reflect.NativeMethodAccessorImpl.invoke(NativeMethodAccessorImpl.java:62)
	at java.base/jdk.internal.reflect.DelegatingMethodAccessorImpl.invoke(DelegatingMethodAccessorImpl.java:43)
	at java.base/java.lang.reflect.Method.invoke(Method.java:566)
	at org.openqa.selenium.support.decorators.WebDriverDecorator.call(WebDriverDecorator.java:249)
	at org.openqa.selenium.support.decorators.DefaultDecorated.call(DefaultDecorated.java:48)
	at org.openqa.selenium.support.decorators.WebDriverDecorator.lambda$createProxy$2(WebDriverDecorator.java:321)
	at net.bytebuddy.renamed.java.lang.Object$ByteBuddy$p89BkJPg.click(Unknown Source)
	at com.zebrunner.carina.webdriver.decorator.ExtendedWebElement$3.doClick(ExtendedWebElement.java:1491)
	at com.zebrunner.carina.webdriver.decorator.ExtendedWebElement.executeAction(ExtendedWebElement.java:1351)
	at com.zebrunner.carina.webdriver.decorator.ExtendedWebElement.overrideAction(ExtendedWebElement.java:1485)
	at com.zebrunner.carina.webdriver.decorator.ExtendedWebElement.doAction(ExtendedWebElement.java:1464)
	at com.zebrunner.carina.webdriver.decorator.ExtendedWebElement.doAction(ExtendedWebElement.java:1441)
	at com.zebrunner.carina.webdriver.decorator.ExtendedWebElement.click(ExtendedWebElement.java:743)
	at com.zebrunner.carina.webdriver.decorator.ExtendedWebElement.click(ExtendedWebElement.java:723)
	at com.zebrunner.carina.webdriver.decorator.ExtendedWebElement.click(ExtendedWebElement.java:705)
	at com.solvd.carinatestautomation.web.components.Footer.pressEulaButton(Footer.java:47)
	at com.solvd.carinatestautomation.web.HomePageTest.openAndVerifyEulaPage(HomePageTest.java:125)
	at com.solvd.carinatestautomation.web.HomePageTest.verifyEulaButtonTest(HomePageTest.java:68)
	at java.base/jdk.internal.reflect.NativeMethodAccessorImpl.invoke0(Native Method)
	at java.base/jdk.internal.reflect.NativeMethodAccessorImpl.invoke(NativeMethodAccessorImpl.java:62)
	at java.base/jdk.internal.reflect.DelegatingMethodAccessorImpl.invoke(DelegatingMethodAccessorImpl.java:43)
	at java.base/java.lang.reflect.Method.invoke(Method.java:566)
	at org.testng.internal.invokers.MethodInvocationHelper.invokeMethod(MethodInvocationHelper.java:139)
	at org.testng.internal.invokers.TestInvoker.invokeMethod(TestInvoker.java:664)
	at org.testng.internal.invokers.TestInvoker.invokeTestMethod(TestInvoker.java:228)
	at org.testng.internal.invokers.MethodRunner.runInSequence(MethodRunner.java:63)
	at org.testng.internal.invokers.TestInvoker$MethodInvocationAgent.invoke(TestInvoker.java:961)
	at org.testng.internal.invokers.TestInvoker.invokeTestMethods(TestInvoker.java:201)
	at org.testng.internal.invokers.TestMethodWorker.invokeTestMethods(TestMethodWorker.java:148)
	at org.testng.internal.invokers.TestMethodWorker.run(TestMethodWorker.java:128)
	at java.base/java.util.ArrayList.forEach(ArrayList.java:1541)
	at org.testng.TestRunner.privateRun(TestRunner.java:819)
	at org.testng.TestRunner.run(TestRunner.java:619)
	at org.testng.SuiteRunner.runTest(SuiteRunner.java:443)
	at org.testng.SuiteRunner.runSequentially(SuiteRunner.java:437)
	at org.testng.SuiteRunner.privateRun(SuiteRunner.java:397)
	at org.testng.SuiteRunner.run(SuiteRunner.java:336)
	at org.testng.SuiteRunnerWorker.runSuite(SuiteRunnerWorker.java:52)
	at org.testng.SuiteRunnerWorker.run(SuiteRunnerWorker.java:95)
	at org.testng.TestNG.runSuitesSequentially(TestNG.java:1301)
	at org.testng.TestNG.runSuitesLocally(TestNG.java:1228)
	at org.testng.TestNG.runSuites(TestNG.java:1134)
	at org.testng.TestNG.run(TestNG.java:1101)
	at org.apache.maven.surefire.testng.TestNGExecutor.run(TestNGExecutor.java:155)
	at org.apache.maven.surefire.testng.TestNGDirectoryTestSuite.executeSingleClass(TestNGDirectoryTestSuite.java:102)
	at org.apache.maven.surefire.testng.TestNGDirectoryTestSuite.execute(TestNGDirectoryTestSuite.java:91)
	at org.apache.maven.surefire.testng.TestNGProvider.invoke(TestNGProvider.java:137)
	at org.apache.maven.surefire.booter.ForkedBooter.runSuitesInProcess(ForkedBooter.java:385)
	at org.apache.maven.surefire.booter.ForkedBooter.execute(ForkedBooter.java:162)
	at org.apache.maven.surefire.booter.ForkedBooter.run(ForkedBooter.java:507)
	at org.apache.maven.surefire.booter.ForkedBooter.main(ForkedBooter.java:495)
]]></failure>
    <system-out><![CDATA[2024-02-09 03:12:11 CarinaListener [main] [INFO] 
=========== WebDriver configuration ===========
browser=chrome
selenium_url=http://localhost:4444/wd/hub
-------------- Driver capabilities ------------
===============================================

2024-02-09 03:12:11 TestRunRegistrar [main-1] [WARN] Reporting disabled: using no op test run registrar
2024-02-09 03:12:12 CarinaListener [main-1] [INFO] Set thread-count=1
2024-02-09 03:12:12 CarinaListener [main-1] [INFO] Set data-provider-thread-count=1
2024-02-09 03:12:12 CarinaListener [main-1] [INFO] CARINA_CORE_VERSION: 1.2.6
2024-02-09 03:12:12 TestRunRegistrar [main-1] [WARN] Reporting disabled: using no op test run registrar
2024-02-09 03:12:12 Messager [main-1] [INFO] TEST [Surefire test - verifyEulaButtonTest] STARTED at [03:12:12 2024-02-09]
2024-02-09 03:12:13 DriverFactory [main-1] [INFO] Starting driver session...
2024-02-09 03:12:14 DriverFactory [main-1] [INFO] Driver session started.
2024-02-09 03:12:14 Messager [main-1] [INFO] INFO: opening url 'https://www.warframe.com/landing'
2024-02-09 03:12:17 DriverListener [main-1] [INFO] Element 'continueToHomeButton' is clicked.
2024-02-09 03:12:17 Messager [main-1] [INFO] INFO: opening url 'https://www.warframe.com'
2024-02-09 03:12:20 Messager [main-1] [ERROR] TEST [Surefire test - verifyEulaButtonTest] FAILED at [03:12:20 2024-02-09] - element click intercepted: Element <a class="FooterNavigationLink" id="lnkFooter..." href="https://www.warframe.com/eula">EULA</a> is not clickable at point (1462, 907). Other element would receive the click: <a class="HomeNewsTile" href="https://www.warframe.com/news/devstream-176-overview" style="background-image: url(https://www-static.warframe.com/uploads/thumbnails/77c79f9a620e4478a5c056dcc46f902_1280x720.png);">...</a>
  (Session info: chrome=121.0.6167.141)
Build info: version: '4.13.0', revision: 'ba948ece5b*'
System info: os.name: 'Windows 10', os.arch: 'amd64', os.version: '10.0', java.version: '11.0.19'
Driver info: org.openqa.selenium.remote.RemoteWebDriver
Command: [1a4d35e10e5e1c3da3eee7dfd9c5a5d8, clickElement {id=B70F0616476BFE0FA2AE018642940042_element_121}]
Capabilities {acceptInsecureCerts: true, browserName: chrome, browserVersion: 121.0.6167.141, chrome: {chromedriverVersion: 121.0.6167.85 (3f98d690ad7e..., userDataDir: C:\Users\lawte\AppData\Loca...}, fedcm:accounts: true, goog:chromeOptions: {debuggerAddress: localhost:59757}, networkConnectionEnabled: false, pageLoadStrategy: normal, platformName: Windows 10, proxy: Proxy(), se:bidiEnabled: false, se:cdp: ws://192.168.56.1:4444/sess..., se:cdpVersion: 121.0.6167.141, setWindowRect: true, strictFileInteractability: false, timeouts: {implicit: 0, pageLoad: 300000, script: 30000}, unhandledPromptBehavior: dismiss and notify, webauthn:extension:credBlob: true, webauthn:extension:largeBlob: true, webauthn:extension:minPinLength: true, webauthn:extension:prf: true, webauthn:virtualAuthenticators: true}
Element: [[[[RemoteWebDriver: chrome on Windows 10 (1a4d35e10e5e1c3da3eee7dfd9c5a5d8)] -> id: footer]] -> xpath: /html/body/div[2]/div[1]/div/div[2]/div/a[5]]
Session ID: 1a4d35e10e5e1c3da3eee7dfd9c5a5d8

java.base/jdk.internal.reflect.NativeConstructorAccessorImpl.newInstance0(Native Method)
java.base/jdk.internal.reflect.NativeConstructorAccessorImpl.newInstance(NativeConstructorAccessorImpl.java:62)
java.base/jdk.internal.reflect.DelegatingConstructorAccessorImpl.newInstance(DelegatingConstructorAccessorImpl.java:45)
java.base/java.lang.reflect.Constructor.newInstance(Constructor.java:490)
org.openqa.selenium.remote.codec.w3c.W3CHttpResponseCodec.createException(W3CHttpResponseCodec.java:200)
org.openqa.selenium.remote.codec.w3c.W3CHttpResponseCodec.decode(W3CHttpResponseCodec.java:133)
org.openqa.selenium.remote.codec.w3c.W3CHttpResponseCodec.decode(W3CHttpResponseCodec.java:52)
org.openqa.selenium.remote.HttpCommandExecutor.execute(HttpCommandExecutor.java:191)
com.zebrunner.carina.webdriver.listener.EventFiringSeleniumCommandExecutor.execute(EventFiringSeleniumCommandExecutor.java:52)
org.openqa.selenium.remote.RemoteWebDriver.execute(RemoteWebDriver.java:602)
org.openqa.selenium.remote.RemoteWebElement.execute(RemoteWebElement.java:224)
org.openqa.selenium.remote.RemoteWebElement.click(RemoteWebElement.java:77)
java.base/jdk.internal.reflect.NativeMethodAccessorImpl.invoke0(Native Method)
java.base/jdk.internal.reflect.NativeMethodAccessorImpl.invoke(NativeMethodAccessorImpl.java:62)
java.base/jdk.internal.reflect.DelegatingMethodAccessorImpl.invoke(DelegatingMethodAccessorImpl.java:43)
java.base/java.lang.reflect.Method.invoke(Method.java:566)
org.openqa.selenium.support.decorators.WebDriverDecorator.call(WebDriverDecorator.java:249)
org.openqa.selenium.support.decorators.DefaultDecorated.call(DefaultDecorated.java:48)
org.openqa.selenium.support.decorators.WebDriverDecorator.lambda$createProxy$2(WebDriverDecorator.java:321)
net.bytebuddy.renamed.java.lang.Object$ByteBuddy$p89BkJPg.click(Unknown Source)
com.zebrunner.carina.webdriver.decorator.ExtendedWebElement$3.doClick(ExtendedWebElement.java:1491)
com.zebrunner.carina.webdriver.decorator.ExtendedWebElement.executeAction(ExtendedWebElement.java:1351)
com.zebrunner.carina.webdriver.decorator.ExtendedWebElement.overrideAction(ExtendedWebElement.java:1485)
com.zebrunner.carina.webdriver.decorator.ExtendedWebElement.doAction(ExtendedWebElement.java:1464)
com.zebrunner.carina.webdriver.decorator.ExtendedWebElement.doAction(ExtendedWebElement.java:1441)
com.zebrunner.carina.webdriver.decorator.ExtendedWebElement.click(ExtendedWebElement.java:743)
com.zebrunner.carina.webdriver.decorator.ExtendedWebElement.click(ExtendedWebElement.java:723)
com.zebrunner.carina.webdriver.decorator.ExtendedWebElement.click(ExtendedWebElement.java:705)
com.solvd.carinatestautomation.web.components.Footer.pressEulaButton(Footer.java:47)
com.solvd.carinatestautomation.web.HomePageTest.openAndVerifyEulaPage(HomePageTest.java:125)
com.solvd.carinatestautomation.web.HomePageTest.verifyEulaButtonTest(HomePageTest.java:68)
java.base/jdk.internal.reflect.NativeMethodAccessorImpl.invoke0(Native Method)
java.base/jdk.internal.reflect.NativeMethodAccessorImpl.invoke(NativeMethodAccessorImpl.java:62)
java.base/jdk.internal.reflect.DelegatingMethodAccessorImpl.invoke(DelegatingMethodAccessorImpl.java:43)
java.base/java.lang.reflect.Method.invoke(Method.java:566)
org.testng.internal.invokers.MethodInvocationHelper.invokeMethod(MethodInvocationHelper.java:139)
org.testng.internal.invokers.TestInvoker.invokeMethod(TestInvoker.java:664)
org.testng.internal.invokers.TestInvoker.invokeTestMethod(TestInvoker.java:228)
org.testng.internal.invokers.MethodRunner.runInSequence(MethodRunner.java:63)
org.testng.internal.invokers.TestInvoker$MethodInvocationAgent.invoke(TestInvoker.java:961)
org.testng.internal.invokers.TestInvoker.invokeTestMethods(TestInvoker.java:201)
org.testng.internal.invokers.TestMethodWorker.invokeTestMethods(TestMethodWorker.java:148)
org.testng.internal.invokers.TestMethodWorker.run(TestMethodWorker.java:128)
java.base/java.util.ArrayList.forEach(ArrayList.java:1541)
org.testng.TestRunner.privateRun(TestRunner.java:819)
org.testng.TestRunner.run(TestRunner.java:619)
org.testng.SuiteRunner.runTest(SuiteRunner.java:443)
org.testng.SuiteRunner.runSequentially(SuiteRunner.java:437)
org.testng.SuiteRunner.privateRun(SuiteRunner.java:397)
org.testng.SuiteRunner.run(SuiteRunner.java:336)
org.testng.SuiteRunnerWorker.runSuite(SuiteRunnerWorker.java:52)
org.testng.SuiteRunnerWorker.run(SuiteRunnerWorker.java:95)
org.testng.TestNG.runSuitesSequentially(TestNG.java:1301)
org.testng.TestNG.runSuitesLocally(TestNG.java:1228)
org.testng.TestNG.runSuites(TestNG.java:1134)
org.testng.TestNG.run(TestNG.java:1101)
org.apache.maven.surefire.testng.TestNGExecutor.run(TestNGExecutor.java:155)
org.apache.maven.surefire.testng.TestNGDirectoryTestSuite.executeSingleClass(TestNGDirectoryTestSuite.java:102)
org.apache.maven.surefire.testng.TestNGDirectoryTestSuite.execute(TestNGDirectoryTestSuite.java:91)
org.apache.maven.surefire.testng.TestNGProvider.invoke(TestNGProvider.java:137)
org.apache.maven.surefire.booter.ForkedBooter.runSuitesInProcess(ForkedBooter.java:385)
org.apache.maven.surefire.booter.ForkedBooter.execute(ForkedBooter.java:162)
org.apache.maven.surefire.booter.ForkedBooter.run(ForkedBooter.java:507)
org.apache.maven.surefire.booter.ForkedBooter.main(ForkedBooter.java:495)
]]></system-out>
  </testcase>
  <testcase name="verifyLandingPageOpenTest" classname="com.solvd.carinatestautomation.web.HomePageTest" time="2.983">
    <system-out><![CDATA[2024-02-09 03:12:20 TestRunRegistrar [main-1] [WARN] Reporting disabled: using no op test run registrar
2024-02-09 03:12:20 Messager [main-1] [INFO] TEST [Surefire test - verifyLandingPageOpenTest] STARTED at [03:12:20 2024-02-09]
2024-02-09 03:12:20 DriverFactory [main-1] [INFO] Starting driver session...
2024-02-09 03:12:21 DriverFactory [main-1] [INFO] Driver session started.
2024-02-09 03:12:21 Messager [main-1] [INFO] INFO: opening url 'https://www.warframe.com/landing'
2024-02-09 03:12:23 Messager [main-1] [INFO] TEST [Surefire test - verifyLandingPageOpenTest] PASSED at [03:12:23 2024-02-09]
]]></system-out>
  </testcase>
  <testcase name="verifyLandingToHomeButtonTest" classname="com.solvd.carinatestautomation.web.HomePageTest" time="4.305">
    <system-out><![CDATA[2024-02-09 03:12:24 TestRunRegistrar [main-1] [WARN] Reporting disabled: using no op test run registrar
2024-02-09 03:12:24 Messager [main-1] [INFO] TEST [Surefire test - verifyLandingToHomeButtonTest] STARTED at [03:12:24 2024-02-09]
2024-02-09 03:12:24 DriverFactory [main-1] [INFO] Starting driver session...
2024-02-09 03:12:24 DriverFactory [main-1] [INFO] Driver session started.
2024-02-09 03:12:24 Messager [main-1] [INFO] INFO: opening url 'https://www.warframe.com/landing'
2024-02-09 03:12:26 DriverListener [main-1] [INFO] Element 'continueToHomeButton' is clicked.
2024-02-09 03:12:26 Messager [main-1] [INFO] INFO: opening url 'https://www.warframe.com'
2024-02-09 03:12:28 Messager [main-1] [INFO] TEST [Surefire test - verifyLandingToHomeButtonTest] PASSED at [03:12:28 2024-02-09]
]]></system-out>
  </testcase>
  <testcase name="verifyNewsButtonTest" classname="com.solvd.carinatestautomation.web.HomePageTest" time="6.713">
    <failure message="element click intercepted: Element &lt;a class=&quot;FooterNavigationLink&quot; id=&quot;lnkFooter...&quot; href=&quot;https://www.digitalextremes.com&quot;&gt;Press&lt;/a&gt; is not clickable at point (1013, 907). Other element would receive the click: &lt;a class=&quot;HomeNewsTile&quot; href=&quot;https://www.warframe.com/news/devstream-176-overview&quot; style=&quot;background-image: url(https://www-static.warframe.com/uploads/thumbnails/77c79f9a620e4478a5c056dcc46f902_1280x720.png);&quot;&gt;...&lt;/a&gt;&#10;  (Session info: chrome=121.0.6167.141)&#10;Build info: version: &apos;4.13.0&apos;, revision: &apos;ba948ece5b*&apos;&#10;System info: os.name: &apos;Windows 10&apos;, os.arch: &apos;amd64&apos;, os.version: &apos;10.0&apos;, java.version: &apos;11.0.19&apos;&#10;Driver info: org.openqa.selenium.remote.RemoteWebDriver&#10;Command: [2de2b56fed5e17bc93bf8b599d5a41ee, clickElement {id=CD852D8A0A48B9C009E3633CF0B8F349_element_119}]&#10;Capabilities {acceptInsecureCerts: true, browserName: chrome, browserVersion: 121.0.6167.141, chrome: {chromedriverVersion: 121.0.6167.85 (3f98d690ad7e..., userDataDir: C:\Users\lawte\AppData\Loca...}, fedcm:accounts: true, goog:chromeOptions: {debuggerAddress: localhost:59977}, networkConnectionEnabled: false, pageLoadStrategy: normal, platformName: Windows 10, proxy: Proxy(), se:bidiEnabled: false, se:cdp: ws://192.168.56.1:4444/sess..., se:cdpVersion: 121.0.6167.141, setWindowRect: true, strictFileInteractability: false, timeouts: {implicit: 0, pageLoad: 300000, script: 30000}, unhandledPromptBehavior: dismiss and notify, webauthn:extension:credBlob: true, webauthn:extension:largeBlob: true, webauthn:extension:minPinLength: true, webauthn:extension:prf: true, webauthn:virtualAuthenticators: true}&#10;Element: [[[[RemoteWebDriver: chrome on Windows 10 (2de2b56fed5e17bc93bf8b599d5a41ee)] -&gt; id: footer]] -&gt; xpath: /html/body/div[2]/div[1]/div/div[2]/div/a[2]]&#10;Session ID: 2de2b56fed5e17bc93bf8b599d5a41ee" type="org.openqa.selenium.ElementClickInterceptedException"><![CDATA[org.openqa.selenium.ElementClickInterceptedException: 
element click intercepted: Element <a class="FooterNavigationLink" id="lnkFooter..." href="https://www.digitalextremes.com">Press</a> is not clickable at point (1013, 907). Other element would receive the click: <a class="HomeNewsTile" href="https://www.warframe.com/news/devstream-176-overview" style="background-image: url(https://www-static.warframe.com/uploads/thumbnails/77c79f9a620e4478a5c056dcc46f902_1280x720.png);">...</a>
  (Session info: chrome=121.0.6167.141)
Build info: version: '4.13.0', revision: 'ba948ece5b*'
System info: os.name: 'Windows 10', os.arch: 'amd64', os.version: '10.0', java.version: '11.0.19'
Driver info: org.openqa.selenium.remote.RemoteWebDriver
Command: [2de2b56fed5e17bc93bf8b599d5a41ee, clickElement {id=CD852D8A0A48B9C009E3633CF0B8F349_element_119}]
Capabilities {acceptInsecureCerts: true, browserName: chrome, browserVersion: 121.0.6167.141, chrome: {chromedriverVersion: 121.0.6167.85 (3f98d690ad7e..., userDataDir: C:\Users\lawte\AppData\Loca...}, fedcm:accounts: true, goog:chromeOptions: {debuggerAddress: localhost:59977}, networkConnectionEnabled: false, pageLoadStrategy: normal, platformName: Windows 10, proxy: Proxy(), se:bidiEnabled: false, se:cdp: ws://192.168.56.1:4444/sess..., se:cdpVersion: 121.0.6167.141, setWindowRect: true, strictFileInteractability: false, timeouts: {implicit: 0, pageLoad: 300000, script: 30000}, unhandledPromptBehavior: dismiss and notify, webauthn:extension:credBlob: true, webauthn:extension:largeBlob: true, webauthn:extension:minPinLength: true, webauthn:extension:prf: true, webauthn:virtualAuthenticators: true}
Element: [[[[RemoteWebDriver: chrome on Windows 10 (2de2b56fed5e17bc93bf8b599d5a41ee)] -> id: footer]] -> xpath: /html/body/div[2]/div[1]/div/div[2]/div/a[2]]
Session ID: 2de2b56fed5e17bc93bf8b599d5a41ee
	at java.base/jdk.internal.reflect.NativeConstructorAccessorImpl.newInstance0(Native Method)
	at java.base/jdk.internal.reflect.NativeConstructorAccessorImpl.newInstance(NativeConstructorAccessorImpl.java:62)
	at java.base/jdk.internal.reflect.DelegatingConstructorAccessorImpl.newInstance(DelegatingConstructorAccessorImpl.java:45)
	at java.base/java.lang.reflect.Constructor.newInstance(Constructor.java:490)
	at org.openqa.selenium.remote.codec.w3c.W3CHttpResponseCodec.createException(W3CHttpResponseCodec.java:200)
	at org.openqa.selenium.remote.codec.w3c.W3CHttpResponseCodec.decode(W3CHttpResponseCodec.java:133)
	at org.openqa.selenium.remote.codec.w3c.W3CHttpResponseCodec.decode(W3CHttpResponseCodec.java:52)
	at org.openqa.selenium.remote.HttpCommandExecutor.execute(HttpCommandExecutor.java:191)
	at com.zebrunner.carina.webdriver.listener.EventFiringSeleniumCommandExecutor.execute(EventFiringSeleniumCommandExecutor.java:52)
	at org.openqa.selenium.remote.RemoteWebDriver.execute(RemoteWebDriver.java:602)
	at org.openqa.selenium.remote.RemoteWebElement.execute(RemoteWebElement.java:224)
	at org.openqa.selenium.remote.RemoteWebElement.click(RemoteWebElement.java:77)
	at java.base/jdk.internal.reflect.NativeMethodAccessorImpl.invoke0(Native Method)
	at java.base/jdk.internal.reflect.NativeMethodAccessorImpl.invoke(NativeMethodAccessorImpl.java:62)
	at java.base/jdk.internal.reflect.DelegatingMethodAccessorImpl.invoke(DelegatingMethodAccessorImpl.java:43)
	at java.base/java.lang.reflect.Method.invoke(Method.java:566)
	at org.openqa.selenium.support.decorators.WebDriverDecorator.call(WebDriverDecorator.java:249)
	at org.openqa.selenium.support.decorators.DefaultDecorated.call(DefaultDecorated.java:48)
	at org.openqa.selenium.support.decorators.WebDriverDecorator.lambda$createProxy$2(WebDriverDecorator.java:321)
	at net.bytebuddy.renamed.java.lang.Object$ByteBuddy$vZNcp9hc.click(Unknown Source)
	at com.zebrunner.carina.webdriver.decorator.ExtendedWebElement$3.doClick(ExtendedWebElement.java:1491)
	at com.zebrunner.carina.webdriver.decorator.ExtendedWebElement.executeAction(ExtendedWebElement.java:1351)
	at com.zebrunner.carina.webdriver.decorator.ExtendedWebElement.overrideAction(ExtendedWebElement.java:1485)
	at com.zebrunner.carina.webdriver.decorator.ExtendedWebElement.doAction(ExtendedWebElement.java:1464)
	at com.zebrunner.carina.webdriver.decorator.ExtendedWebElement.doAction(ExtendedWebElement.java:1441)
	at com.zebrunner.carina.webdriver.decorator.ExtendedWebElement.click(ExtendedWebElement.java:743)
	at com.zebrunner.carina.webdriver.decorator.ExtendedWebElement.click(ExtendedWebElement.java:723)
	at com.zebrunner.carina.webdriver.decorator.ExtendedWebElement.click(ExtendedWebElement.java:705)
	at com.solvd.carinatestautomation.web.components.Footer.pressNewsButton(Footer.java:32)
	at com.solvd.carinatestautomation.web.HomePageTest.openAndVerifyDigitalExtremesPage(HomePageTest.java:104)
	at com.solvd.carinatestautomation.web.HomePageTest.verifyNewsButtonTest(HomePageTest.java:47)
	at java.base/jdk.internal.reflect.NativeMethodAccessorImpl.invoke0(Native Method)
	at java.base/jdk.internal.reflect.NativeMethodAccessorImpl.invoke(NativeMethodAccessorImpl.java:62)
	at java.base/jdk.internal.reflect.DelegatingMethodAccessorImpl.invoke(DelegatingMethodAccessorImpl.java:43)
	at java.base/java.lang.reflect.Method.invoke(Method.java:566)
	at org.testng.internal.invokers.MethodInvocationHelper.invokeMethod(MethodInvocationHelper.java:139)
	at org.testng.internal.invokers.TestInvoker.invokeMethod(TestInvoker.java:664)
	at org.testng.internal.invokers.TestInvoker.invokeTestMethod(TestInvoker.java:228)
	at org.testng.internal.invokers.MethodRunner.runInSequence(MethodRunner.java:63)
	at org.testng.internal.invokers.TestInvoker$MethodInvocationAgent.invoke(TestInvoker.java:961)
	at org.testng.internal.invokers.TestInvoker.invokeTestMethods(TestInvoker.java:201)
	at org.testng.internal.invokers.TestMethodWorker.invokeTestMethods(TestMethodWorker.java:148)
	at org.testng.internal.invokers.TestMethodWorker.run(TestMethodWorker.java:128)
	at java.base/java.util.ArrayList.forEach(ArrayList.java:1541)
	at org.testng.TestRunner.privateRun(TestRunner.java:819)
	at org.testng.TestRunner.run(TestRunner.java:619)
	at org.testng.SuiteRunner.runTest(SuiteRunner.java:443)
	at org.testng.SuiteRunner.runSequentially(SuiteRunner.java:437)
	at org.testng.SuiteRunner.privateRun(SuiteRunner.java:397)
	at org.testng.SuiteRunner.run(SuiteRunner.java:336)
	at org.testng.SuiteRunnerWorker.runSuite(SuiteRunnerWorker.java:52)
	at org.testng.SuiteRunnerWorker.run(SuiteRunnerWorker.java:95)
	at org.testng.TestNG.runSuitesSequentially(TestNG.java:1301)
	at org.testng.TestNG.runSuitesLocally(TestNG.java:1228)
	at org.testng.TestNG.runSuites(TestNG.java:1134)
	at org.testng.TestNG.run(TestNG.java:1101)
	at org.apache.maven.surefire.testng.TestNGExecutor.run(TestNGExecutor.java:155)
	at org.apache.maven.surefire.testng.TestNGDirectoryTestSuite.executeSingleClass(TestNGDirectoryTestSuite.java:102)
	at org.apache.maven.surefire.testng.TestNGDirectoryTestSuite.execute(TestNGDirectoryTestSuite.java:91)
	at org.apache.maven.surefire.testng.TestNGProvider.invoke(TestNGProvider.java:137)
	at org.apache.maven.surefire.booter.ForkedBooter.runSuitesInProcess(ForkedBooter.java:385)
	at org.apache.maven.surefire.booter.ForkedBooter.execute(ForkedBooter.java:162)
	at org.apache.maven.surefire.booter.ForkedBooter.run(ForkedBooter.java:507)
	at org.apache.maven.surefire.booter.ForkedBooter.main(ForkedBooter.java:495)
]]></failure>
    <system-out><![CDATA[2024-02-09 03:12:28 TestRunRegistrar [main-1] [WARN] Reporting disabled: using no op test run registrar
2024-02-09 03:12:28 Messager [main-1] [INFO] TEST [Surefire test - verifyNewsButtonTest] STARTED at [03:12:28 2024-02-09]
2024-02-09 03:12:28 DriverFactory [main-1] [INFO] Starting driver session...
2024-02-09 03:12:29 DriverFactory [main-1] [INFO] Driver session started.
2024-02-09 03:12:29 Messager [main-1] [INFO] INFO: opening url 'https://www.warframe.com/landing'
2024-02-09 03:12:31 DriverListener [main-1] [INFO] Element 'continueToHomeButton' is clicked.
2024-02-09 03:12:31 Messager [main-1] [INFO] INFO: opening url 'https://www.warframe.com'
2024-02-09 03:12:35 Messager [main-1] [ERROR] TEST [Surefire test - verifyNewsButtonTest] FAILED at [03:12:35 2024-02-09] - element click intercepted: Element <a class="FooterNavigationLink" id="lnkFooter..." href="https://www.digitalextremes.com">Press</a> is not clickable at point (1013, 907). Other element would receive the click: <a class="HomeNewsTile" href="https://www.warframe.com/news/devstream-176-overview" style="background-image: url(https://www-static.warframe.com/uploads/thumbnails/77c79f9a620e4478a5c056dcc46f902_1280x720.png);">...</a>
  (Session info: chrome=121.0.6167.141)
Build info: version: '4.13.0', revision: 'ba948ece5b*'
System info: os.name: 'Windows 10', os.arch: 'amd64', os.version: '10.0', java.version: '11.0.19'
Driver info: org.openqa.selenium.remote.RemoteWebDriver
Command: [2de2b56fed5e17bc93bf8b599d5a41ee, clickElement {id=CD852D8A0A48B9C009E3633CF0B8F349_element_119}]
Capabilities {acceptInsecureCerts: true, browserName: chrome, browserVersion: 121.0.6167.141, chrome: {chromedriverVersion: 121.0.6167.85 (3f98d690ad7e..., userDataDir: C:\Users\lawte\AppData\Loca...}, fedcm:accounts: true, goog:chromeOptions: {debuggerAddress: localhost:59977}, networkConnectionEnabled: false, pageLoadStrategy: normal, platformName: Windows 10, proxy: Proxy(), se:bidiEnabled: false, se:cdp: ws://192.168.56.1:4444/sess..., se:cdpVersion: 121.0.6167.141, setWindowRect: true, strictFileInteractability: false, timeouts: {implicit: 0, pageLoad: 300000, script: 30000}, unhandledPromptBehavior: dismiss and notify, webauthn:extension:credBlob: true, webauthn:extension:largeBlob: true, webauthn:extension:minPinLength: true, webauthn:extension:prf: true, webauthn:virtualAuthenticators: true}
Element: [[[[RemoteWebDriver: chrome on Windows 10 (2de2b56fed5e17bc93bf8b599d5a41ee)] -> id: footer]] -> xpath: /html/body/div[2]/div[1]/div/div[2]/div/a[2]]
Session ID: 2de2b56fed5e17bc93bf8b599d5a41ee

java.base/jdk.internal.reflect.NativeConstructorAccessorImpl.newInstance0(Native Method)
java.base/jdk.internal.reflect.NativeConstructorAccessorImpl.newInstance(NativeConstructorAccessorImpl.java:62)
java.base/jdk.internal.reflect.DelegatingConstructorAccessorImpl.newInstance(DelegatingConstructorAccessorImpl.java:45)
java.base/java.lang.reflect.Constructor.newInstance(Constructor.java:490)
org.openqa.selenium.remote.codec.w3c.W3CHttpResponseCodec.createException(W3CHttpResponseCodec.java:200)
org.openqa.selenium.remote.codec.w3c.W3CHttpResponseCodec.decode(W3CHttpResponseCodec.java:133)
org.openqa.selenium.remote.codec.w3c.W3CHttpResponseCodec.decode(W3CHttpResponseCodec.java:52)
org.openqa.selenium.remote.HttpCommandExecutor.execute(HttpCommandExecutor.java:191)
com.zebrunner.carina.webdriver.listener.EventFiringSeleniumCommandExecutor.execute(EventFiringSeleniumCommandExecutor.java:52)
org.openqa.selenium.remote.RemoteWebDriver.execute(RemoteWebDriver.java:602)
org.openqa.selenium.remote.RemoteWebElement.execute(RemoteWebElement.java:224)
org.openqa.selenium.remote.RemoteWebElement.click(RemoteWebElement.java:77)
java.base/jdk.internal.reflect.NativeMethodAccessorImpl.invoke0(Native Method)
java.base/jdk.internal.reflect.NativeMethodAccessorImpl.invoke(NativeMethodAccessorImpl.java:62)
java.base/jdk.internal.reflect.DelegatingMethodAccessorImpl.invoke(DelegatingMethodAccessorImpl.java:43)
java.base/java.lang.reflect.Method.invoke(Method.java:566)
org.openqa.selenium.support.decorators.WebDriverDecorator.call(WebDriverDecorator.java:249)
org.openqa.selenium.support.decorators.DefaultDecorated.call(DefaultDecorated.java:48)
org.openqa.selenium.support.decorators.WebDriverDecorator.lambda$createProxy$2(WebDriverDecorator.java:321)
net.bytebuddy.renamed.java.lang.Object$ByteBuddy$vZNcp9hc.click(Unknown Source)
com.zebrunner.carina.webdriver.decorator.ExtendedWebElement$3.doClick(ExtendedWebElement.java:1491)
com.zebrunner.carina.webdriver.decorator.ExtendedWebElement.executeAction(ExtendedWebElement.java:1351)
com.zebrunner.carina.webdriver.decorator.ExtendedWebElement.overrideAction(ExtendedWebElement.java:1485)
com.zebrunner.carina.webdriver.decorator.ExtendedWebElement.doAction(ExtendedWebElement.java:1464)
com.zebrunner.carina.webdriver.decorator.ExtendedWebElement.doAction(ExtendedWebElement.java:1441)
com.zebrunner.carina.webdriver.decorator.ExtendedWebElement.click(ExtendedWebElement.java:743)
com.zebrunner.carina.webdriver.decorator.ExtendedWebElement.click(ExtendedWebElement.java:723)
com.zebrunner.carina.webdriver.decorator.ExtendedWebElement.click(ExtendedWebElement.java:705)
com.solvd.carinatestautomation.web.components.Footer.pressNewsButton(Footer.java:32)
com.solvd.carinatestautomation.web.HomePageTest.openAndVerifyDigitalExtremesPage(HomePageTest.java:104)
com.solvd.carinatestautomation.web.HomePageTest.verifyNewsButtonTest(HomePageTest.java:47)
java.base/jdk.internal.reflect.NativeMethodAccessorImpl.invoke0(Native Method)
java.base/jdk.internal.reflect.NativeMethodAccessorImpl.invoke(NativeMethodAccessorImpl.java:62)
java.base/jdk.internal.reflect.DelegatingMethodAccessorImpl.invoke(DelegatingMethodAccessorImpl.java:43)
java.base/java.lang.reflect.Method.invoke(Method.java:566)
org.testng.internal.invokers.MethodInvocationHelper.invokeMethod(MethodInvocationHelper.java:139)
org.testng.internal.invokers.TestInvoker.invokeMethod(TestInvoker.java:664)
org.testng.internal.invokers.TestInvoker.invokeTestMethod(TestInvoker.java:228)
org.testng.internal.invokers.MethodRunner.runInSequence(MethodRunner.java:63)
org.testng.internal.invokers.TestInvoker$MethodInvocationAgent.invoke(TestInvoker.java:961)
org.testng.internal.invokers.TestInvoker.invokeTestMethods(TestInvoker.java:201)
org.testng.internal.invokers.TestMethodWorker.invokeTestMethods(TestMethodWorker.java:148)
org.testng.internal.invokers.TestMethodWorker.run(TestMethodWorker.java:128)
java.base/java.util.ArrayList.forEach(ArrayList.java:1541)
org.testng.TestRunner.privateRun(TestRunner.java:819)
org.testng.TestRunner.run(TestRunner.java:619)
org.testng.SuiteRunner.runTest(SuiteRunner.java:443)
org.testng.SuiteRunner.runSequentially(SuiteRunner.java:437)
org.testng.SuiteRunner.privateRun(SuiteRunner.java:397)
org.testng.SuiteRunner.run(SuiteRunner.java:336)
org.testng.SuiteRunnerWorker.runSuite(SuiteRunnerWorker.java:52)
org.testng.SuiteRunnerWorker.run(SuiteRunnerWorker.java:95)
org.testng.TestNG.runSuitesSequentially(TestNG.java:1301)
org.testng.TestNG.runSuitesLocally(TestNG.java:1228)
org.testng.TestNG.runSuites(TestNG.java:1134)
org.testng.TestNG.run(TestNG.java:1101)
org.apache.maven.surefire.testng.TestNGExecutor.run(TestNGExecutor.java:155)
org.apache.maven.surefire.testng.TestNGDirectoryTestSuite.executeSingleClass(TestNGDirectoryTestSuite.java:102)
org.apache.maven.surefire.testng.TestNGDirectoryTestSuite.execute(TestNGDirectoryTestSuite.java:91)
org.apache.maven.surefire.testng.TestNGProvider.invoke(TestNGProvider.java:137)
org.apache.maven.surefire.booter.ForkedBooter.runSuitesInProcess(ForkedBooter.java:385)
org.apache.maven.surefire.booter.ForkedBooter.execute(ForkedBooter.java:162)
org.apache.maven.surefire.booter.ForkedBooter.run(ForkedBooter.java:507)
org.apache.maven.surefire.booter.ForkedBooter.main(ForkedBooter.java:495)
]]></system-out>
  </testcase>
  <testcase name="verifyPrivacyPolicyButtonTest" classname="com.solvd.carinatestautomation.web.HomePageTest" time="7.186">
    <failure message="element click intercepted: Element &lt;a class=&quot;FooterNavigationLink&quot; id=&quot;lnkFooterPrivPolicy&quot; href=&quot;https://www.warframe.com/privacy&quot;&gt;...&lt;/a&gt; is not clickable at point (1321, 907). Other element would receive the click: &lt;a class=&quot;HomeNewsTile&quot; href=&quot;https://www.warframe.com/news/devstream-176-overview&quot; style=&quot;background-image: url(https://www-static.warframe.com/uploads/thumbnails/77c79f9a620e4478a5c056dcc46f902_1280x720.png);&quot;&gt;...&lt;/a&gt;&#10;  (Session info: chrome=121.0.6167.141)&#10;Build info: version: &apos;4.13.0&apos;, revision: &apos;ba948ece5b*&apos;&#10;System info: os.name: &apos;Windows 10&apos;, os.arch: &apos;amd64&apos;, os.version: &apos;10.0&apos;, java.version: &apos;11.0.19&apos;&#10;Driver info: org.openqa.selenium.remote.RemoteWebDriver&#10;Command: [1208a1f7f910ab8aa02eb2c2ef072ebe, clickElement {id=AC982120E0B12689B7344F308F5E0347_element_121}]&#10;Capabilities {acceptInsecureCerts: true, browserName: chrome, browserVersion: 121.0.6167.141, chrome: {chromedriverVersion: 121.0.6167.85 (3f98d690ad7e..., userDataDir: C:\Users\lawte\AppData\Loca...}, fedcm:accounts: true, goog:chromeOptions: {debuggerAddress: localhost:60059}, networkConnectionEnabled: false, pageLoadStrategy: normal, platformName: Windows 10, proxy: Proxy(), se:bidiEnabled: false, se:cdp: ws://192.168.56.1:4444/sess..., se:cdpVersion: 121.0.6167.141, setWindowRect: true, strictFileInteractability: false, timeouts: {implicit: 0, pageLoad: 300000, script: 30000}, unhandledPromptBehavior: dismiss and notify, webauthn:extension:credBlob: true, webauthn:extension:largeBlob: true, webauthn:extension:minPinLength: true, webauthn:extension:prf: true, webauthn:virtualAuthenticators: true}&#10;Element: [[[[RemoteWebDriver: chrome on Windows 10 (1208a1f7f910ab8aa02eb2c2ef072ebe)] -&gt; id: footer]] -&gt; xpath: /html/body/div[2]/div[1]/div/div[2]/div/a[4]]&#10;Session ID: 1208a1f7f910ab8aa02eb2c2ef072ebe" type="org.openqa.selenium.ElementClickInterceptedException"><![CDATA[org.openqa.selenium.ElementClickInterceptedException: 
element click intercepted: Element <a class="FooterNavigationLink" id="lnkFooterPrivPolicy" href="https://www.warframe.com/privacy">...</a> is not clickable at point (1321, 907). Other element would receive the click: <a class="HomeNewsTile" href="https://www.warframe.com/news/devstream-176-overview" style="background-image: url(https://www-static.warframe.com/uploads/thumbnails/77c79f9a620e4478a5c056dcc46f902_1280x720.png);">...</a>
  (Session info: chrome=121.0.6167.141)
Build info: version: '4.13.0', revision: 'ba948ece5b*'
System info: os.name: 'Windows 10', os.arch: 'amd64', os.version: '10.0', java.version: '11.0.19'
Driver info: org.openqa.selenium.remote.RemoteWebDriver
Command: [1208a1f7f910ab8aa02eb2c2ef072ebe, clickElement {id=AC982120E0B12689B7344F308F5E0347_element_121}]
Capabilities {acceptInsecureCerts: true, browserName: chrome, browserVersion: 121.0.6167.141, chrome: {chromedriverVersion: 121.0.6167.85 (3f98d690ad7e..., userDataDir: C:\Users\lawte\AppData\Loca...}, fedcm:accounts: true, goog:chromeOptions: {debuggerAddress: localhost:60059}, networkConnectionEnabled: false, pageLoadStrategy: normal, platformName: Windows 10, proxy: Proxy(), se:bidiEnabled: false, se:cdp: ws://192.168.56.1:4444/sess..., se:cdpVersion: 121.0.6167.141, setWindowRect: true, strictFileInteractability: false, timeouts: {implicit: 0, pageLoad: 300000, script: 30000}, unhandledPromptBehavior: dismiss and notify, webauthn:extension:credBlob: true, webauthn:extension:largeBlob: true, webauthn:extension:minPinLength: true, webauthn:extension:prf: true, webauthn:virtualAuthenticators: true}
Element: [[[[RemoteWebDriver: chrome on Windows 10 (1208a1f7f910ab8aa02eb2c2ef072ebe)] -> id: footer]] -> xpath: /html/body/div[2]/div[1]/div/div[2]/div/a[4]]
Session ID: 1208a1f7f910ab8aa02eb2c2ef072ebe
	at java.base/jdk.internal.reflect.NativeConstructorAccessorImpl.newInstance0(Native Method)
	at java.base/jdk.internal.reflect.NativeConstructorAccessorImpl.newInstance(NativeConstructorAccessorImpl.java:62)
	at java.base/jdk.internal.reflect.DelegatingConstructorAccessorImpl.newInstance(DelegatingConstructorAccessorImpl.java:45)
	at java.base/java.lang.reflect.Constructor.newInstance(Constructor.java:490)
	at org.openqa.selenium.remote.codec.w3c.W3CHttpResponseCodec.createException(W3CHttpResponseCodec.java:200)
	at org.openqa.selenium.remote.codec.w3c.W3CHttpResponseCodec.decode(W3CHttpResponseCodec.java:133)
	at org.openqa.selenium.remote.codec.w3c.W3CHttpResponseCodec.decode(W3CHttpResponseCodec.java:52)
	at org.openqa.selenium.remote.HttpCommandExecutor.execute(HttpCommandExecutor.java:191)
	at com.zebrunner.carina.webdriver.listener.EventFiringSeleniumCommandExecutor.execute(EventFiringSeleniumCommandExecutor.java:52)
	at org.openqa.selenium.remote.RemoteWebDriver.execute(RemoteWebDriver.java:602)
	at org.openqa.selenium.remote.RemoteWebElement.execute(RemoteWebElement.java:224)
	at org.openqa.selenium.remote.RemoteWebElement.click(RemoteWebElement.java:77)
	at java.base/jdk.internal.reflect.NativeMethodAccessorImpl.invoke0(Native Method)
	at java.base/jdk.internal.reflect.NativeMethodAccessorImpl.invoke(NativeMethodAccessorImpl.java:62)
	at java.base/jdk.internal.reflect.DelegatingMethodAccessorImpl.invoke(DelegatingMethodAccessorImpl.java:43)
	at java.base/java.lang.reflect.Method.invoke(Method.java:566)
	at org.openqa.selenium.support.decorators.WebDriverDecorator.call(WebDriverDecorator.java:249)
	at org.openqa.selenium.support.decorators.DefaultDecorated.call(DefaultDecorated.java:48)
	at org.openqa.selenium.support.decorators.WebDriverDecorator.lambda$createProxy$2(WebDriverDecorator.java:321)
	at net.bytebuddy.renamed.java.lang.Object$ByteBuddy$3q2WQwhS.click(Unknown Source)
	at com.zebrunner.carina.webdriver.decorator.ExtendedWebElement$3.doClick(ExtendedWebElement.java:1491)
	at com.zebrunner.carina.webdriver.decorator.ExtendedWebElement.executeAction(ExtendedWebElement.java:1351)
	at com.zebrunner.carina.webdriver.decorator.ExtendedWebElement.overrideAction(ExtendedWebElement.java:1485)
	at com.zebrunner.carina.webdriver.decorator.ExtendedWebElement.doAction(ExtendedWebElement.java:1464)
	at com.zebrunner.carina.webdriver.decorator.ExtendedWebElement.doAction(ExtendedWebElement.java:1441)
	at com.zebrunner.carina.webdriver.decorator.ExtendedWebElement.click(ExtendedWebElement.java:743)
	at com.zebrunner.carina.webdriver.decorator.ExtendedWebElement.click(ExtendedWebElement.java:723)
	at com.zebrunner.carina.webdriver.decorator.ExtendedWebElement.click(ExtendedWebElement.java:705)
	at com.solvd.carinatestautomation.web.components.Footer.pressPrivacyPolicyButton(Footer.java:42)
	at com.solvd.carinatestautomation.web.HomePageTest.openAndVerifyPrivacyPolicyPage(HomePageTest.java:118)
	at com.solvd.carinatestautomation.web.HomePageTest.verifyPrivacyPolicyButtonTest(HomePageTest.java:61)
	at java.base/jdk.internal.reflect.NativeMethodAccessorImpl.invoke0(Native Method)
	at java.base/jdk.internal.reflect.NativeMethodAccessorImpl.invoke(NativeMethodAccessorImpl.java:62)
	at java.base/jdk.internal.reflect.DelegatingMethodAccessorImpl.invoke(DelegatingMethodAccessorImpl.java:43)
	at java.base/java.lang.reflect.Method.invoke(Method.java:566)
	at org.testng.internal.invokers.MethodInvocationHelper.invokeMethod(MethodInvocationHelper.java:139)
	at org.testng.internal.invokers.TestInvoker.invokeMethod(TestInvoker.java:664)
	at org.testng.internal.invokers.TestInvoker.invokeTestMethod(TestInvoker.java:228)
	at org.testng.internal.invokers.MethodRunner.runInSequence(MethodRunner.java:63)
	at org.testng.internal.invokers.TestInvoker$MethodInvocationAgent.invoke(TestInvoker.java:961)
	at org.testng.internal.invokers.TestInvoker.invokeTestMethods(TestInvoker.java:201)
	at org.testng.internal.invokers.TestMethodWorker.invokeTestMethods(TestMethodWorker.java:148)
	at org.testng.internal.invokers.TestMethodWorker.run(TestMethodWorker.java:128)
	at java.base/java.util.ArrayList.forEach(ArrayList.java:1541)
	at org.testng.TestRunner.privateRun(TestRunner.java:819)
	at org.testng.TestRunner.run(TestRunner.java:619)
	at org.testng.SuiteRunner.runTest(SuiteRunner.java:443)
	at org.testng.SuiteRunner.runSequentially(SuiteRunner.java:437)
	at org.testng.SuiteRunner.privateRun(SuiteRunner.java:397)
	at org.testng.SuiteRunner.run(SuiteRunner.java:336)
	at org.testng.SuiteRunnerWorker.runSuite(SuiteRunnerWorker.java:52)
	at org.testng.SuiteRunnerWorker.run(SuiteRunnerWorker.java:95)
	at org.testng.TestNG.runSuitesSequentially(TestNG.java:1301)
	at org.testng.TestNG.runSuitesLocally(TestNG.java:1228)
	at org.testng.TestNG.runSuites(TestNG.java:1134)
	at org.testng.TestNG.run(TestNG.java:1101)
	at org.apache.maven.surefire.testng.TestNGExecutor.run(TestNGExecutor.java:155)
	at org.apache.maven.surefire.testng.TestNGDirectoryTestSuite.executeSingleClass(TestNGDirectoryTestSuite.java:102)
	at org.apache.maven.surefire.testng.TestNGDirectoryTestSuite.execute(TestNGDirectoryTestSuite.java:91)
	at org.apache.maven.surefire.testng.TestNGProvider.invoke(TestNGProvider.java:137)
	at org.apache.maven.surefire.booter.ForkedBooter.runSuitesInProcess(ForkedBooter.java:385)
	at org.apache.maven.surefire.booter.ForkedBooter.execute(ForkedBooter.java:162)
	at org.apache.maven.surefire.booter.ForkedBooter.run(ForkedBooter.java:507)
	at org.apache.maven.surefire.booter.ForkedBooter.main(ForkedBooter.java:495)
]]></failure>
    <system-out><![CDATA[2024-02-09 03:12:35 TestRunRegistrar [main-1] [WARN] Reporting disabled: using no op test run registrar
2024-02-09 03:12:35 Messager [main-1] [INFO] TEST [Surefire test - verifyPrivacyPolicyButtonTest] STARTED at [03:12:35 2024-02-09]
2024-02-09 03:12:35 DriverFactory [main-1] [INFO] Starting driver session...
2024-02-09 03:12:36 DriverFactory [main-1] [INFO] Driver session started.
2024-02-09 03:12:36 Messager [main-1] [INFO] INFO: opening url 'https://www.warframe.com/landing'
2024-02-09 03:12:38 DriverListener [main-1] [INFO] Element 'continueToHomeButton' is clicked.
2024-02-09 03:12:38 Messager [main-1] [INFO] INFO: opening url 'https://www.warframe.com'
2024-02-09 03:12:42 Messager [main-1] [ERROR] TEST [Surefire test - verifyPrivacyPolicyButtonTest] FAILED at [03:12:42 2024-02-09] - element click intercepted: Element <a class="FooterNavigationLink" id="lnkFooterPrivPolicy" href="https://www.warframe.com/privacy">...</a> is not clickable at point (1321, 907). Other element would receive the click: <a class="HomeNewsTile" href="https://www.warframe.com/news/devstream-176-overview" style="background-image: url(https://www-static.warframe.com/uploads/thumbnails/77c79f9a620e4478a5c056dcc46f902_1280x720.png);">...</a>
  (Session info: chrome=121.0.6167.141)
Build info: version: '4.13.0', revision: 'ba948ece5b*'
System info: os.name: 'Windows 10', os.arch: 'amd64', os.version: '10.0', java.version: '11.0.19'
Driver info: org.openqa.selenium.remote.RemoteWebDriver
Command: [1208a1f7f910ab8aa02eb2c2ef072ebe, clickElement {id=AC982120E0B12689B7344F308F5E0347_element_121}]
Capabilities {acceptInsecureCerts: true, browserName: chrome, browserVersion: 121.0.6167.141, chrome: {chromedriverVersion: 121.0.6167.85 (3f98d690ad7e..., userDataDir: C:\Users\lawte\AppData\Loca...}, fedcm:accounts: true, goog:chromeOptions: {debuggerAddress: localhost:60059}, networkConnectionEnabled: false, pageLoadStrategy: normal, platformName: Windows 10, proxy: Proxy(), se:bidiEnabled: false, se:cdp: ws://192.168.56.1:4444/sess..., se:cdpVersion: 121.0.6167.141, setWindowRect: true, strictFileInteractability: false, timeouts: {implicit: 0, pageLoad: 300000, script: 30000}, unhandledPromptBehavior: dismiss and notify, webauthn:extension:credBlob: true, webauthn:extension:largeBlob: true, webauthn:extension:minPinLength: true, webauthn:extension:prf: true, webauthn:virtualAuthenticators: true}
Element: [[[[RemoteWebDriver: chrome on Windows 10 (1208a1f7f910ab8aa02eb2c2ef072ebe)] -> id: footer]] -> xpath: /html/body/div[2]/div[1]/div/div[2]/div/a[4]]
Session ID: 1208a1f7f910ab8aa02eb2c2ef072ebe

java.base/jdk.internal.reflect.NativeConstructorAccessorImpl.newInstance0(Native Method)
java.base/jdk.internal.reflect.NativeConstructorAccessorImpl.newInstance(NativeConstructorAccessorImpl.java:62)
java.base/jdk.internal.reflect.DelegatingConstructorAccessorImpl.newInstance(DelegatingConstructorAccessorImpl.java:45)
java.base/java.lang.reflect.Constructor.newInstance(Constructor.java:490)
org.openqa.selenium.remote.codec.w3c.W3CHttpResponseCodec.createException(W3CHttpResponseCodec.java:200)
org.openqa.selenium.remote.codec.w3c.W3CHttpResponseCodec.decode(W3CHttpResponseCodec.java:133)
org.openqa.selenium.remote.codec.w3c.W3CHttpResponseCodec.decode(W3CHttpResponseCodec.java:52)
org.openqa.selenium.remote.HttpCommandExecutor.execute(HttpCommandExecutor.java:191)
com.zebrunner.carina.webdriver.listener.EventFiringSeleniumCommandExecutor.execute(EventFiringSeleniumCommandExecutor.java:52)
org.openqa.selenium.remote.RemoteWebDriver.execute(RemoteWebDriver.java:602)
org.openqa.selenium.remote.RemoteWebElement.execute(RemoteWebElement.java:224)
org.openqa.selenium.remote.RemoteWebElement.click(RemoteWebElement.java:77)
java.base/jdk.internal.reflect.NativeMethodAccessorImpl.invoke0(Native Method)
java.base/jdk.internal.reflect.NativeMethodAccessorImpl.invoke(NativeMethodAccessorImpl.java:62)
java.base/jdk.internal.reflect.DelegatingMethodAccessorImpl.invoke(DelegatingMethodAccessorImpl.java:43)
java.base/java.lang.reflect.Method.invoke(Method.java:566)
org.openqa.selenium.support.decorators.WebDriverDecorator.call(WebDriverDecorator.java:249)
org.openqa.selenium.support.decorators.DefaultDecorated.call(DefaultDecorated.java:48)
org.openqa.selenium.support.decorators.WebDriverDecorator.lambda$createProxy$2(WebDriverDecorator.java:321)
net.bytebuddy.renamed.java.lang.Object$ByteBuddy$3q2WQwhS.click(Unknown Source)
com.zebrunner.carina.webdriver.decorator.ExtendedWebElement$3.doClick(ExtendedWebElement.java:1491)
com.zebrunner.carina.webdriver.decorator.ExtendedWebElement.executeAction(ExtendedWebElement.java:1351)
com.zebrunner.carina.webdriver.decorator.ExtendedWebElement.overrideAction(ExtendedWebElement.java:1485)
com.zebrunner.carina.webdriver.decorator.ExtendedWebElement.doAction(ExtendedWebElement.java:1464)
com.zebrunner.carina.webdriver.decorator.ExtendedWebElement.doAction(ExtendedWebElement.java:1441)
com.zebrunner.carina.webdriver.decorator.ExtendedWebElement.click(ExtendedWebElement.java:743)
com.zebrunner.carina.webdriver.decorator.ExtendedWebElement.click(ExtendedWebElement.java:723)
com.zebrunner.carina.webdriver.decorator.ExtendedWebElement.click(ExtendedWebElement.java:705)
com.solvd.carinatestautomation.web.components.Footer.pressPrivacyPolicyButton(Footer.java:42)
com.solvd.carinatestautomation.web.HomePageTest.openAndVerifyPrivacyPolicyPage(HomePageTest.java:118)
com.solvd.carinatestautomation.web.HomePageTest.verifyPrivacyPolicyButtonTest(HomePageTest.java:61)
java.base/jdk.internal.reflect.NativeMethodAccessorImpl.invoke0(Native Method)
java.base/jdk.internal.reflect.NativeMethodAccessorImpl.invoke(NativeMethodAccessorImpl.java:62)
java.base/jdk.internal.reflect.DelegatingMethodAccessorImpl.invoke(DelegatingMethodAccessorImpl.java:43)
java.base/java.lang.reflect.Method.invoke(Method.java:566)
org.testng.internal.invokers.MethodInvocationHelper.invokeMethod(MethodInvocationHelper.java:139)
org.testng.internal.invokers.TestInvoker.invokeMethod(TestInvoker.java:664)
org.testng.internal.invokers.TestInvoker.invokeTestMethod(TestInvoker.java:228)
org.testng.internal.invokers.MethodRunner.runInSequence(MethodRunner.java:63)
org.testng.internal.invokers.TestInvoker$MethodInvocationAgent.invoke(TestInvoker.java:961)
org.testng.internal.invokers.TestInvoker.invokeTestMethods(TestInvoker.java:201)
org.testng.internal.invokers.TestMethodWorker.invokeTestMethods(TestMethodWorker.java:148)
org.testng.internal.invokers.TestMethodWorker.run(TestMethodWorker.java:128)
java.base/java.util.ArrayList.forEach(ArrayList.java:1541)
org.testng.TestRunner.privateRun(TestRunner.java:819)
org.testng.TestRunner.run(TestRunner.java:619)
org.testng.SuiteRunner.runTest(SuiteRunner.java:443)
org.testng.SuiteRunner.runSequentially(SuiteRunner.java:437)
org.testng.SuiteRunner.privateRun(SuiteRunner.java:397)
org.testng.SuiteRunner.run(SuiteRunner.java:336)
org.testng.SuiteRunnerWorker.runSuite(SuiteRunnerWorker.java:52)
org.testng.SuiteRunnerWorker.run(SuiteRunnerWorker.java:95)
org.testng.TestNG.runSuitesSequentially(TestNG.java:1301)
org.testng.TestNG.runSuitesLocally(TestNG.java:1228)
org.testng.TestNG.runSuites(TestNG.java:1134)
org.testng.TestNG.run(TestNG.java:1101)
org.apache.maven.surefire.testng.TestNGExecutor.run(TestNGExecutor.java:155)
org.apache.maven.surefire.testng.TestNGDirectoryTestSuite.executeSingleClass(TestNGDirectoryTestSuite.java:102)
org.apache.maven.surefire.testng.TestNGDirectoryTestSuite.execute(TestNGDirectoryTestSuite.java:91)
org.apache.maven.surefire.testng.TestNGProvider.invoke(TestNGProvider.java:137)
org.apache.maven.surefire.booter.ForkedBooter.runSuitesInProcess(ForkedBooter.java:385)
org.apache.maven.surefire.booter.ForkedBooter.execute(ForkedBooter.java:162)
org.apache.maven.surefire.booter.ForkedBooter.run(ForkedBooter.java:507)
org.apache.maven.surefire.booter.ForkedBooter.main(ForkedBooter.java:495)
]]></system-out>
  </testcase>
  <testcase name="verifyRotatingButtonTest" classname="com.solvd.carinatestautomation.web.HomePageTest" time="7.502">
    <system-out><![CDATA[2024-02-09 03:12:42 TestRunRegistrar [main-1] [WARN] Reporting disabled: using no op test run registrar
2024-02-09 03:12:42 Messager [main-1] [INFO] TEST [Surefire test - verifyRotatingButtonTest] STARTED at [03:12:42 2024-02-09]
2024-02-09 03:12:42 DriverFactory [main-1] [INFO] Starting driver session...
2024-02-09 03:12:43 DriverFactory [main-1] [INFO] Driver session started.
2024-02-09 03:12:43 Messager [main-1] [INFO] INFO: opening url 'https://www.warframe.com/landing'
2024-02-09 03:12:45 DriverListener [main-1] [INFO] Element 'continueToHomeButton' is clicked.
2024-02-09 03:12:45 Messager [main-1] [INFO] INFO: opening url 'https://www.warframe.com'
2024-02-09 03:12:49 DriverListener [main-1] [INFO] Element 'rotatingButton' is clicked.
2024-02-09 03:12:49 Messager [main-1] [INFO] INFO: opening url 'https://www.warframe.com/whispers-in-the-walls'
2024-02-09 03:12:50 Messager [main-1] [INFO] TEST [Surefire test - verifyRotatingButtonTest] PASSED at [03:12:50 2024-02-09]
]]></system-out>
  </testcase>
  <testcase name="verifyTermsOfUseButtonTest" classname="com.solvd.carinatestautomation.web.HomePageTest" time="6.717">
    <failure message="element click intercepted: Element &lt;a class=&quot;FooterNavigationLink&quot; id=&quot;lnkFooterTOU&quot; href=&quot;https://www.warframe.com/terms&quot;&gt;...&lt;/a&gt; is not clickable at point (1150, 907). Other element would receive the click: &lt;a class=&quot;HomeNewsTile&quot; href=&quot;https://www.warframe.com/news/devstream-176-overview&quot; style=&quot;background-image: url(https://www-static.warframe.com/uploads/thumbnails/77c79f9a620e4478a5c056dcc46f902_1280x720.png);&quot;&gt;...&lt;/a&gt;&#10;  (Session info: chrome=121.0.6167.141)&#10;Build info: version: &apos;4.13.0&apos;, revision: &apos;ba948ece5b*&apos;&#10;System info: os.name: &apos;Windows 10&apos;, os.arch: &apos;amd64&apos;, os.version: &apos;10.0&apos;, java.version: &apos;11.0.19&apos;&#10;Driver info: org.openqa.selenium.remote.RemoteWebDriver&#10;Command: [db6bc2d64f25d181d17d3a9ed9fc4925, clickElement {id=1C6C88DFF9C12B05D7EBCC0AB92AB593_element_119}]&#10;Capabilities {acceptInsecureCerts: true, browserName: chrome, browserVersion: 121.0.6167.141, chrome: {chromedriverVersion: 121.0.6167.85 (3f98d690ad7e..., userDataDir: C:\Users\lawte\AppData\Loca...}, fedcm:accounts: true, goog:chromeOptions: {debuggerAddress: localhost:60275}, networkConnectionEnabled: false, pageLoadStrategy: normal, platformName: Windows 10, proxy: Proxy(), se:bidiEnabled: false, se:cdp: ws://192.168.56.1:4444/sess..., se:cdpVersion: 121.0.6167.141, setWindowRect: true, strictFileInteractability: false, timeouts: {implicit: 0, pageLoad: 300000, script: 30000}, unhandledPromptBehavior: dismiss and notify, webauthn:extension:credBlob: true, webauthn:extension:largeBlob: true, webauthn:extension:minPinLength: true, webauthn:extension:prf: true, webauthn:virtualAuthenticators: true}&#10;Element: [[[[RemoteWebDriver: chrome on Windows 10 (db6bc2d64f25d181d17d3a9ed9fc4925)] -&gt; id: footer]] -&gt; xpath: /html/body/div[2]/div[1]/div/div[2]/div/a[3]]&#10;Session ID: db6bc2d64f25d181d17d3a9ed9fc4925" type="org.openqa.selenium.ElementClickInterceptedException"><![CDATA[org.openqa.selenium.ElementClickInterceptedException: 
element click intercepted: Element <a class="FooterNavigationLink" id="lnkFooterTOU" href="https://www.warframe.com/terms">...</a> is not clickable at point (1150, 907). Other element would receive the click: <a class="HomeNewsTile" href="https://www.warframe.com/news/devstream-176-overview" style="background-image: url(https://www-static.warframe.com/uploads/thumbnails/77c79f9a620e4478a5c056dcc46f902_1280x720.png);">...</a>
  (Session info: chrome=121.0.6167.141)
Build info: version: '4.13.0', revision: 'ba948ece5b*'
System info: os.name: 'Windows 10', os.arch: 'amd64', os.version: '10.0', java.version: '11.0.19'
Driver info: org.openqa.selenium.remote.RemoteWebDriver
Command: [db6bc2d64f25d181d17d3a9ed9fc4925, clickElement {id=1C6C88DFF9C12B05D7EBCC0AB92AB593_element_119}]
Capabilities {acceptInsecureCerts: true, browserName: chrome, browserVersion: 121.0.6167.141, chrome: {chromedriverVersion: 121.0.6167.85 (3f98d690ad7e..., userDataDir: C:\Users\lawte\AppData\Loca...}, fedcm:accounts: true, goog:chromeOptions: {debuggerAddress: localhost:60275}, networkConnectionEnabled: false, pageLoadStrategy: normal, platformName: Windows 10, proxy: Proxy(), se:bidiEnabled: false, se:cdp: ws://192.168.56.1:4444/sess..., se:cdpVersion: 121.0.6167.141, setWindowRect: true, strictFileInteractability: false, timeouts: {implicit: 0, pageLoad: 300000, script: 30000}, unhandledPromptBehavior: dismiss and notify, webauthn:extension:credBlob: true, webauthn:extension:largeBlob: true, webauthn:extension:minPinLength: true, webauthn:extension:prf: true, webauthn:virtualAuthenticators: true}
Element: [[[[RemoteWebDriver: chrome on Windows 10 (db6bc2d64f25d181d17d3a9ed9fc4925)] -> id: footer]] -> xpath: /html/body/div[2]/div[1]/div/div[2]/div/a[3]]
Session ID: db6bc2d64f25d181d17d3a9ed9fc4925
	at java.base/jdk.internal.reflect.NativeConstructorAccessorImpl.newInstance0(Native Method)
	at java.base/jdk.internal.reflect.NativeConstructorAccessorImpl.newInstance(NativeConstructorAccessorImpl.java:62)
	at java.base/jdk.internal.reflect.DelegatingConstructorAccessorImpl.newInstance(DelegatingConstructorAccessorImpl.java:45)
	at java.base/java.lang.reflect.Constructor.newInstance(Constructor.java:490)
	at org.openqa.selenium.remote.codec.w3c.W3CHttpResponseCodec.createException(W3CHttpResponseCodec.java:200)
	at org.openqa.selenium.remote.codec.w3c.W3CHttpResponseCodec.decode(W3CHttpResponseCodec.java:133)
	at org.openqa.selenium.remote.codec.w3c.W3CHttpResponseCodec.decode(W3CHttpResponseCodec.java:52)
	at org.openqa.selenium.remote.HttpCommandExecutor.execute(HttpCommandExecutor.java:191)
	at com.zebrunner.carina.webdriver.listener.EventFiringSeleniumCommandExecutor.execute(EventFiringSeleniumCommandExecutor.java:52)
	at org.openqa.selenium.remote.RemoteWebDriver.execute(RemoteWebDriver.java:602)
	at org.openqa.selenium.remote.RemoteWebElement.execute(RemoteWebElement.java:224)
	at org.openqa.selenium.remote.RemoteWebElement.click(RemoteWebElement.java:77)
	at java.base/jdk.internal.reflect.NativeMethodAccessorImpl.invoke0(Native Method)
	at java.base/jdk.internal.reflect.NativeMethodAccessorImpl.invoke(NativeMethodAccessorImpl.java:62)
	at java.base/jdk.internal.reflect.DelegatingMethodAccessorImpl.invoke(DelegatingMethodAccessorImpl.java:43)
	at java.base/java.lang.reflect.Method.invoke(Method.java:566)
	at org.openqa.selenium.support.decorators.WebDriverDecorator.call(WebDriverDecorator.java:249)
	at org.openqa.selenium.support.decorators.DefaultDecorated.call(DefaultDecorated.java:48)
	at org.openqa.selenium.support.decorators.WebDriverDecorator.lambda$createProxy$2(WebDriverDecorator.java:321)
	at net.bytebuddy.renamed.java.lang.Object$ByteBuddy$7S9vLLrg.click(Unknown Source)
	at com.zebrunner.carina.webdriver.decorator.ExtendedWebElement$3.doClick(ExtendedWebElement.java:1491)
	at com.zebrunner.carina.webdriver.decorator.ExtendedWebElement.executeAction(ExtendedWebElement.java:1351)
	at com.zebrunner.carina.webdriver.decorator.ExtendedWebElement.overrideAction(ExtendedWebElement.java:1485)
	at com.zebrunner.carina.webdriver.decorator.ExtendedWebElement.doAction(ExtendedWebElement.java:1464)
	at com.zebrunner.carina.webdriver.decorator.ExtendedWebElement.doAction(ExtendedWebElement.java:1441)
	at com.zebrunner.carina.webdriver.decorator.ExtendedWebElement.click(ExtendedWebElement.java:743)
	at com.zebrunner.carina.webdriver.decorator.ExtendedWebElement.click(ExtendedWebElement.java:723)
	at com.zebrunner.carina.webdriver.decorator.ExtendedWebElement.click(ExtendedWebElement.java:705)
	at com.solvd.carinatestautomation.web.components.Footer.pressTermsOfUseButton(Footer.java:37)
	at com.solvd.carinatestautomation.web.HomePageTest.openAndVerifyTermsOfUsePage(HomePageTest.java:111)
	at com.solvd.carinatestautomation.web.HomePageTest.verifyTermsOfUseButtonTest(HomePageTest.java:54)
	at java.base/jdk.internal.reflect.NativeMethodAccessorImpl.invoke0(Native Method)
	at java.base/jdk.internal.reflect.NativeMethodAccessorImpl.invoke(NativeMethodAccessorImpl.java:62)
	at java.base/jdk.internal.reflect.DelegatingMethodAccessorImpl.invoke(DelegatingMethodAccessorImpl.java:43)
	at java.base/java.lang.reflect.Method.invoke(Method.java:566)
	at org.testng.internal.invokers.MethodInvocationHelper.invokeMethod(MethodInvocationHelper.java:139)
	at org.testng.internal.invokers.TestInvoker.invokeMethod(TestInvoker.java:664)
	at org.testng.internal.invokers.TestInvoker.invokeTestMethod(TestInvoker.java:228)
	at org.testng.internal.invokers.MethodRunner.runInSequence(MethodRunner.java:63)
	at org.testng.internal.invokers.TestInvoker$MethodInvocationAgent.invoke(TestInvoker.java:961)
	at org.testng.internal.invokers.TestInvoker.invokeTestMethods(TestInvoker.java:201)
	at org.testng.internal.invokers.TestMethodWorker.invokeTestMethods(TestMethodWorker.java:148)
	at org.testng.internal.invokers.TestMethodWorker.run(TestMethodWorker.java:128)
	at java.base/java.util.ArrayList.forEach(ArrayList.java:1541)
	at org.testng.TestRunner.privateRun(TestRunner.java:819)
	at org.testng.TestRunner.run(TestRunner.java:619)
	at org.testng.SuiteRunner.runTest(SuiteRunner.java:443)
	at org.testng.SuiteRunner.runSequentially(SuiteRunner.java:437)
	at org.testng.SuiteRunner.privateRun(SuiteRunner.java:397)
	at org.testng.SuiteRunner.run(SuiteRunner.java:336)
	at org.testng.SuiteRunnerWorker.runSuite(SuiteRunnerWorker.java:52)
	at org.testng.SuiteRunnerWorker.run(SuiteRunnerWorker.java:95)
	at org.testng.TestNG.runSuitesSequentially(TestNG.java:1301)
	at org.testng.TestNG.runSuitesLocally(TestNG.java:1228)
	at org.testng.TestNG.runSuites(TestNG.java:1134)
	at org.testng.TestNG.run(TestNG.java:1101)
	at org.apache.maven.surefire.testng.TestNGExecutor.run(TestNGExecutor.java:155)
	at org.apache.maven.surefire.testng.TestNGDirectoryTestSuite.executeSingleClass(TestNGDirectoryTestSuite.java:102)
	at org.apache.maven.surefire.testng.TestNGDirectoryTestSuite.execute(TestNGDirectoryTestSuite.java:91)
	at org.apache.maven.surefire.testng.TestNGProvider.invoke(TestNGProvider.java:137)
	at org.apache.maven.surefire.booter.ForkedBooter.runSuitesInProcess(ForkedBooter.java:385)
	at org.apache.maven.surefire.booter.ForkedBooter.execute(ForkedBooter.java:162)
	at org.apache.maven.surefire.booter.ForkedBooter.run(ForkedBooter.java:507)
	at org.apache.maven.surefire.booter.ForkedBooter.main(ForkedBooter.java:495)
]]></failure>
    <system-out><![CDATA[2024-02-09 03:12:50 TestRunRegistrar [main-1] [WARN] Reporting disabled: using no op test run registrar
2024-02-09 03:12:50 Messager [main-1] [INFO] TEST [Surefire test - verifyTermsOfUseButtonTest] STARTED at [03:12:50 2024-02-09]
2024-02-09 03:12:50 DriverFactory [main-1] [INFO] Starting driver session...
2024-02-09 03:12:51 DriverFactory [main-1] [INFO] Driver session started.
2024-02-09 03:12:51 Messager [main-1] [INFO] INFO: opening url 'https://www.warframe.com/landing'
2024-02-09 03:12:53 DriverListener [main-1] [INFO] Element 'continueToHomeButton' is clicked.
2024-02-09 03:12:53 Messager [main-1] [INFO] INFO: opening url 'https://www.warframe.com'
2024-02-09 03:12:57 Messager [main-1] [ERROR] TEST [Surefire test - verifyTermsOfUseButtonTest] FAILED at [03:12:57 2024-02-09] - element click intercepted: Element <a class="FooterNavigationLink" id="lnkFooterTOU" href="https://www.warframe.com/terms">...</a> is not clickable at point (1150, 907). Other element would receive the click: <a class="HomeNewsTile" href="https://www.warframe.com/news/devstream-176-overview" style="background-image: url(https://www-static.warframe.com/uploads/thumbnails/77c79f9a620e4478a5c056dcc46f902_1280x720.png);">...</a>
  (Session info: chrome=121.0.6167.141)
Build info: version: '4.13.0', revision: 'ba948ece5b*'
System info: os.name: 'Windows 10', os.arch: 'amd64', os.version: '10.0', java.version: '11.0.19'
Driver info: org.openqa.selenium.remote.RemoteWebDriver
Command: [db6bc2d64f25d181d17d3a9ed9fc4925, clickElement {id=1C6C88DFF9C12B05D7EBCC0AB92AB593_element_119}]
Capabilities {acceptInsecureCerts: true, browserName: chrome, browserVersion: 121.0.6167.141, chrome: {chromedriverVersion: 121.0.6167.85 (3f98d690ad7e..., userDataDir: C:\Users\lawte\AppData\Loca...}, fedcm:accounts: true, goog:chromeOptions: {debuggerAddress: localhost:60275}, networkConnectionEnabled: false, pageLoadStrategy: normal, platformName: Windows 10, proxy: Proxy(), se:bidiEnabled: false, se:cdp: ws://192.168.56.1:4444/sess..., se:cdpVersion: 121.0.6167.141, setWindowRect: true, strictFileInteractability: false, timeouts: {implicit: 0, pageLoad: 300000, script: 30000}, unhandledPromptBehavior: dismiss and notify, webauthn:extension:credBlob: true, webauthn:extension:largeBlob: true, webauthn:extension:minPinLength: true, webauthn:extension:prf: true, webauthn:virtualAuthenticators: true}
Element: [[[[RemoteWebDriver: chrome on Windows 10 (db6bc2d64f25d181d17d3a9ed9fc4925)] -> id: footer]] -> xpath: /html/body/div[2]/div[1]/div/div[2]/div/a[3]]
Session ID: db6bc2d64f25d181d17d3a9ed9fc4925

java.base/jdk.internal.reflect.NativeConstructorAccessorImpl.newInstance0(Native Method)
java.base/jdk.internal.reflect.NativeConstructorAccessorImpl.newInstance(NativeConstructorAccessorImpl.java:62)
java.base/jdk.internal.reflect.DelegatingConstructorAccessorImpl.newInstance(DelegatingConstructorAccessorImpl.java:45)
java.base/java.lang.reflect.Constructor.newInstance(Constructor.java:490)
org.openqa.selenium.remote.codec.w3c.W3CHttpResponseCodec.createException(W3CHttpResponseCodec.java:200)
org.openqa.selenium.remote.codec.w3c.W3CHttpResponseCodec.decode(W3CHttpResponseCodec.java:133)
org.openqa.selenium.remote.codec.w3c.W3CHttpResponseCodec.decode(W3CHttpResponseCodec.java:52)
org.openqa.selenium.remote.HttpCommandExecutor.execute(HttpCommandExecutor.java:191)
com.zebrunner.carina.webdriver.listener.EventFiringSeleniumCommandExecutor.execute(EventFiringSeleniumCommandExecutor.java:52)
org.openqa.selenium.remote.RemoteWebDriver.execute(RemoteWebDriver.java:602)
org.openqa.selenium.remote.RemoteWebElement.execute(RemoteWebElement.java:224)
org.openqa.selenium.remote.RemoteWebElement.click(RemoteWebElement.java:77)
java.base/jdk.internal.reflect.NativeMethodAccessorImpl.invoke0(Native Method)
java.base/jdk.internal.reflect.NativeMethodAccessorImpl.invoke(NativeMethodAccessorImpl.java:62)
java.base/jdk.internal.reflect.DelegatingMethodAccessorImpl.invoke(DelegatingMethodAccessorImpl.java:43)
java.base/java.lang.reflect.Method.invoke(Method.java:566)
org.openqa.selenium.support.decorators.WebDriverDecorator.call(WebDriverDecorator.java:249)
org.openqa.selenium.support.decorators.DefaultDecorated.call(DefaultDecorated.java:48)
org.openqa.selenium.support.decorators.WebDriverDecorator.lambda$createProxy$2(WebDriverDecorator.java:321)
net.bytebuddy.renamed.java.lang.Object$ByteBuddy$7S9vLLrg.click(Unknown Source)
com.zebrunner.carina.webdriver.decorator.ExtendedWebElement$3.doClick(ExtendedWebElement.java:1491)
com.zebrunner.carina.webdriver.decorator.ExtendedWebElement.executeAction(ExtendedWebElement.java:1351)
com.zebrunner.carina.webdriver.decorator.ExtendedWebElement.overrideAction(ExtendedWebElement.java:1485)
com.zebrunner.carina.webdriver.decorator.ExtendedWebElement.doAction(ExtendedWebElement.java:1464)
com.zebrunner.carina.webdriver.decorator.ExtendedWebElement.doAction(ExtendedWebElement.java:1441)
com.zebrunner.carina.webdriver.decorator.ExtendedWebElement.click(ExtendedWebElement.java:743)
com.zebrunner.carina.webdriver.decorator.ExtendedWebElement.click(ExtendedWebElement.java:723)
com.zebrunner.carina.webdriver.decorator.ExtendedWebElement.click(ExtendedWebElement.java:705)
com.solvd.carinatestautomation.web.components.Footer.pressTermsOfUseButton(Footer.java:37)
com.solvd.carinatestautomation.web.HomePageTest.openAndVerifyTermsOfUsePage(HomePageTest.java:111)
com.solvd.carinatestautomation.web.HomePageTest.verifyTermsOfUseButtonTest(HomePageTest.java:54)
java.base/jdk.internal.reflect.NativeMethodAccessorImpl.invoke0(Native Method)
java.base/jdk.internal.reflect.NativeMethodAccessorImpl.invoke(NativeMethodAccessorImpl.java:62)
java.base/jdk.internal.reflect.DelegatingMethodAccessorImpl.invoke(DelegatingMethodAccessorImpl.java:43)
java.base/java.lang.reflect.Method.invoke(Method.java:566)
org.testng.internal.invokers.MethodInvocationHelper.invokeMethod(MethodInvocationHelper.java:139)
org.testng.internal.invokers.TestInvoker.invokeMethod(TestInvoker.java:664)
org.testng.internal.invokers.TestInvoker.invokeTestMethod(TestInvoker.java:228)
org.testng.internal.invokers.MethodRunner.runInSequence(MethodRunner.java:63)
org.testng.internal.invokers.TestInvoker$MethodInvocationAgent.invoke(TestInvoker.java:961)
org.testng.internal.invokers.TestInvoker.invokeTestMethods(TestInvoker.java:201)
org.testng.internal.invokers.TestMethodWorker.invokeTestMethods(TestMethodWorker.java:148)
org.testng.internal.invokers.TestMethodWorker.run(TestMethodWorker.java:128)
java.base/java.util.ArrayList.forEach(ArrayList.java:1541)
org.testng.TestRunner.privateRun(TestRunner.java:819)
org.testng.TestRunner.run(TestRunner.java:619)
org.testng.SuiteRunner.runTest(SuiteRunner.java:443)
org.testng.SuiteRunner.runSequentially(SuiteRunner.java:437)
org.testng.SuiteRunner.privateRun(SuiteRunner.java:397)
org.testng.SuiteRunner.run(SuiteRunner.java:336)
org.testng.SuiteRunnerWorker.runSuite(SuiteRunnerWorker.java:52)
org.testng.SuiteRunnerWorker.run(SuiteRunnerWorker.java:95)
org.testng.TestNG.runSuitesSequentially(TestNG.java:1301)
org.testng.TestNG.runSuitesLocally(TestNG.java:1228)
org.testng.TestNG.runSuites(TestNG.java:1134)
org.testng.TestNG.run(TestNG.java:1101)
org.apache.maven.surefire.testng.TestNGExecutor.run(TestNGExecutor.java:155)
org.apache.maven.surefire.testng.TestNGDirectoryTestSuite.executeSingleClass(TestNGDirectoryTestSuite.java:102)
org.apache.maven.surefire.testng.TestNGDirectoryTestSuite.execute(TestNGDirectoryTestSuite.java:91)
org.apache.maven.surefire.testng.TestNGProvider.invoke(TestNGProvider.java:137)
org.apache.maven.surefire.booter.ForkedBooter.runSuitesInProcess(ForkedBooter.java:385)
org.apache.maven.surefire.booter.ForkedBooter.execute(ForkedBooter.java:162)
org.apache.maven.surefire.booter.ForkedBooter.run(ForkedBooter.java:507)
org.apache.maven.surefire.booter.ForkedBooter.main(ForkedBooter.java:495)
]]></system-out>
  </testcase>
  <testcase name="verifyVideosButtonTest" classname="com.solvd.carinatestautomation.web.HomePageTest" time="5.635">
    <failure message="Getting the value of parameter &apos;url&apos; as required failed: the value is missing." type="com.zebrunner.carina.utils.exception.InvalidConfigurationException"><![CDATA[com.zebrunner.carina.utils.exception.InvalidConfigurationException: Getting the value of parameter 'url' as required failed: the value is missing.
	at com.zebrunner.carina.utils.config.Configuration.lambda$getRequired$0(Configuration.java:163)
	at java.base/java.util.Optional.orElseThrow(Optional.java:408)
	at com.zebrunner.carina.utils.config.Configuration.getRequired(Configuration.java:162)
	at com.zebrunner.carina.utils.config.Configuration.getRequired(Configuration.java:157)
	at com.zebrunner.carina.webdriver.DriverHelper.getEnvArgURL(DriverHelper.java:385)
	at com.zebrunner.carina.webdriver.DriverHelper.openURL(DriverHelper.java:119)
	at com.zebrunner.carina.webdriver.DriverHelper.openURL(DriverHelper.java:109)
	at com.zebrunner.carina.webdriver.DriverHelper.open(DriverHelper.java:100)
	at com.solvd.carinatestautomation.web.HomePageTest.openAndVerifyPlayWarframeYouTubePage(HomePageTest.java:98)
	at com.solvd.carinatestautomation.web.HomePageTest.verifyVideosButtonTest(HomePageTest.java:40)
	at java.base/jdk.internal.reflect.NativeMethodAccessorImpl.invoke0(Native Method)
	at java.base/jdk.internal.reflect.NativeMethodAccessorImpl.invoke(NativeMethodAccessorImpl.java:62)
	at java.base/jdk.internal.reflect.DelegatingMethodAccessorImpl.invoke(DelegatingMethodAccessorImpl.java:43)
	at java.base/java.lang.reflect.Method.invoke(Method.java:566)
	at org.testng.internal.invokers.MethodInvocationHelper.invokeMethod(MethodInvocationHelper.java:139)
	at org.testng.internal.invokers.TestInvoker.invokeMethod(TestInvoker.java:664)
	at org.testng.internal.invokers.TestInvoker.invokeTestMethod(TestInvoker.java:228)
	at org.testng.internal.invokers.MethodRunner.runInSequence(MethodRunner.java:63)
	at org.testng.internal.invokers.TestInvoker$MethodInvocationAgent.invoke(TestInvoker.java:961)
	at org.testng.internal.invokers.TestInvoker.invokeTestMethods(TestInvoker.java:201)
	at org.testng.internal.invokers.TestMethodWorker.invokeTestMethods(TestMethodWorker.java:148)
	at org.testng.internal.invokers.TestMethodWorker.run(TestMethodWorker.java:128)
	at java.base/java.util.ArrayList.forEach(ArrayList.java:1541)
	at org.testng.TestRunner.privateRun(TestRunner.java:819)
	at org.testng.TestRunner.run(TestRunner.java:619)
	at org.testng.SuiteRunner.runTest(SuiteRunner.java:443)
	at org.testng.SuiteRunner.runSequentially(SuiteRunner.java:437)
	at org.testng.SuiteRunner.privateRun(SuiteRunner.java:397)
	at org.testng.SuiteRunner.run(SuiteRunner.java:336)
	at org.testng.SuiteRunnerWorker.runSuite(SuiteRunnerWorker.java:52)
	at org.testng.SuiteRunnerWorker.run(SuiteRunnerWorker.java:95)
	at org.testng.TestNG.runSuitesSequentially(TestNG.java:1301)
	at org.testng.TestNG.runSuitesLocally(TestNG.java:1228)
	at org.testng.TestNG.runSuites(TestNG.java:1134)
	at org.testng.TestNG.run(TestNG.java:1101)
	at org.apache.maven.surefire.testng.TestNGExecutor.run(TestNGExecutor.java:155)
	at org.apache.maven.surefire.testng.TestNGDirectoryTestSuite.executeSingleClass(TestNGDirectoryTestSuite.java:102)
	at org.apache.maven.surefire.testng.TestNGDirectoryTestSuite.execute(TestNGDirectoryTestSuite.java:91)
	at org.apache.maven.surefire.testng.TestNGProvider.invoke(TestNGProvider.java:137)
	at org.apache.maven.surefire.booter.ForkedBooter.runSuitesInProcess(ForkedBooter.java:385)
	at org.apache.maven.surefire.booter.ForkedBooter.execute(ForkedBooter.java:162)
	at org.apache.maven.surefire.booter.ForkedBooter.run(ForkedBooter.java:507)
	at org.apache.maven.surefire.booter.ForkedBooter.main(ForkedBooter.java:495)
]]></failure>
    <system-out><![CDATA[2024-02-09 03:12:57 TestRunRegistrar [main-1] [WARN] Reporting disabled: using no op test run registrar
2024-02-09 03:12:57 Messager [main-1] [INFO] TEST [Surefire test - verifyVideosButtonTest] STARTED at [03:12:57 2024-02-09]
2024-02-09 03:12:57 DriverFactory [main-1] [INFO] Starting driver session...
2024-02-09 03:12:58 DriverFactory [main-1] [INFO] Driver session started.
2024-02-09 03:12:58 Messager [main-1] [INFO] INFO: opening url 'https://www.warframe.com/landing'
2024-02-09 03:13:00 DriverListener [main-1] [INFO] Element 'continueToHomeButton' is clicked.
2024-02-09 03:13:00 Messager [main-1] [INFO] INFO: opening url 'https://www.warframe.com'
2024-02-09 03:13:01 DriverListener [main-1] [INFO] Element 'videosButton' is clicked.
2024-02-09 03:13:02 Messager [main-1] [ERROR] TEST [Surefire test - verifyVideosButtonTest] FAILED at [03:13:02 2024-02-09] - Getting the value of parameter 'url' as required failed: the value is missing.

com.zebrunner.carina.utils.config.Configuration.lambda$getRequired$0(Configuration.java:163)
java.base/java.util.Optional.orElseThrow(Optional.java:408)
com.zebrunner.carina.utils.config.Configuration.getRequired(Configuration.java:162)
com.zebrunner.carina.utils.config.Configuration.getRequired(Configuration.java:157)
com.zebrunner.carina.webdriver.DriverHelper.getEnvArgURL(DriverHelper.java:385)
com.zebrunner.carina.webdriver.DriverHelper.openURL(DriverHelper.java:119)
com.zebrunner.carina.webdriver.DriverHelper.openURL(DriverHelper.java:109)
com.zebrunner.carina.webdriver.DriverHelper.open(DriverHelper.java:100)
com.solvd.carinatestautomation.web.HomePageTest.openAndVerifyPlayWarframeYouTubePage(HomePageTest.java:98)
com.solvd.carinatestautomation.web.HomePageTest.verifyVideosButtonTest(HomePageTest.java:40)
java.base/jdk.internal.reflect.NativeMethodAccessorImpl.invoke0(Native Method)
java.base/jdk.internal.reflect.NativeMethodAccessorImpl.invoke(NativeMethodAccessorImpl.java:62)
java.base/jdk.internal.reflect.DelegatingMethodAccessorImpl.invoke(DelegatingMethodAccessorImpl.java:43)
java.base/java.lang.reflect.Method.invoke(Method.java:566)
org.testng.internal.invokers.MethodInvocationHelper.invokeMethod(MethodInvocationHelper.java:139)
org.testng.internal.invokers.TestInvoker.invokeMethod(TestInvoker.java:664)
org.testng.internal.invokers.TestInvoker.invokeTestMethod(TestInvoker.java:228)
org.testng.internal.invokers.MethodRunner.runInSequence(MethodRunner.java:63)
org.testng.internal.invokers.TestInvoker$MethodInvocationAgent.invoke(TestInvoker.java:961)
org.testng.internal.invokers.TestInvoker.invokeTestMethods(TestInvoker.java:201)
org.testng.internal.invokers.TestMethodWorker.invokeTestMethods(TestMethodWorker.java:148)
org.testng.internal.invokers.TestMethodWorker.run(TestMethodWorker.java:128)
java.base/java.util.ArrayList.forEach(ArrayList.java:1541)
org.testng.TestRunner.privateRun(TestRunner.java:819)
org.testng.TestRunner.run(TestRunner.java:619)
org.testng.SuiteRunner.runTest(SuiteRunner.java:443)
org.testng.SuiteRunner.runSequentially(SuiteRunner.java:437)
org.testng.SuiteRunner.privateRun(SuiteRunner.java:397)
org.testng.SuiteRunner.run(SuiteRunner.java:336)
org.testng.SuiteRunnerWorker.runSuite(SuiteRunnerWorker.java:52)
org.testng.SuiteRunnerWorker.run(SuiteRunnerWorker.java:95)
org.testng.TestNG.runSuitesSequentially(TestNG.java:1301)
org.testng.TestNG.runSuitesLocally(TestNG.java:1228)
org.testng.TestNG.runSuites(TestNG.java:1134)
org.testng.TestNG.run(TestNG.java:1101)
org.apache.maven.surefire.testng.TestNGExecutor.run(TestNGExecutor.java:155)
org.apache.maven.surefire.testng.TestNGDirectoryTestSuite.executeSingleClass(TestNGDirectoryTestSuite.java:102)
org.apache.maven.surefire.testng.TestNGDirectoryTestSuite.execute(TestNGDirectoryTestSuite.java:91)
org.apache.maven.surefire.testng.TestNGProvider.invoke(TestNGProvider.java:137)
org.apache.maven.surefire.booter.ForkedBooter.runSuitesInProcess(ForkedBooter.java:385)
org.apache.maven.surefire.booter.ForkedBooter.execute(ForkedBooter.java:162)
org.apache.maven.surefire.booter.ForkedBooter.run(ForkedBooter.java:507)
org.apache.maven.surefire.booter.ForkedBooter.main(ForkedBooter.java:495)
]]></system-out>
  </testcase>
</testsuite>